[2022-09-13T17:38:18.969Z] Log level: Info
[2022-09-13T17:38:18.974Z] [info] Validating found git in: git
[2022-09-13T17:38:19.014Z] [info] Using git 2.37.3 from git
[2022-09-13T17:38:19.185Z] > git rev-parse --show-toplevel [151ms]
[2022-09-13T17:38:19.185Z] fatal: not a git repository (or any of the parent directories): .git
[2022-09-13T17:38:19.213Z] > git rev-parse --show-toplevel [9ms]
[2022-09-13T17:38:19.213Z] fatal: not a git repository (or any of the parent directories): .git
[2022-09-13T17:38:19.224Z] > git rev-parse --show-toplevel [2ms]
[2022-09-13T17:38:19.224Z] fatal: not a git repository (or any of the parent directories): .git
[2022-09-13T17:38:19.234Z] > git rev-parse --show-toplevel [2ms]
[2022-09-13T17:38:19.234Z] fatal: not a git repository (or any of the parent directories): .git
[2022-09-13T17:38:19.242Z] > git rev-parse --show-toplevel [1ms]
[2022-09-13T17:38:19.242Z] fatal: not a git repository (or any of the parent directories): .git
[2022-09-13T17:38:19.251Z] > git rev-parse --show-toplevel [2ms]
[2022-09-13T17:38:19.251Z] fatal: not a git repository (or any of the parent directories): .git
[2022-09-13T17:38:19.261Z] > git rev-parse --show-toplevel [2ms]
[2022-09-13T17:38:19.261Z] fatal: not a git repository (or any of the parent directories): .git
[2022-09-13T17:38:19.269Z] > git rev-parse --show-toplevel [1ms]
[2022-09-13T17:38:19.279Z] > git rev-parse --git-dir --git-common-dir [2ms]
[2022-09-13T17:38:19.294Z] [info] Open repository: /home/desker/.dotfiles
[2022-09-13T17:38:19.319Z] > git rev-parse --show-toplevel [2ms]
[2022-09-13T17:38:19.319Z] fatal: not a git repository (or any of the parent directories): .git
[2022-09-13T17:38:19.330Z] > git rev-parse --show-toplevel [2ms]
[2022-09-13T17:38:19.330Z] fatal: not a git repository (or any of the parent directories): .git
[2022-09-13T17:38:19.339Z] > git rev-parse --show-toplevel [2ms]
[2022-09-13T17:38:19.340Z] fatal: not a git repository (or any of the parent directories): .git
[2022-09-13T17:38:19.348Z] > git rev-parse --show-toplevel [2ms]
[2022-09-13T17:38:19.348Z] fatal: not a git repository (or any of the parent directories): .git
[2022-09-13T17:38:19.359Z] > git rev-parse --show-toplevel [4ms]
[2022-09-13T17:38:19.359Z] fatal: not a git repository (or any of the parent directories): .git
[2022-09-13T17:38:19.373Z] > git rev-parse --show-toplevel [3ms]
[2022-09-13T17:38:19.373Z] fatal: not a git repository (or any of the parent directories): .git
[2022-09-13T17:38:19.388Z] > git rev-parse --show-toplevel [5ms]
[2022-09-13T17:38:19.388Z] fatal: not a git repository (or any of the parent directories): .git
[2022-09-13T17:38:19.402Z] > git rev-parse --show-toplevel [3ms]
[2022-09-13T17:38:19.402Z] fatal: not a git repository (or any of the parent directories): .git
[2022-09-13T17:38:19.416Z] > git rev-parse --show-toplevel [3ms]
[2022-09-13T17:38:19.416Z] fatal: not a git repository (or any of the parent directories): .git
[2022-09-13T17:38:19.429Z] > git rev-parse --show-toplevel [3ms]
[2022-09-13T17:38:19.429Z] fatal: not a git repository (or any of the parent directories): .git
[2022-09-13T17:38:19.442Z] > git rev-parse --show-toplevel [3ms]
[2022-09-13T17:38:19.442Z] fatal: not a git repository (or any of the parent directories): .git
[2022-09-13T17:38:19.455Z] > git rev-parse --show-toplevel [2ms]
[2022-09-13T17:38:19.455Z] fatal: not a git repository (or any of the parent directories): .git
[2022-09-13T17:38:19.468Z] > git rev-parse --show-toplevel [2ms]
[2022-09-13T17:38:19.468Z] fatal: not a git repository (or any of the parent directories): .git
[2022-09-13T17:38:20.064Z] > git status -z -uall [756ms]
[2022-09-13T17:38:20.073Z] > git check-ignore -v -z --stdin [44ms]
[2022-09-13T17:38:20.076Z] > git symbolic-ref --short HEAD [4ms]
[2022-09-13T17:38:20.098Z] > git for-each-ref --format=%(refname)%00%(upstream:short)%00%(objectname)%00%(upstream:track)%00%(upstream:remotename)%00%(upstream:remoteref) refs/heads/master refs/remotes/master [15ms]
[2022-09-13T17:38:20.117Z] > git remote --verbose [4ms]
[2022-09-13T17:38:20.118Z] > git for-each-ref --sort -committerdate --format %(refname) %(objectname) %(*objectname) [11ms]
[2022-09-13T17:38:20.141Z] > git config --get commit.template [2ms]
[2022-09-13T17:38:20.629Z] > git status -z -uall [479ms]
[2022-09-13T17:38:20.638Z] > git symbolic-ref --short HEAD [2ms]
[2022-09-13T17:38:20.648Z] > git for-each-ref --format=%(refname)%00%(upstream:short)%00%(objectname)%00%(upstream:track)%00%(upstream:remotename)%00%(upstream:remoteref) refs/heads/master refs/remotes/master [4ms]
[2022-09-13T17:38:20.662Z] > git for-each-ref --sort -committerdate --format %(refname) %(objectname) %(*objectname) [7ms]
[2022-09-13T17:38:20.663Z] > git remote --verbose [2ms]
[2022-09-13T17:38:20.673Z] > git config --get commit.template [1ms]
[2022-09-13T17:38:28.667Z] > git rev-parse --show-toplevel [1ms]
[2022-09-13T17:38:28.667Z] fatal: not a git repository (or any of the parent directories): .git
[2022-09-13T17:39:03.401Z] > git rev-parse --show-toplevel [1ms]
[2022-09-13T17:39:03.401Z] fatal: not a git repository (or any of the parent directories): .git
[2022-09-13T17:39:03.970Z] > git check-ignore -v -z --stdin [54ms]
[2022-09-13T17:39:19.412Z] > git rev-parse --show-toplevel [13ms]
[2022-09-13T17:39:19.412Z] fatal: not a git repository (or any of the parent directories): .git
[2022-09-13T17:39:32.263Z] > git rev-parse --show-toplevel [4ms]
[2022-09-13T17:39:32.263Z] fatal: not a git repository (or any of the parent directories): .git
