[2022-02-24 01:07:23.185] [sharedprocess] [info] Starting worker process with pid 1733458 (type: fileWatcher, window: 1).
[2022-02-24 01:07:23.395] [sharedprocess] [info] Deleted from disk enkia.tokyo-night /home/d3sk3r/.vscode-oss/extensions/enkia.tokyo-night-0.7.9
[2022-02-24 01:07:24.026] [sharedprocess] [info] Deleted from disk auchenberg.vscode-browser-preview /home/d3sk3r/.vscode-oss/extensions/auchenberg.vscode-browser-preview-0.7.1
[2022-02-24 01:07:24.225] [sharedprocess] [info] Deleted from disk ms-python.python /home/d3sk3r/.vscode-oss/extensions/ms-python.python-2021.8.1159798656
[2022-02-24 01:07:25.992] [sharedprocess] [info] Getting Manifest... ms-python.python
[2022-02-24 01:07:26.000] [sharedprocess] [info] Getting Manifest... ritwickdey.liveserver
[2022-02-24 01:07:26.720] [sharedprocess] [info] Installing extension: ms-python.python
[2022-02-24 01:07:26.791] [sharedprocess] [info] Installing extension: ritwickdey.liveserver
[2022-02-24 01:07:28.469] [sharedprocess] [info] Downloaded extension: ritwickdey.liveserver /home/d3sk3r/.config/Code - OSS/CachedExtensionVSIXs/ritwickdey.liveserver-5.7.4
[2022-02-24 01:07:29.231] [sharedprocess] [info] Downloaded extension: ms-python.python /home/d3sk3r/.config/Code - OSS/CachedExtensionVSIXs/ms-python.python-2022.0.1814523869
[2022-02-24 01:07:30.689] [sharedprocess] [info] Extracted extension to /home/d3sk3r/.vscode-oss/extensions/.dbeeebac-320b-4901-8755-be25c48e8ab8: ritwickdey.liveserver
[2022-02-24 01:07:30.736] [sharedprocess] [info] Renamed to /home/d3sk3r/.vscode-oss/extensions/ritwickdey.liveserver-5.7.4
[2022-02-24 01:07:30.738] [sharedprocess] [info] Extracting completed. ritwickdey.liveserver
[2022-02-24 01:07:30.748] [sharedprocess] [info] Extension installed successfully: ritwickdey.liveserver
[2022-02-24 01:07:32.768] [sharedprocess] [info] Extracted extension to /home/d3sk3r/.vscode-oss/extensions/.8a0fb5d0-fa68-4cb4-9336-2ab0721ec436: ms-python.python
[2022-02-24 01:07:32.840] [sharedprocess] [info] Renamed to /home/d3sk3r/.vscode-oss/extensions/ms-python.python-2022.0.1814523869
[2022-02-24 01:07:32.843] [sharedprocess] [info] Extracting completed. ms-python.python
[2022-02-24 01:07:32.852] [sharedprocess] [info] Extension installed successfully: ms-python.python
[2022-02-24 01:07:46.418] [sharedprocess] [info] Worker process with pid 1733458 terminated normally (type: fileWatcher, window: 1).
[2022-02-24 01:07:49.313] [sharedprocess] [info] Starting worker process with pid 1734333 (type: fileWatcher, window: 1).
