Info: Start process (8:00:08 PM)
wrinting
Info: End process (8:00:08 PM)
Info: Start process (8:00:14 PM)
wrinting
Info: End process (8:00:14 PM)
Info: Start process (8:00:15 PM)
wrinting
Info: End process (8:00:15 PM)
Info: Start process (8:00:49 PM)
wrinting
Info: End process (8:00:49 PM)
Info: Start process (8:01:29 PM)
wrinting
Info: End process (8:01:29 PM)
Info: Start process (8:01:33 PM)
wrinting
Info: End process (8:01:33 PM)
Info: Start process (8:01:34 PM)
wrinting
Info: End process (8:01:34 PM)
Info: Start process (8:01:34 PM)
wrinting
Info: End process (8:01:35 PM)
Info: Start process (8:02:47 PM)
acima da velocidade
Info: End process (8:02:48 PM)
Info: Start process (8:02:58 PM)
...
Info: End process (8:02:58 PM)
Info: Start process (8:03:29 PM)
...
Info: End process (8:03:29 PM)
Info: Start process (8:03:35 PM)
Info: End process (8:03:36 PM)
Info: Start process (8:03:59 PM)
acima da velocidade
Info: End process (8:03:59 PM)
Info: Start process (8:04:32 PM)
^
Info: End process (8:04:32 PM)
Info: Start process (8:04:43 PM)
^
Info: End process (8:04:43 PM)
Info: Start process (8:04:55 PM)
50
Info: End process (8:04:55 PM)
Info: Start process (8:05:01 PM)
Info: End process (8:05:01 PM)
Info: Start process (8:05:16 PM)
^
Info: End process (8:05:16 PM)
