[2022-02-24 01:07:22.777] [exthost] [info] Extension host with pid 1733408 started
[2022-02-24 01:07:22.970] [exthost] [info] ExtensionService#_doActivateExtension vscode.debug-auto-launch, startup: true, activationEvent: '*'
[2022-02-24 01:07:23.064] [exthost] [info] ExtensionService#_doActivateExtension vscode.git-base, startup: true, activationEvent: '*', root cause: vscode.github
[2022-02-24 01:07:23.081] [exthost] [info] ExtensionService#_doActivateExtension JackVandergriff.xresources-theme, startup: true, activationEvent: '*'
[2022-02-24 01:07:23.136] [exthost] [info] ExtensionService#_doActivateExtension ritwickdey.LiveServer, startup: true, activationEvent: '*'
[2022-02-24 01:07:24.710] [exthost] [info] ExtensionService#_doActivateExtension vscode.git, startup: true, activationEvent: '*'
[2022-02-24 01:07:24.820] [exthost] [info] ExtensionService#_doActivateExtension vscode.github, startup: true, activationEvent: '*'
[2022-02-24 01:07:24.887] [exthost] [info] Eager extensions activated
[2022-02-24 01:07:24.907] [exthost] [info] ExtensionService#_doActivateExtension vscode.emmet, startup: false, activationEvent: 'onStartupFinished'
[2022-02-24 01:07:24.946] [exthost] [info] ExtensionService#_doActivateExtension vscode.merge-conflict, startup: false, activationEvent: 'onStartupFinished'
[2022-02-24 01:07:46.374] [exthost] [info] extension host terminating: renderer closed the socket
[2022-02-24 01:07:46.383] [exthost] [info] Extension host with pid 1733408 exiting with code 0
[2022-02-24 01:07:50.864] [exthost] [info] Extension host with pid 1734332 started
[2022-02-24 01:07:50.864] [exthost] [info] Skipping acquiring lock for /home/d3sk3r/.config/Code - OSS/User/workspaceStorage/4debe8e6c332bdbbf95ab1e24dce512c.
[2022-02-24 01:07:51.073] [exthost] [info] ExtensionService#_doActivateExtension vscode.debug-auto-launch, startup: true, activationEvent: '*'
[2022-02-24 01:07:51.079] [exthost] [info] ExtensionService#_doActivateExtension vscode.git-base, startup: true, activationEvent: '*', root cause: vscode.github
[2022-02-24 01:07:51.087] [exthost] [info] ExtensionService#_doActivateExtension vscode.github, startup: true, activationEvent: '*'
[2022-02-24 01:07:51.096] [exthost] [info] Eager extensions activated
[2022-02-24 01:07:51.099] [exthost] [info] ExtensionService#_doActivateExtension vscode.emmet, startup: false, activationEvent: 'onStartupFinished'
[2022-02-24 01:07:51.107] [exthost] [info] ExtensionService#_doActivateExtension vscode.merge-conflict, startup: false, activationEvent: 'onStartupFinished'
[2022-02-24 01:07:52.141] [exthost] [info] ExtensionService#_doActivateExtension vscode.git, startup: false, activationEvent: 'api', root cause: vscode.github
[2022-02-24 01:07:52.173] [exthost] [info] ExtensionService#_doActivateExtension JackVandergriff.xresources-theme, startup: false, activationEvent: '*'
[2022-02-24 01:08:13.909] [exthost] [info] ExtensionService#_doActivateExtension vscode.configuration-editing, startup: false, activationEvent: 'onLanguage:json'
[2022-02-24 01:08:13.923] [exthost] [info] ExtensionService#_doActivateExtension vscode.extension-editing, startup: false, activationEvent: 'onLanguage:json'
[2022-02-24 01:08:14.218] [exthost] [info] ExtensionService#_doActivateExtension vscode.json-language-features, startup: false, activationEvent: 'onLanguage:json'
[2022-02-24 01:08:14.385] [exthost] [info] ExtensionService#_doActivateExtension vscode.npm, startup: false, activationEvent: 'onLanguage:json'
[2022-02-24 01:12:32.866] [exthost] [info] ExtensionService#_doActivateExtension vscode.html-language-features, startup: false, activationEvent: 'onLanguage:html'
[2022-02-24 01:12:33.089] [exthost] [info] ExtensionService#_doActivateExtension ritwickdey.LiveServer, startup: false, activationEvent: 'onLanguage:html'
[2022-02-24 01:12:40.368] [exthost] [info] ExtensionService#_doActivateExtension vscode.typescript-language-features, startup: false, activationEvent: 'onLanguage:javascript'
[2022-02-24 03:19:29.837] [exthost] [info] extension host terminating: renderer closed the socket
[2022-02-24 03:19:29.939] [exthost] [info] Extension host with pid 1734332 exiting with code 0
