Experiment 'pythonaacf' is active
> conda info --json
> /usr/bin/python ~/.vscode-oss/extensions/ms-python.python-2022.2.1924087327/pythonFiles/get_output_via_markers.py ~/.vscode-oss/extensions/ms-python.python-2022.2.1924087327/pythonFiles/interpreterInfo.py
> /bin/python ~/.vscode-oss/extensions/ms-python.python-2022.2.1924087327/pythonFiles/get_output_via_markers.py ~/.vscode-oss/extensions/ms-python.python-2022.2.1924087327/pythonFiles/interpreterInfo.py
> /bin/python2 ~/.vscode-oss/extensions/ms-python.python-2022.2.1924087327/pythonFiles/get_output_via_markers.py ~/.vscode-oss/extensions/ms-python.python-2022.2.1924087327/pythonFiles/interpreterInfo.py
Python interpreter path: /usr/bin/python
> /sbin/python ~/.vscode-oss/extensions/ms-python.python-2022.2.1924087327/pythonFiles/get_output_via_markers.py ~/.vscode-oss/extensions/ms-python.python-2022.2.1924087327/pythonFiles/interpreterInfo.py
> /sbin/python2 ~/.vscode-oss/extensions/ms-python.python-2022.2.1924087327/pythonFiles/get_output_via_markers.py ~/.vscode-oss/extensions/ms-python.python-2022.2.1924087327/pythonFiles/interpreterInfo.py
> /usr/bin/python2 ~/.vscode-oss/extensions/ms-python.python-2022.2.1924087327/pythonFiles/get_output_via_markers.py ~/.vscode-oss/extensions/ms-python.python-2022.2.1924087327/pythonFiles/interpreterInfo.py
> /usr/sbin/python ~/.vscode-oss/extensions/ms-python.python-2022.2.1924087327/pythonFiles/get_output_via_markers.py ~/.vscode-oss/extensions/ms-python.python-2022.2.1924087327/pythonFiles/interpreterInfo.py
> /usr/sbin/python2 ~/.vscode-oss/extensions/ms-python.python-2022.2.1924087327/pythonFiles/get_output_via_markers.py ~/.vscode-oss/extensions/ms-python.python-2022.2.1924087327/pythonFiles/interpreterInfo.py
[ERROR 2022-5-7 18:5:39.930]: [
  'Failed to activate a workspace, Class name = f, completed in 1028ms, has a falsy return value, Arg 1: <Uri:/home/d3sk3r/MEGA/D3SK3R/D3SK3R/coding/python/TODO_list.py>, Return Value: undefined',
  [Error: Extension 'ms-python.python' CANNOT use API proposal: testObserver.
  Its package.json#enabledApiProposals-property declares:  but NOT testObserver.
   The missing proposal MUST be added and you must start in extension development mode or use the following command line switch: --enable-proposed-api ms-python.python
  	at f (/usr/lib/code/out/vs/workbench/api/node/extensionHostProcess.js:81:64186)
  	at Object.get testResults [as testResults] (/usr/lib/code/out/vs/workbench/api/node/extensionHostProcess.js:97:33907)
  	at w.activate (/home/d3sk3r/.vscode-oss/extensions/ms-python.python-2022.2.1924087327/out/client/extension.js:85:74911)
  	at /home/d3sk3r/.vscode-oss/extensions/ms-python.python-2022.2.1924087327/out/client/extension.js:67:87919
  	at Array.map (<anonymous>)
  	at f.activateWorkspace (/home/d3sk3r/.vscode-oss/extensions/ms-python.python-2022.2.1924087327/out/client/extension.js:67:87910)
  	at processTicksAndRejections (node:internal/process/task_queues:96:5)]
]
[ERROR 2022-5-7 18:5:39.945]: Failure during activation. [Error: Extension 'ms-python.python' CANNOT use API proposal: testObserver.
Its package.json#enabledApiProposals-property declares:  but NOT testObserver.
 The missing proposal MUST be added and you must start in extension development mode or use the following command line switch: --enable-proposed-api ms-python.python
	at f (/usr/lib/code/out/vs/workbench/api/node/extensionHostProcess.js:81:64186)
	at Object.get testResults [as testResults] (/usr/lib/code/out/vs/workbench/api/node/extensionHostProcess.js:97:33907)
	at w.activate (/home/d3sk3r/.vscode-oss/extensions/ms-python.python-2022.2.1924087327/out/client/extension.js:85:74911)
	at /home/d3sk3r/.vscode-oss/extensions/ms-python.python-2022.2.1924087327/out/client/extension.js:67:87919
	at Array.map (<anonymous>)
	at f.activateWorkspace (/home/d3sk3r/.vscode-oss/extensions/ms-python.python-2022.2.1924087327/out/client/extension.js:67:87910)
	at processTicksAndRejections (node:internal/process/task_queues:96:5)]
[ERROR 2022-5-7 18:5:39.945]: sendStartupTelemetry() failed. [Error: Extension 'ms-python.python' CANNOT use API proposal: testObserver.
Its package.json#enabledApiProposals-property declares:  but NOT testObserver.
 The missing proposal MUST be added and you must start in extension development mode or use the following command line switch: --enable-proposed-api ms-python.python
	at f (/usr/lib/code/out/vs/workbench/api/node/extensionHostProcess.js:81:64186)
	at Object.get testResults [as testResults] (/usr/lib/code/out/vs/workbench/api/node/extensionHostProcess.js:97:33907)
	at w.activate (/home/d3sk3r/.vscode-oss/extensions/ms-python.python-2022.2.1924087327/out/client/extension.js:85:74911)
	at /home/d3sk3r/.vscode-oss/extensions/ms-python.python-2022.2.1924087327/out/client/extension.js:67:87919
	at Array.map (<anonymous>)
	at f.activateWorkspace (/home/d3sk3r/.vscode-oss/extensions/ms-python.python-2022.2.1924087327/out/client/extension.js:67:87910)
	at processTicksAndRejections (node:internal/process/task_queues:96:5)]
Starting Jedi language server.
