[2021-08-22 16:15:39.643] [exthost] [info] extension host started
[2021-08-22 16:15:39.707] [exthost] [info] Lock '/home/d3sk3r/.config/Code - OSS/User/workspaceStorage/4af9dbf64591c2f85744080d7cbb5743/vscode.lock': Lock acquired.
[2021-08-22 16:15:40.029] [exthost] [info] ExtensionService#_doActivateExtension vscode.debug-auto-launch {"startup":true,"extensionId":{"value":"vscode.debug-auto-launch","_lower":"vscode.debug-auto-launch"},"activationEvent":"*"}
[2021-08-22 16:15:40.032] [exthost] [info] ExtensionService#loadCommonJSModule file:///usr/lib/code/extensions/debug-auto-launch/dist/extension
[2021-08-22 16:15:40.047] [exthost] [info] ExtensionService#_doActivateExtension vscode.git {"startup":true,"extensionId":{"value":"vscode.github","_lower":"vscode.github"},"activationEvent":"*"}
[2021-08-22 16:15:40.047] [exthost] [info] ExtensionService#loadCommonJSModule file:///usr/lib/code/extensions/git/dist/main
[2021-08-22 16:15:40.110] [exthost] [info] ExtensionService#_doActivateExtension vscode.npm {"startup":true,"extensionId":{"value":"vscode.npm","_lower":"vscode.npm"},"activationEvent":"workspaceContains:package.json"}
[2021-08-22 16:15:40.110] [exthost] [info] ExtensionService#loadCommonJSModule file:///usr/lib/code/extensions/npm/dist/npmMain
[2021-08-22 16:15:40.510] [exthost] [info] ExtensionService#_doActivateExtension vscode.github {"startup":true,"extensionId":{"value":"vscode.github","_lower":"vscode.github"},"activationEvent":"*"}
[2021-08-22 16:15:40.510] [exthost] [info] ExtensionService#loadCommonJSModule file:///usr/lib/code/extensions/github/dist/extension.js
[2021-08-22 16:15:40.765] [exthost] [info] ExtensionService#_doActivateExtension ms-vscode.js-debug {"startup":false,"extensionId":{"value":"ms-vscode.js-debug","_lower":"ms-vscode.js-debug"},"activationEvent":"onCommand:extension.js-debug.clearAutoAttachVariables"}
[2021-08-22 16:15:40.765] [exthost] [info] ExtensionService#loadCommonJSModule file:///usr/lib/code/extensions/ms-vscode.js-debug/src/extension.js
[2021-08-22 16:15:41.441] [exthost] [info] eager extensions activated
[2021-08-22 16:15:41.504] [exthost] [info] ExtensionService#_doActivateExtension vscode.emmet {"startup":false,"extensionId":{"value":"vscode.emmet","_lower":"vscode.emmet"},"activationEvent":"onStartupFinished"}
[2021-08-22 16:15:41.504] [exthost] [info] ExtensionService#loadCommonJSModule file:///usr/lib/code/extensions/emmet/dist/node/emmetNodeMain
[2021-08-22 16:15:41.530] [exthost] [info] ExtensionService#_doActivateExtension vscode.merge-conflict {"startup":false,"extensionId":{"value":"vscode.merge-conflict","_lower":"vscode.merge-conflict"},"activationEvent":"onStartupFinished"}
[2021-08-22 16:15:41.531] [exthost] [info] ExtensionService#loadCommonJSModule file:///usr/lib/code/extensions/merge-conflict/dist/mergeConflictMain
[2021-08-22 16:15:41.563] [exthost] [info] ExtensionService#_doActivateExtension vscode.testing-editor-contributions {"startup":false,"extensionId":{"value":"vscode.testing-editor-contributions","_lower":"vscode.testing-editor-contributions"},"activationEvent":"onStartupFinished"}
[2021-08-22 16:15:41.564] [exthost] [info] ExtensionService#loadCommonJSModule file:///usr/lib/code/extensions/testing-editor-contributions/dist/extension.js
[2021-08-22 16:15:42.634] [exthost] [info] ExtensionService#_doActivateExtension JackVandergriff.xresources-theme {"startup":false,"extensionId":{"value":"JackVandergriff.xresources-theme","_lower":"jackvandergriff.xresources-theme"},"activationEvent":"*"}
[2021-08-22 16:15:42.634] [exthost] [info] ExtensionService#loadCommonJSModule file:///home/d3sk3r/.vscode-oss/extensions/jackvandergriff.xresources-theme-1.0.1/out/extension.js
[2021-08-22 16:15:42.669] [exthost] [info] ExtensionService#_doActivateExtension ritwickdey.LiveServer {"startup":false,"extensionId":{"value":"ritwickdey.LiveServer","_lower":"ritwickdey.liveserver"},"activationEvent":"*"}
[2021-08-22 16:15:42.669] [exthost] [info] ExtensionService#loadCommonJSModule file:///home/d3sk3r/.vscode-oss/extensions/ritwickdey.liveserver-5.6.1/out/src/extension
[2021-08-22 16:17:20.873] [exthost] [info] ExtensionService#_doActivateExtension vscode.configuration-editing {"startup":false,"extensionId":{"value":"vscode.configuration-editing","_lower":"vscode.configuration-editing"},"activationEvent":"onLanguage:json"}
[2021-08-22 16:17:20.874] [exthost] [info] ExtensionService#loadCommonJSModule file:///usr/lib/code/extensions/configuration-editing/dist/configurationEditingMain
[2021-08-22 16:17:20.887] [exthost] [info] ExtensionService#_doActivateExtension vscode.extension-editing {"startup":false,"extensionId":{"value":"vscode.extension-editing","_lower":"vscode.extension-editing"},"activationEvent":"onLanguage:json"}
[2021-08-22 16:17:20.888] [exthost] [info] ExtensionService#loadCommonJSModule file:///usr/lib/code/extensions/extension-editing/dist/extensionEditingMain
[2021-08-22 16:17:21.054] [exthost] [info] ExtensionService#_doActivateExtension vscode.json-language-features {"startup":false,"extensionId":{"value":"vscode.json-language-features","_lower":"vscode.json-language-features"},"activationEvent":"onLanguage:json"}
[2021-08-22 16:17:21.054] [exthost] [info] ExtensionService#loadCommonJSModule file:///usr/lib/code/extensions/json-language-features/client/dist/node/jsonClientMain
[2021-08-22 16:17:22.803] [exthost] [info] ExtensionService#_doActivateExtension vscode.typescript-language-features {"startup":false,"extensionId":{"value":"vscode.typescript-language-features","_lower":"vscode.typescript-language-features"},"activationEvent":"onLanguage:jsonc"}
[2021-08-22 16:17:22.803] [exthost] [info] ExtensionService#loadCommonJSModule file:///usr/lib/code/extensions/typescript-language-features/dist/extension
[2021-08-22 16:17:23.516] [exthost] [error] [vscode.json-language-features] provider FAILED
[2021-08-22 16:17:23.516] [exthost] [error] Canceled: Canceled
	at b.makeCancelError (/usr/lib/code/extensions/json-language-features/client/dist/node/jsonClientMain.js:1:64563)
	at b.handleFailedRequest (/usr/lib/code/extensions/json-language-features/client/dist/node/jsonClientMain.js:1:64414)
	at /usr/lib/code/extensions/json-language-features/client/dist/node/jsonClientMain.js:1:24756
	at runNextTicks (internal/process/task_queues.js:58:5)
	at processImmediate (internal/timers.js:434:9)
[2021-08-22 16:18:40.460] [exthost] [info] ExtensionService#_doActivateExtension auchenberg.vscode-browser-preview {"startup":false,"extensionId":{"value":"auchenberg.vscode-browser-preview","_lower":"auchenberg.vscode-browser-preview"},"activationEvent":"onDebug"}
[2021-08-22 16:18:40.460] [exthost] [info] ExtensionService#loadCommonJSModule file:///home/d3sk3r/.vscode-oss/extensions/auchenberg.vscode-browser-preview-0.6.7/build/ext-src/extension.js
[2021-08-22 16:18:46.127] [exthost] [info] ExtensionService#_doActivateExtension vscode.debug-server-ready {"startup":false,"extensionId":{"value":"vscode.debug-server-ready","_lower":"vscode.debug-server-ready"},"activationEvent":"onDebugResolve"}
[2021-08-22 16:18:46.127] [exthost] [info] ExtensionService#loadCommonJSModule file:///usr/lib/code/extensions/debug-server-ready/dist/extension
[2021-08-22 16:18:58.237] [exthost] [info] ExtensionService#_doActivateExtension ms-vscode.node-debug2 {"startup":false,"extensionId":{"value":"ms-vscode.node-debug","_lower":"ms-vscode.node-debug"},"activationEvent":"onDebugInitialConfigurations"}
[2021-08-22 16:18:58.237] [exthost] [info] ExtensionService#loadCommonJSModule file:///usr/lib/code/extensions/ms-vscode.node-debug2/out/src/extension
[2021-08-22 16:18:58.247] [exthost] [info] ExtensionService#_doActivateExtension ms-vscode.node-debug {"startup":false,"extensionId":{"value":"ms-vscode.node-debug","_lower":"ms-vscode.node-debug"},"activationEvent":"onDebugInitialConfigurations"}
[2021-08-22 16:18:58.247] [exthost] [info] ExtensionService#loadCommonJSModule file:///usr/lib/code/extensions/ms-vscode.node-debug/dist/extension.js
[2021-08-22 16:26:50.292] [exthost] [info] ExtensionService#_doActivateExtension vscode.css-language-features {"startup":false,"extensionId":{"value":"vscode.css-language-features","_lower":"vscode.css-language-features"},"activationEvent":"onLanguage:css"}
[2021-08-22 16:26:50.293] [exthost] [info] ExtensionService#loadCommonJSModule file:///usr/lib/code/extensions/css-language-features/client/dist/node/cssClientMain
[2021-08-22 16:35:08.758] [exthost] [error] [vscode.typescript-language-features] provider FAILED
[2021-08-22 16:35:08.758] [exthost] [error] Error: <semantic> TypeScript Server Error (4.3.5)
Cannot read property 'name' of undefined
TypeError: Cannot read property 'name' of undefined
    at chooseBetterSymbol (/usr/lib/code/extensions/node_modules/typescript/lib/tsserver.js:133697:22)
    at tryGetParameterInfo (/usr/lib/code/extensions/node_modules/typescript/lib/tsserver.js:133666:120)
    at getImmediatelyContainingArgumentOrContextualParameterInfo (/usr/lib/code/extensions/node_modules/typescript/lib/tsserver.js:133648:20)
    at _loop_8 (/usr/lib/code/extensions/node_modules/typescript/lib/tsserver.js:133821:36)
    at getContainingArgumentInfo (/usr/lib/code/extensions/node_modules/typescript/lib/tsserver.js:133827:31)
    at Object.getSignatureHelpItems (/usr/lib/code/extensions/node_modules/typescript/lib/tsserver.js:133426:32)
    at Proxy.getSignatureHelpItems (/usr/lib/code/extensions/node_modules/typescript/lib/tsserver.js:153522:37)
    at IOSession.Session.getSignatureHelpItems (/usr/lib/code/extensions/node_modules/typescript/lib/tsserver.js:164646:62)
    at Session.handlers.ts.Map.ts.getEntries._a.<computed> (/usr/lib/code/extensions/node_modules/typescript/lib/tsserver.js:163443:61)
    at /usr/lib/code/extensions/node_modules/typescript/lib/tsserver.js:165210:88
    at IOSession.Session.executeWithRequestId (/usr/lib/code/extensions/node_modules/typescript/lib/tsserver.js:165201:28)
    at IOSession.Session.executeCommand (/usr/lib/code/extensions/node_modules/typescript/lib/tsserver.js:165210:33)
    at IOSession.Session.onMessage (/usr/lib/code/extensions/node_modules/typescript/lib/tsserver.js:165236:35)
    at Interface.<anonymous> (/usr/lib/code/extensions/node_modules/typescript/lib/tsserver.js:167833:31)
    at Interface.emit (events.js:315:20)
    at Interface._onLine (readline.js:337:10)
    at Interface._normalWrite (readline.js:482:12)
    at Socket.ondata (readline.js:194:10)
    at Socket.emit (events.js:315:20)
    at addChunk (internal/streams/readable.js:309:12)
    at readableAddChunk (internal/streams/readable.js:284:9)
    at Socket.Readable.push (internal/streams/readable.js:223:10)
    at Pipe.onStreamRead (internal/stream_base_commons.js:188:23)
	at Function.create (/usr/lib/code/extensions/typescript-language-features/dist/extension.js:1:75833)
	at dispatchResponse (/usr/lib/code/extensions/typescript-language-features/dist/extension.js:1:69697)
	at dispatchMessage (/usr/lib/code/extensions/typescript-language-features/dist/extension.js:1:68556)
	at /usr/lib/code/extensions/typescript-language-features/dist/extension.js:1:68046
	at d.fire (/usr/lib/code/out/vs/workbench/services/extensions/node/extensionHostProcess.js:57:1726)
	at g.onLengthData (/usr/lib/code/extensions/typescript-language-features/dist/extension.js:1:434643)
	at Socket.<anonymous> (/usr/lib/code/extensions/typescript-language-features/dist/extension.js:1:434291)
	at Socket.emit (events.js:315:20)
	at addChunk (internal/streams/readable.js:309:12)
	at readableAddChunk (internal/streams/readable.js:284:9)
	at Socket.Readable.push (internal/streams/readable.js:223:10)
	at Pipe.onStreamRead (internal/stream_base_commons.js:188:23)
[2021-08-22 16:45:10.090] [exthost] [error] [vscode.typescript-language-features] provider FAILED
[2021-08-22 16:45:10.090] [exthost] [error] Error: <semantic> TypeScript Server Error (4.3.5)
Cannot read property 'name' of undefined
TypeError: Cannot read property 'name' of undefined
    at chooseBetterSymbol (/usr/lib/code/extensions/node_modules/typescript/lib/tsserver.js:133697:22)
    at tryGetParameterInfo (/usr/lib/code/extensions/node_modules/typescript/lib/tsserver.js:133666:120)
    at getImmediatelyContainingArgumentOrContextualParameterInfo (/usr/lib/code/extensions/node_modules/typescript/lib/tsserver.js:133648:20)
    at _loop_8 (/usr/lib/code/extensions/node_modules/typescript/lib/tsserver.js:133821:36)
    at getContainingArgumentInfo (/usr/lib/code/extensions/node_modules/typescript/lib/tsserver.js:133827:31)
    at Object.getSignatureHelpItems (/usr/lib/code/extensions/node_modules/typescript/lib/tsserver.js:133426:32)
    at Proxy.getSignatureHelpItems (/usr/lib/code/extensions/node_modules/typescript/lib/tsserver.js:153522:37)
    at IOSession.Session.getSignatureHelpItems (/usr/lib/code/extensions/node_modules/typescript/lib/tsserver.js:164646:62)
    at Session.handlers.ts.Map.ts.getEntries._a.<computed> (/usr/lib/code/extensions/node_modules/typescript/lib/tsserver.js:163443:61)
    at /usr/lib/code/extensions/node_modules/typescript/lib/tsserver.js:165210:88
    at IOSession.Session.executeWithRequestId (/usr/lib/code/extensions/node_modules/typescript/lib/tsserver.js:165201:28)
    at IOSession.Session.executeCommand (/usr/lib/code/extensions/node_modules/typescript/lib/tsserver.js:165210:33)
    at IOSession.Session.onMessage (/usr/lib/code/extensions/node_modules/typescript/lib/tsserver.js:165236:35)
    at Interface.<anonymous> (/usr/lib/code/extensions/node_modules/typescript/lib/tsserver.js:167833:31)
    at Interface.emit (events.js:315:20)
    at Interface._onLine (readline.js:337:10)
    at Interface._normalWrite (readline.js:482:12)
    at Socket.ondata (readline.js:194:10)
    at Socket.emit (events.js:315:20)
    at addChunk (internal/streams/readable.js:309:12)
    at readableAddChunk (internal/streams/readable.js:284:9)
    at Socket.Readable.push (internal/streams/readable.js:223:10)
    at Pipe.onStreamRead (internal/stream_base_commons.js:188:23)
	at Function.create (/usr/lib/code/extensions/typescript-language-features/dist/extension.js:1:75833)
	at dispatchResponse (/usr/lib/code/extensions/typescript-language-features/dist/extension.js:1:69697)
	at dispatchMessage (/usr/lib/code/extensions/typescript-language-features/dist/extension.js:1:68556)
	at /usr/lib/code/extensions/typescript-language-features/dist/extension.js:1:68046
	at d.fire (/usr/lib/code/out/vs/workbench/services/extensions/node/extensionHostProcess.js:57:1726)
	at g.onLengthData (/usr/lib/code/extensions/typescript-language-features/dist/extension.js:1:434643)
	at Socket.<anonymous> (/usr/lib/code/extensions/typescript-language-features/dist/extension.js:1:434291)
	at Socket.emit (events.js:315:20)
	at addChunk (internal/streams/readable.js:309:12)
	at readableAddChunk (internal/streams/readable.js:284:9)
	at Socket.Readable.push (internal/streams/readable.js:223:10)
	at Pipe.onStreamRead (internal/stream_base_commons.js:188:23)
[2021-08-22 16:50:53.004] [exthost] [error] [vscode.typescript-language-features] provider FAILED
[2021-08-22 16:50:53.004] [exthost] [error] Error: DisposableStore is missing...
	at M._convertCompletionItem (/usr/lib/code/out/vs/workbench/services/extensions/node/extensionHostProcess.js:84:184535)
	at M.resolveCompletionItem (/usr/lib/code/out/vs/workbench/services/extensions/node/extensionHostProcess.js:84:184310)
[2021-08-22 16:51:04.823] [exthost] [error] [vscode.typescript-language-features] provider FAILED
[2021-08-22 16:51:04.823] [exthost] [error] Error: <semantic> TypeScript Server Error (4.3.5)
Cannot read property 'name' of undefined
TypeError: Cannot read property 'name' of undefined
    at chooseBetterSymbol (/usr/lib/code/extensions/node_modules/typescript/lib/tsserver.js:133697:22)
    at tryGetParameterInfo (/usr/lib/code/extensions/node_modules/typescript/lib/tsserver.js:133666:120)
    at getImmediatelyContainingArgumentOrContextualParameterInfo (/usr/lib/code/extensions/node_modules/typescript/lib/tsserver.js:133648:20)
    at _loop_8 (/usr/lib/code/extensions/node_modules/typescript/lib/tsserver.js:133821:36)
    at getContainingArgumentInfo (/usr/lib/code/extensions/node_modules/typescript/lib/tsserver.js:133827:31)
    at Object.getSignatureHelpItems (/usr/lib/code/extensions/node_modules/typescript/lib/tsserver.js:133426:32)
    at Proxy.getSignatureHelpItems (/usr/lib/code/extensions/node_modules/typescript/lib/tsserver.js:153522:37)
    at IOSession.Session.getSignatureHelpItems (/usr/lib/code/extensions/node_modules/typescript/lib/tsserver.js:164646:62)
    at Session.handlers.ts.Map.ts.getEntries._a.<computed> (/usr/lib/code/extensions/node_modules/typescript/lib/tsserver.js:163443:61)
    at /usr/lib/code/extensions/node_modules/typescript/lib/tsserver.js:165210:88
    at IOSession.Session.executeWithRequestId (/usr/lib/code/extensions/node_modules/typescript/lib/tsserver.js:165201:28)
    at IOSession.Session.executeCommand (/usr/lib/code/extensions/node_modules/typescript/lib/tsserver.js:165210:33)
    at IOSession.Session.onMessage (/usr/lib/code/extensions/node_modules/typescript/lib/tsserver.js:165236:35)
    at Interface.<anonymous> (/usr/lib/code/extensions/node_modules/typescript/lib/tsserver.js:167833:31)
    at Interface.emit (events.js:315:20)
    at Interface._onLine (readline.js:337:10)
    at Interface._normalWrite (readline.js:482:12)
    at Socket.ondata (readline.js:194:10)
    at Socket.emit (events.js:315:20)
    at addChunk (internal/streams/readable.js:309:12)
    at readableAddChunk (internal/streams/readable.js:284:9)
    at Socket.Readable.push (internal/streams/readable.js:223:10)
    at Pipe.onStreamRead (internal/stream_base_commons.js:188:23)
	at Function.create (/usr/lib/code/extensions/typescript-language-features/dist/extension.js:1:75833)
	at dispatchResponse (/usr/lib/code/extensions/typescript-language-features/dist/extension.js:1:69697)
	at dispatchMessage (/usr/lib/code/extensions/typescript-language-features/dist/extension.js:1:68556)
	at /usr/lib/code/extensions/typescript-language-features/dist/extension.js:1:68046
	at d.fire (/usr/lib/code/out/vs/workbench/services/extensions/node/extensionHostProcess.js:57:1726)
	at g.onLengthData (/usr/lib/code/extensions/typescript-language-features/dist/extension.js:1:434643)
	at Socket.<anonymous> (/usr/lib/code/extensions/typescript-language-features/dist/extension.js:1:434291)
	at Socket.emit (events.js:315:20)
	at addChunk (internal/streams/readable.js:309:12)
	at readableAddChunk (internal/streams/readable.js:284:9)
	at Socket.Readable.push (internal/streams/readable.js:223:10)
	at Pipe.onStreamRead (internal/stream_base_commons.js:188:23)
[2021-08-22 17:31:57.749] [exthost] [error] [vscode.typescript-language-features] provider FAILED
[2021-08-22 17:31:57.750] [exthost] [error] Error: DisposableStore is missing...
	at M._convertCompletionItem (/usr/lib/code/out/vs/workbench/services/extensions/node/extensionHostProcess.js:84:184535)
	at M.resolveCompletionItem (/usr/lib/code/out/vs/workbench/services/extensions/node/extensionHostProcess.js:84:184310)
	at runMicrotasks (<anonymous>)
	at processTicksAndRejections (internal/process/task_queues.js:93:5)
[2021-08-22 18:28:51.348] [exthost] [error] [vscode.typescript-language-features] provider FAILED
[2021-08-22 18:28:51.348] [exthost] [error] Error: <semantic> TypeScript Server Error (4.3.5)
Cannot read property 'name' of undefined
TypeError: Cannot read property 'name' of undefined
    at chooseBetterSymbol (/usr/lib/code/extensions/node_modules/typescript/lib/tsserver.js:133697:22)
    at tryGetParameterInfo (/usr/lib/code/extensions/node_modules/typescript/lib/tsserver.js:133666:120)
    at getImmediatelyContainingArgumentOrContextualParameterInfo (/usr/lib/code/extensions/node_modules/typescript/lib/tsserver.js:133648:20)
    at _loop_8 (/usr/lib/code/extensions/node_modules/typescript/lib/tsserver.js:133821:36)
    at getContainingArgumentInfo (/usr/lib/code/extensions/node_modules/typescript/lib/tsserver.js:133827:31)
    at Object.getSignatureHelpItems (/usr/lib/code/extensions/node_modules/typescript/lib/tsserver.js:133426:32)
    at Proxy.getSignatureHelpItems (/usr/lib/code/extensions/node_modules/typescript/lib/tsserver.js:153522:37)
    at IOSession.Session.getSignatureHelpItems (/usr/lib/code/extensions/node_modules/typescript/lib/tsserver.js:164646:62)
    at Session.handlers.ts.Map.ts.getEntries._a.<computed> (/usr/lib/code/extensions/node_modules/typescript/lib/tsserver.js:163443:61)
    at /usr/lib/code/extensions/node_modules/typescript/lib/tsserver.js:165210:88
    at IOSession.Session.executeWithRequestId (/usr/lib/code/extensions/node_modules/typescript/lib/tsserver.js:165201:28)
    at IOSession.Session.executeCommand (/usr/lib/code/extensions/node_modules/typescript/lib/tsserver.js:165210:33)
    at IOSession.Session.onMessage (/usr/lib/code/extensions/node_modules/typescript/lib/tsserver.js:165236:35)
    at Interface.<anonymous> (/usr/lib/code/extensions/node_modules/typescript/lib/tsserver.js:167833:31)
    at Interface.emit (events.js:315:20)
    at Interface._onLine (readline.js:337:10)
    at Interface._normalWrite (readline.js:482:12)
    at Socket.ondata (readline.js:194:10)
    at Socket.emit (events.js:315:20)
    at addChunk (internal/streams/readable.js:309:12)
    at readableAddChunk (internal/streams/readable.js:284:9)
    at Socket.Readable.push (internal/streams/readable.js:223:10)
    at Pipe.onStreamRead (internal/stream_base_commons.js:188:23)
	at Function.create (/usr/lib/code/extensions/typescript-language-features/dist/extension.js:1:75833)
	at dispatchResponse (/usr/lib/code/extensions/typescript-language-features/dist/extension.js:1:69697)
	at dispatchMessage (/usr/lib/code/extensions/typescript-language-features/dist/extension.js:1:68556)
	at /usr/lib/code/extensions/typescript-language-features/dist/extension.js:1:68046
	at d.fire (/usr/lib/code/out/vs/workbench/services/extensions/node/extensionHostProcess.js:57:1726)
	at g.onLengthData (/usr/lib/code/extensions/typescript-language-features/dist/extension.js:1:434643)
	at Socket.<anonymous> (/usr/lib/code/extensions/typescript-language-features/dist/extension.js:1:434291)
	at Socket.emit (events.js:315:20)
	at addChunk (internal/streams/readable.js:309:12)
	at readableAddChunk (internal/streams/readable.js:284:9)
	at Socket.Readable.push (internal/streams/readable.js:223:10)
	at Pipe.onStreamRead (internal/stream_base_commons.js:188:23)
[2021-08-22 18:38:10.975] [exthost] [error] [vscode.typescript-language-features] provider FAILED
[2021-08-22 18:38:10.978] [exthost] [error] Error: <semantic> TypeScript Server Error (4.3.5)
Cannot read property 'name' of undefined
TypeError: Cannot read property 'name' of undefined
    at chooseBetterSymbol (/usr/lib/code/extensions/node_modules/typescript/lib/tsserver.js:133697:22)
    at tryGetParameterInfo (/usr/lib/code/extensions/node_modules/typescript/lib/tsserver.js:133666:120)
    at getImmediatelyContainingArgumentOrContextualParameterInfo (/usr/lib/code/extensions/node_modules/typescript/lib/tsserver.js:133648:20)
    at _loop_8 (/usr/lib/code/extensions/node_modules/typescript/lib/tsserver.js:133821:36)
    at getContainingArgumentInfo (/usr/lib/code/extensions/node_modules/typescript/lib/tsserver.js:133827:31)
    at Object.getSignatureHelpItems (/usr/lib/code/extensions/node_modules/typescript/lib/tsserver.js:133426:32)
    at Proxy.getSignatureHelpItems (/usr/lib/code/extensions/node_modules/typescript/lib/tsserver.js:153522:37)
    at IOSession.Session.getSignatureHelpItems (/usr/lib/code/extensions/node_modules/typescript/lib/tsserver.js:164646:62)
    at Session.handlers.ts.Map.ts.getEntries._a.<computed> (/usr/lib/code/extensions/node_modules/typescript/lib/tsserver.js:163443:61)
    at /usr/lib/code/extensions/node_modules/typescript/lib/tsserver.js:165210:88
    at IOSession.Session.executeWithRequestId (/usr/lib/code/extensions/node_modules/typescript/lib/tsserver.js:165201:28)
    at IOSession.Session.executeCommand (/usr/lib/code/extensions/node_modules/typescript/lib/tsserver.js:165210:33)
    at IOSession.Session.onMessage (/usr/lib/code/extensions/node_modules/typescript/lib/tsserver.js:165236:35)
    at Interface.<anonymous> (/usr/lib/code/extensions/node_modules/typescript/lib/tsserver.js:167833:31)
    at Interface.emit (events.js:315:20)
    at Interface._onLine (readline.js:337:10)
    at Interface._normalWrite (readline.js:482:12)
    at Socket.ondata (readline.js:194:10)
    at Socket.emit (events.js:315:20)
    at addChunk (internal/streams/readable.js:309:12)
    at readableAddChunk (internal/streams/readable.js:284:9)
    at Socket.Readable.push (internal/streams/readable.js:223:10)
    at Pipe.onStreamRead (internal/stream_base_commons.js:188:23)
	at Function.create (/usr/lib/code/extensions/typescript-language-features/dist/extension.js:1:75833)
	at dispatchResponse (/usr/lib/code/extensions/typescript-language-features/dist/extension.js:1:69697)
	at dispatchMessage (/usr/lib/code/extensions/typescript-language-features/dist/extension.js:1:68556)
	at /usr/lib/code/extensions/typescript-language-features/dist/extension.js:1:68046
	at d.fire (/usr/lib/code/out/vs/workbench/services/extensions/node/extensionHostProcess.js:57:1726)
	at g.onLengthData (/usr/lib/code/extensions/typescript-language-features/dist/extension.js:1:434643)
	at Socket.<anonymous> (/usr/lib/code/extensions/typescript-language-features/dist/extension.js:1:434291)
	at Socket.emit (events.js:315:20)
	at addChunk (internal/streams/readable.js:309:12)
	at readableAddChunk (internal/streams/readable.js:284:9)
	at Socket.Readable.push (internal/streams/readable.js:223:10)
	at Pipe.onStreamRead (internal/stream_base_commons.js:188:23)
[2021-08-22 18:39:59.793] [exthost] [info] extension host terminating: renderer closed the socket
[2021-08-22 18:39:59.794] [exthost] [info] Lock '/home/d3sk3r/.config/Code - OSS/User/workspaceStorage/4af9dbf64591c2f85744080d7cbb5743/vscode.lock': Marking the lockfile as scheduled to be released in 6000 ms.
[2021-08-22 18:40:00.938] [exthost] [info] exiting with code 0
