[2022-03-11 20:32:03.699] [exthost] [info] Extension host with pid 2321848 started
[2022-03-11 20:32:04.139] [exthost] [info] ExtensionService#_doActivateExtension vscode.debug-auto-launch, startup: true, activationEvent: '*'
[2022-03-11 20:32:04.174] [exthost] [info] ExtensionService#_doActivateExtension vscode.git-base, startup: true, activationEvent: '*', root cause: vscode.github
[2022-03-11 20:32:04.235] [exthost] [info] ExtensionService#_doActivateExtension JackVandergriff.xresources-theme, startup: true, activationEvent: '*'
[2022-03-11 20:32:05.085] [exthost] [info] ExtensionService#_doActivateExtension vscode.git, startup: true, activationEvent: '*'
[2022-03-11 20:32:05.272] [exthost] [info] ExtensionService#_doActivateExtension vscode.github, startup: true, activationEvent: '*'
[2022-03-11 20:32:05.384] [exthost] [info] Eager extensions activated
[2022-03-11 20:32:05.409] [exthost] [info] ExtensionService#_doActivateExtension vscode.emmet, startup: false, activationEvent: 'onStartupFinished'
[2022-03-11 20:32:05.463] [exthost] [info] ExtensionService#_doActivateExtension vscode.merge-conflict, startup: false, activationEvent: 'onStartupFinished'
[2022-03-11 20:32:14.634] [exthost] [info] extension host terminating: renderer closed the socket
[2022-03-11 20:32:14.658] [exthost] [info] Extension host with pid 2321848 exiting with code 0
[2022-03-11 20:32:22.616] [exthost] [info] Extension host with pid 2322706 started
[2022-03-11 20:32:22.616] [exthost] [info] Skipping acquiring lock for /home/d3sk3r/.config/Code - OSS/User/workspaceStorage/d06093e1bf6b891bfa69cbf51370b36f.
[2022-03-11 20:32:22.983] [exthost] [info] ExtensionService#_doActivateExtension vscode.debug-auto-launch, startup: true, activationEvent: '*'
[2022-03-11 20:32:23.001] [exthost] [info] ExtensionService#_doActivateExtension vscode.git-base, startup: true, activationEvent: '*', root cause: vscode.github
[2022-03-11 20:32:23.073] [exthost] [info] ExtensionService#_doActivateExtension vscode.github, startup: true, activationEvent: '*'
[2022-03-11 20:32:23.118] [exthost] [info] Eager extensions activated
[2022-03-11 20:32:23.153] [exthost] [info] ExtensionService#_doActivateExtension vscode.emmet, startup: false, activationEvent: 'onStartupFinished'
[2022-03-11 20:32:23.163] [exthost] [info] ExtensionService#_doActivateExtension vscode.merge-conflict, startup: false, activationEvent: 'onStartupFinished'
[2022-03-11 20:32:24.858] [exthost] [info] ExtensionService#_doActivateExtension vscode.git, startup: false, activationEvent: 'api', root cause: vscode.github
[2022-03-11 20:32:24.895] [exthost] [info] ExtensionService#_doActivateExtension JackVandergriff.xresources-theme, startup: false, activationEvent: '*'
[2022-03-11 20:32:24.918] [exthost] [info] ExtensionService#_doActivateExtension ritwickdey.LiveServer, startup: false, activationEvent: 'onStartupFinished'
[2022-03-11 20:33:03.566] [exthost] [info] ExtensionService#_doActivateExtension vscode.typescript-language-features, startup: false, activationEvent: 'onLanguage:javascript'
[2022-03-11 20:33:06.921] [exthost] [info] ExtensionService#_doActivateExtension vscode.configuration-editing, startup: false, activationEvent: 'onLanguage:json'
[2022-03-11 20:33:06.944] [exthost] [info] ExtensionService#_doActivateExtension vscode.extension-editing, startup: false, activationEvent: 'onLanguage:json'
[2022-03-11 20:33:07.022] [exthost] [info] ExtensionService#_doActivateExtension vscode.json-language-features, startup: false, activationEvent: 'onLanguage:json'
[2022-03-11 20:33:07.334] [exthost] [info] ExtensionService#_doActivateExtension vscode.npm, startup: false, activationEvent: 'onLanguage:json'
[2022-03-11 20:34:36.941] [exthost] [info] ExtensionService#_doActivateExtension vscode.html-language-features, startup: false, activationEvent: 'onLanguage:html'
[2022-03-11 23:01:22.300] [exthost] [info] extension host terminating: renderer closed the socket
[2022-03-11 23:01:22.355] [exthost] [info] Extension host with pid 2322706 exiting with code 0
