[2022-10-03 17:22:56.320] [settingssync] [info] Using settings sync service https://vscode-sync.trafficmanager.net/
[2022-10-03 17:22:56.320] [settingssync] [info] Auto Sync is disabled.
[2022-10-03 17:28:34.542] [settingssync] [info] Did reset the local sync state.
[2022-10-03 17:28:34.545] [settingssync] [info] Settings: Not synced yet. Last sync resource does not exist.
[2022-10-03 17:28:34.825] [settingssync] [info] Settings: Not synced yet. Last sync resource does not exist.
[2022-10-03 17:28:35.113] [settingssync] [info] Keybindings: Not synced yet. Last sync resource does not exist.
[2022-10-03 17:28:35.389] [settingssync] [info] Snippets: Not synced yet. Last sync resource does not exist.
[2022-10-03 17:28:35.663] [settingssync] [info] Tasks: Not synced yet. Last sync resource does not exist.
[2022-10-03 17:28:36.026] [settingssync] [info] GlobalState: Not synced yet. Last sync resource does not exist.
[2022-10-03 17:28:36.313] [settingssync] [info] Extensions: Not synced yet. Last sync resource does not exist.
[2022-10-03 17:28:37.090] [settingssync] [info] Settings: Updated remote settings
[2022-10-03 17:28:37.106] [settingssync] [info] Settings: Updated last synchronized settings
[2022-10-03 17:28:37.109] [settingssync] [info] Keybindings: No changes found during synchronizing keybindings.
[2022-10-03 17:28:37.114] [settingssync] [info] Keybindings: Updated last synchronized keybindings
[2022-10-03 17:28:37.116] [settingssync] [info] Snippets: No changes found during synchronizing snippets.
[2022-10-03 17:28:37.120] [settingssync] [info] Snippets: Updated last synchronized snippets
[2022-10-03 17:28:37.121] [settingssync] [info] Tasks: No changes found during synchronizing tasks.
[2022-10-03 17:28:37.126] [settingssync] [info] Tasks: Updated last synchronized tasks
[2022-10-03 17:28:37.987] [settingssync] [info] GlobalState: Updated remote ui state
[2022-10-03 17:28:37.990] [settingssync] [info] GlobalState: Updated last synchronized ui state
[2022-10-03 17:28:38.424] [settingssync] [info] Extensions: Updated remote extensions. Added: ["vscode.bat","vscode.clojure","vscode.coffeescript","vscode.configuration-editing","vscode.cpp","vscode.csharp","vscode.css","vscode.css-language-features","vscode.dart","vscode.debug-auto-launch","vscode.debug-server-ready","vscode.diff","vscode.docker","vscode.emmet","vscode.extension-editing","vscode.fsharp","vscode.git","vscode.git-base","vscode.github","vscode.github-authentication","vscode.go","vscode.groovy","vscode.grunt","vscode.gulp","vscode.handlebars","vscode.hlsl","vscode.html","vscode.html-language-features","vscode.image-preview","vscode.ini","vscode.ipynb","vscode.jake","vscode.java","vscode.javascript","vscode.json","vscode.json-language-features","vscode.julia","vscode.latex","vscode.less","vscode.log","vscode.lua","vscode.make","vscode.markdown","vscode.markdown-language-features","vscode.markdown-math","vscode.merge-conflict","vscode.microsoft-authentication","ms-vscode.js-debug","ms-vscode.js-debug-companion","ms-vscode.vscode-js-profile-table","vscode.builtin-notebook-renderers","vscode.npm","vscode.objective-c","vscode.perl","vscode.php","vscode.php-language-features","vscode.powershell","vscode.pug","vscode.python","vscode.r","vscode.razor","vscode.references-view","vscode.restructuredtext","vscode.ruby","vscode.rust","vscode.scss","vscode.search-result","vscode.shaderlab","vscode.shellscript","vscode.simple-browser","vscode.sql","vscode.swift","vscode.theme-abyss","vscode.theme-defaults","vscode.theme-kimbie-dark","vscode.theme-monokai","vscode.theme-monokai-dimmed","vscode.theme-quietlight","vscode.theme-red","vscode.vscode-theme-seti","vscode.theme-solarized-dark","vscode.theme-solarized-light","vscode.theme-tomorrow-night-blue","vscode.typescript","vscode.typescript-language-features","vscode.vb","vscode.xml","vscode.yaml","jackvandergriff.xresources-theme","marqu3s.aurora-x"].
[2022-10-03 17:28:38.426] [settingssync] [info] Extensions: Updated last synchronized extensions.
[2022-10-03 17:28:38.437] [settingssync] [info] Auto Sync: Started
[2022-10-03 17:28:38.438] [settingssync] [info] Auto Sync: Triggered by Interval
[2022-10-03 17:28:39.689] [settingssync] [info] Settings: No changes found during synchronizing settings.
[2022-10-03 17:28:39.692] [settingssync] [info] Keybindings: No changes found during synchronizing keybindings.
[2022-10-03 17:28:39.694] [settingssync] [info] Snippets: No changes found during synchronizing snippets.
[2022-10-03 17:28:39.696] [settingssync] [info] Tasks: No changes found during synchronizing tasks.
[2022-10-03 17:28:39.699] [settingssync] [info] GlobalState: No changes found during synchronizing ui state.
[2022-10-03 17:28:39.735] [settingssync] [info] Extensions: No changes found during synchronizing extensions.
[2022-10-03 17:28:39.736] [settingssync] [info] Sync done. Took 50ms
[2022-10-03 17:29:25.463] [settingssync] [info] Auto Sync: Triggered by Activity
[2022-10-03 17:29:26.105] [settingssync] [info] Settings: Updated remote settings
[2022-10-03 17:29:26.108] [settingssync] [info] Settings: Updated last synchronized settings
[2022-10-03 17:29:26.111] [settingssync] [info] Keybindings: No changes found during synchronizing keybindings.
[2022-10-03 17:29:26.114] [settingssync] [info] Snippets: No changes found during synchronizing snippets.
[2022-10-03 17:29:26.116] [settingssync] [info] Tasks: No changes found during synchronizing tasks.
[2022-10-03 17:29:26.119] [settingssync] [info] GlobalState: No changes found during synchronizing ui state.
[2022-10-03 17:29:26.163] [settingssync] [info] Extensions: No changes found during synchronizing extensions.
[2022-10-03 17:29:26.164] [settingssync] [info] Sync done. Took 393ms
[2022-10-03 17:29:38.203] [settingssync] [info] Auto Sync: Triggered by Activity
[2022-10-03 17:29:38.803] [settingssync] [info] Settings: Updated remote settings
[2022-10-03 17:29:38.806] [settingssync] [info] Settings: Updated last synchronized settings
[2022-10-03 17:29:38.809] [settingssync] [info] Keybindings: No changes found during synchronizing keybindings.
[2022-10-03 17:29:38.813] [settingssync] [info] Snippets: No changes found during synchronizing snippets.
[2022-10-03 17:29:38.816] [settingssync] [info] Tasks: No changes found during synchronizing tasks.
[2022-10-03 17:29:38.821] [settingssync] [info] GlobalState: No changes found during synchronizing ui state.
[2022-10-03 17:29:38.860] [settingssync] [info] Extensions: No changes found during synchronizing extensions.
[2022-10-03 17:29:38.861] [settingssync] [info] Sync done. Took 385ms
[2022-10-03 17:30:04.862] [settingssync] [info] Auto Sync: Triggered by Activity
[2022-10-03 17:30:05.143] [settingssync] [info] Settings: No changes found during synchronizing settings.
[2022-10-03 17:30:05.145] [settingssync] [info] Keybindings: No changes found during synchronizing keybindings.
[2022-10-03 17:30:05.147] [settingssync] [info] Snippets: No changes found during synchronizing snippets.
[2022-10-03 17:30:05.149] [settingssync] [info] Tasks: No changes found during synchronizing tasks.
[2022-10-03 17:30:05.152] [settingssync] [info] GlobalState: No changes found during synchronizing ui state.
[2022-10-03 17:30:05.183] [settingssync] [info] Extensions: No changes found during synchronizing extensions.
[2022-10-03 17:30:05.184] [settingssync] [info] Sync done. Took 44ms
[2022-10-03 17:30:23.552] [settingssync] [info] Auto Sync: Triggered by Activity
[2022-10-03 17:30:23.833] [settingssync] [info] Settings: No changes found during synchronizing settings.
[2022-10-03 17:30:23.836] [settingssync] [info] Keybindings: No changes found during synchronizing keybindings.
[2022-10-03 17:30:23.838] [settingssync] [info] Snippets: No changes found during synchronizing snippets.
[2022-10-03 17:30:23.841] [settingssync] [info] Tasks: No changes found during synchronizing tasks.
[2022-10-03 17:30:23.844] [settingssync] [info] GlobalState: No changes found during synchronizing ui state.
[2022-10-03 17:30:23.893] [settingssync] [info] Extensions: No changes found during synchronizing extensions.
[2022-10-03 17:30:23.896] [settingssync] [info] Sync done. Took 65ms
[2022-10-03 17:30:26.983] [settingssync] [info] Auto Sync: Triggered by Activity
[2022-10-03 17:30:27.921] [settingssync] [info] Settings: Updated remote settings
[2022-10-03 17:30:27.924] [settingssync] [info] Settings: Updated last synchronized settings
[2022-10-03 17:30:27.927] [settingssync] [info] Keybindings: No changes found during synchronizing keybindings.
[2022-10-03 17:30:27.929] [settingssync] [info] Snippets: No changes found during synchronizing snippets.
[2022-10-03 17:30:27.931] [settingssync] [info] Tasks: No changes found during synchronizing tasks.
[2022-10-03 17:30:27.933] [settingssync] [info] GlobalState: No changes found during synchronizing ui state.
[2022-10-03 17:30:27.964] [settingssync] [info] Extensions: No changes found during synchronizing extensions.
[2022-10-03 17:30:27.965] [settingssync] [info] Sync done. Took 711ms
[2022-10-03 17:30:36.066] [settingssync] [info] Auto Sync: Triggered by Activity
[2022-10-03 17:30:36.902] [settingssync] [info] Settings: Updated remote settings
[2022-10-03 17:30:36.905] [settingssync] [info] Settings: Updated last synchronized settings
[2022-10-03 17:30:36.908] [settingssync] [info] Keybindings: No changes found during synchronizing keybindings.
[2022-10-03 17:30:36.911] [settingssync] [info] Snippets: No changes found during synchronizing snippets.
[2022-10-03 17:30:36.912] [settingssync] [info] Tasks: No changes found during synchronizing tasks.
[2022-10-03 17:30:36.915] [settingssync] [info] GlobalState: No changes found during synchronizing ui state.
[2022-10-03 17:30:36.946] [settingssync] [info] Extensions: No changes found during synchronizing extensions.
[2022-10-03 17:30:36.947] [settingssync] [info] Sync done. Took 582ms
[2022-10-03 17:30:38.319] [settingssync] [info] Auto Sync: Triggered by Activity
[2022-10-03 17:30:38.590] [settingssync] [info] Settings: No changes found during synchronizing settings.
[2022-10-03 17:30:38.592] [settingssync] [info] Keybindings: No changes found during synchronizing keybindings.
[2022-10-03 17:30:38.594] [settingssync] [info] Snippets: No changes found during synchronizing snippets.
[2022-10-03 17:30:38.596] [settingssync] [info] Tasks: No changes found during synchronizing tasks.
[2022-10-03 17:30:38.599] [settingssync] [info] GlobalState: No changes found during synchronizing ui state.
[2022-10-03 17:30:38.635] [settingssync] [info] Extensions: No changes found during synchronizing extensions.
[2022-10-03 17:30:38.636] [settingssync] [info] Sync done. Took 49ms
[2022-10-03 17:30:54.707] [settingssync] [info] Auto Sync: Triggered by Activity
[2022-10-03 17:30:55.312] [settingssync] [info] Settings: Updated remote settings
[2022-10-03 17:30:55.315] [settingssync] [info] Settings: Updated last synchronized settings
[2022-10-03 17:30:55.317] [settingssync] [info] Keybindings: No changes found during synchronizing keybindings.
[2022-10-03 17:30:55.320] [settingssync] [info] Snippets: No changes found during synchronizing snippets.
[2022-10-03 17:30:55.322] [settingssync] [info] Tasks: No changes found during synchronizing tasks.
[2022-10-03 17:30:55.325] [settingssync] [info] GlobalState: No changes found during synchronizing ui state.
[2022-10-03 17:30:55.359] [settingssync] [info] Extensions: No changes found during synchronizing extensions.
[2022-10-03 17:30:55.360] [settingssync] [info] Sync done. Took 353ms
[2022-10-03 17:30:58.921] [settingssync] [info] Auto Sync: Triggered by Activity
[2022-10-03 17:30:59.534] [settingssync] [info] Settings: Updated remote settings
[2022-10-03 17:30:59.537] [settingssync] [info] Settings: Updated last synchronized settings
[2022-10-03 17:30:59.540] [settingssync] [info] Keybindings: No changes found during synchronizing keybindings.
[2022-10-03 17:30:59.542] [settingssync] [info] Snippets: No changes found during synchronizing snippets.
[2022-10-03 17:30:59.544] [settingssync] [info] Tasks: No changes found during synchronizing tasks.
[2022-10-03 17:30:59.547] [settingssync] [info] GlobalState: No changes found during synchronizing ui state.
[2022-10-03 17:30:59.588] [settingssync] [info] Extensions: No changes found during synchronizing extensions.
[2022-10-03 17:30:59.589] [settingssync] [info] Sync done. Took 388ms
[2022-10-03 17:31:11.456] [settingssync] [info] Auto Sync: Triggered by Activity
[2022-10-03 17:31:11.741] [settingssync] [info] Settings: No changes found during synchronizing settings.
[2022-10-03 17:31:11.744] [settingssync] [info] Keybindings: No changes found during synchronizing keybindings.
[2022-10-03 17:31:11.746] [settingssync] [info] Snippets: No changes found during synchronizing snippets.
[2022-10-03 17:31:11.748] [settingssync] [info] Tasks: No changes found during synchronizing tasks.
[2022-10-03 17:31:11.750] [settingssync] [info] GlobalState: No changes found during synchronizing ui state.
[2022-10-03 17:31:11.789] [settingssync] [info] Extensions: No changes found during synchronizing extensions.
[2022-10-03 17:31:11.790] [settingssync] [info] Sync done. Took 50ms
[2022-10-03 17:31:22.959] [settingssync] [info] Auto Sync: Triggered by Activity
[2022-10-03 17:31:24.247] [settingssync] [info] Settings: Updated remote settings
[2022-10-03 17:31:24.251] [settingssync] [info] Settings: Updated last synchronized settings
[2022-10-03 17:31:24.253] [settingssync] [info] Keybindings: No changes found during synchronizing keybindings.
[2022-10-03 17:31:24.256] [settingssync] [info] Snippets: No changes found during synchronizing snippets.
[2022-10-03 17:31:24.259] [settingssync] [info] Tasks: No changes found during synchronizing tasks.
[2022-10-03 17:31:24.261] [settingssync] [info] GlobalState: No changes found during synchronizing ui state.
[2022-10-03 17:31:24.308] [settingssync] [info] Extensions: No changes found during synchronizing extensions.
[2022-10-03 17:31:24.309] [settingssync] [info] Sync done. Took 1080ms
[2022-10-03 17:31:40.331] [settingssync] [info] Auto Sync: Triggered by Activity
[2022-10-03 17:31:40.616] [settingssync] [info] Settings: No changes found during synchronizing settings.
[2022-10-03 17:31:40.619] [settingssync] [info] Keybindings: No changes found during synchronizing keybindings.
[2022-10-03 17:31:40.622] [settingssync] [info] Snippets: No changes found during synchronizing snippets.
[2022-10-03 17:31:40.624] [settingssync] [info] Tasks: No changes found during synchronizing tasks.
[2022-10-03 17:31:40.627] [settingssync] [info] GlobalState: No changes found during synchronizing ui state.
[2022-10-03 17:31:40.664] [settingssync] [info] Extensions: No changes found during synchronizing extensions.
[2022-10-03 17:31:40.665] [settingssync] [info] Sync done. Took 50ms
