[2022-06-20T02:06:44.878Z] Validating found git in: git
[2022-06-20T02:06:44.917Z] Using git 2.36.1 from git
[2022-06-20T02:06:44.941Z] > git rev-parse --show-toplevel [6ms]
[2022-06-20T02:06:44.963Z] > git rev-parse --git-dir --git-common-dir [3ms]
[2022-06-20T02:06:44.977Z] Open repository: /home/d3sk3r/newtab
[2022-06-20T02:06:45.030Z] > git status -z -uall [21ms]
[2022-06-20T02:06:45.047Z] > git symbolic-ref --short HEAD [2ms]
[2022-06-20T02:06:45.062Z] > git for-each-ref --format=%(refname)%00%(upstream:short)%00%(objectname)%00%(upstream:track)%00%(upstream:remotename)%00%(upstream:remoteref) refs/heads/master refs/remotes/master [3ms]
[2022-06-20T02:06:45.090Z] > git remote --verbose [4ms]
[2022-06-20T02:06:45.091Z] > git for-each-ref --sort -committerdate --format %(refname) %(objectname) %(*objectname) [16ms]
[2022-06-20T02:06:45.114Z] > git config --get commit.template [5ms]
[2022-06-20T02:06:46.122Z] > git check-ignore -v -z --stdin [3ms]
[2022-06-20T02:07:00.053Z] > git show --textconv :test.js [64ms]
[2022-06-20T02:07:00.055Z] > git ls-files --stage -- /home/d3sk3r/newtab/test.js [47ms]
[2022-06-20T02:07:00.968Z] > git status -z -uall [20ms]
[2022-06-20T02:07:00.987Z] > git symbolic-ref --short HEAD [3ms]
[2022-06-20T02:07:01.009Z] > git for-each-ref --format=%(refname)%00%(upstream:short)%00%(objectname)%00%(upstream:track)%00%(upstream:remotename)%00%(upstream:remoteref) refs/heads/master refs/remotes/master [4ms]
[2022-06-20T02:07:01.052Z] > git remote --verbose [11ms]
[2022-06-20T02:07:01.053Z] > git for-each-ref --sort -committerdate --format %(refname) %(objectname) %(*objectname) [23ms]
[2022-06-20T02:07:01.104Z] > git config --get commit.template [25ms]
[2022-06-20T02:07:01.108Z] > git ls-files --stage -- /home/d3sk3r/newtab/test.js [7ms]
[2022-06-20T02:07:01.179Z] > git show --textconv :test.js [12ms]
