[2022-10-03 17:32:38.435] [sharedprocess] [info] Starting worker process with pid 67193 (type: fileWatcher, window: 1).
[2022-10-03 17:33:28.192] [sharedprocess] [info] Getting Manifest... ritwickdey.liveserver
[2022-10-03 17:33:28.196] [sharedprocess] [info] Installing extension: ritwickdey.liveserver
[2022-10-03 17:33:33.581] [sharedprocess] [info] Downloaded extension: ritwickdey.liveserver /home/desker/.config/Code/CachedExtensionVSIXs/ritwickdey.liveserver-5.7.9
[2022-10-03 17:33:35.379] [sharedprocess] [info] Extracted extension to /home/desker/.vscode/extensions/.74301d2b-0d46-4a84-8948-39a2cd655c60: ritwickdey.liveserver
[2022-10-03 17:33:35.389] [sharedprocess] [info] Renamed to /home/desker/.vscode/extensions/ritwickdey.liveserver-5.7.9
[2022-10-03 17:33:35.390] [sharedprocess] [info] Extracting completed. ritwickdey.liveserver
[2022-10-03 17:33:35.392] [sharedprocess] [info] Extension installed successfully: ritwickdey.liveserver
[2022-10-03 17:34:41.617] [sharedprocess] [info] Getting Manifest... negokaz.live-server-preview
[2022-10-03 17:34:41.621] [sharedprocess] [info] Installing extension: negokaz.live-server-preview
[2022-10-03 17:34:43.772] [sharedprocess] [info] Uninstalling extension: ritwickdey.liveserver@5.7.9
[2022-10-03 17:34:43.856] [sharedprocess] [info] Detected extension removed from another source ritwickdey.liveserver
[2022-10-03 17:34:44.130] [sharedprocess] [info] Successfully uninstalled extension: ritwickdey.liveserver@5.7.9
[2022-10-03 17:34:46.054] [sharedprocess] [info] Downloaded extension: negokaz.live-server-preview /home/desker/.config/Code/CachedExtensionVSIXs/negokaz.live-server-preview-0.1.4
[2022-10-03 17:34:46.783] [sharedprocess] [info] Extracted extension to /home/desker/.vscode/extensions/.5fad6033-19ea-42b3-a0fc-961b51624c2f: negokaz.live-server-preview
[2022-10-03 17:34:46.787] [sharedprocess] [info] Renamed to /home/desker/.vscode/extensions/negokaz.live-server-preview-0.1.4
[2022-10-03 17:34:46.788] [sharedprocess] [info] Extracting completed. negokaz.live-server-preview
[2022-10-03 17:34:46.789] [sharedprocess] [info] Extension installed successfully: negokaz.live-server-preview
[2022-10-03 17:36:18.662] [sharedprocess] [error] [uncaught exception in sharedProcess]: Cannot read properties of undefined (reading 'then'): TypeError: Cannot read properties of undefined (reading 'then')
    at a.onPromise (vscode-file://vscode-app/opt/visual-studio-code/resources/app/out/vs/code/electron-browser/sharedProcess/sharedProcessMain.js:23:5952)
    at a.onRawMessage (vscode-file://vscode-app/opt/visual-studio-code/resources/app/out/vs/code/electron-browser/sharedProcess/sharedProcessMain.js:23:5245)
    at vscode-file://vscode-app/opt/visual-studio-code/resources/app/out/vs/code/electron-browser/sharedProcess/sharedProcessMain.js:23:4526
    at S.invoke (vscode-file://vscode-app/opt/visual-studio-code/resources/app/out/vs/code/electron-browser/sharedProcess/sharedProcessMain.js:19:145)
    at g.deliver (vscode-file://vscode-app/opt/visual-studio-code/resources/app/out/vs/code/electron-browser/sharedProcess/sharedProcessMain.js:19:2266)
    at C.fire (vscode-file://vscode-app/opt/visual-studio-code/resources/app/out/vs/code/electron-browser/sharedProcess/sharedProcessMain.js:19:1844)
    at MessagePort.Z (vscode-file://vscode-app/opt/visual-studio-code/resources/app/out/vs/code/electron-browser/sharedProcess/sharedProcessMain.js:17:23639)
[2022-10-03 17:36:27.020] [sharedprocess] [error] [uncaught exception in sharedProcess]: Cannot read properties of undefined (reading 'then'): TypeError: Cannot read properties of undefined (reading 'then')
    at a.onPromise (vscode-file://vscode-app/opt/visual-studio-code/resources/app/out/vs/code/electron-browser/sharedProcess/sharedProcessMain.js:23:5952)
    at a.onRawMessage (vscode-file://vscode-app/opt/visual-studio-code/resources/app/out/vs/code/electron-browser/sharedProcess/sharedProcessMain.js:23:5245)
    at vscode-file://vscode-app/opt/visual-studio-code/resources/app/out/vs/code/electron-browser/sharedProcess/sharedProcessMain.js:23:4526
    at S.invoke (vscode-file://vscode-app/opt/visual-studio-code/resources/app/out/vs/code/electron-browser/sharedProcess/sharedProcessMain.js:19:145)
    at g.deliver (vscode-file://vscode-app/opt/visual-studio-code/resources/app/out/vs/code/electron-browser/sharedProcess/sharedProcessMain.js:19:2266)
    at C.fire (vscode-file://vscode-app/opt/visual-studio-code/resources/app/out/vs/code/electron-browser/sharedProcess/sharedProcessMain.js:19:1844)
    at MessagePort.Z (vscode-file://vscode-app/opt/visual-studio-code/resources/app/out/vs/code/electron-browser/sharedProcess/sharedProcessMain.js:17:23639)
