[2022-10-03 17:32:38.314] [exthost] [info] Extension host with pid 67130 started
[2022-10-03 17:32:38.314] [exthost] [info] Skipping acquiring lock for /home/desker/.config/Code/User/workspaceStorage/9503d6c53fad64a1a8f8cc3a9b7a9234.
[2022-10-03 17:32:38.362] [exthost] [info] ExtensionService#_doActivateExtension vscode.microsoft-authentication, startup: false, activationEvent: 'onAuthenticationRequest:microsoft'
[2022-10-03 17:32:38.373] [exthost] [info] ExtensionService#_doActivateExtension vscode.debug-auto-launch, startup: true, activationEvent: '*'
[2022-10-03 17:32:38.374] [exthost] [info] ExtensionService#_doActivateExtension vscode.git-base, startup: true, activationEvent: '*', root cause: vscode.git
[2022-10-03 17:32:38.375] [exthost] [info] ExtensionService#_doActivateExtension vscode.ipynb, startup: true, activationEvent: '*'
[2022-10-03 17:32:38.377] [exthost] [info] ExtensionService#_doActivateExtension JackVandergriff.xresources-theme, startup: true, activationEvent: '*'
[2022-10-03 17:32:38.461] [exthost] [info] ExtensionService#_doActivateExtension vscode.git, startup: true, activationEvent: '*'
[2022-10-03 17:32:38.472] [exthost] [info] ExtensionService#_doActivateExtension vscode.github, startup: true, activationEvent: '*'
[2022-10-03 17:32:38.496] [exthost] [info] Eager extensions activated
[2022-10-03 17:32:38.515] [exthost] [info] ExtensionService#_doActivateExtension vscode.emmet, startup: false, activationEvent: 'onStartupFinished'
[2022-10-03 17:32:38.518] [exthost] [info] ExtensionService#_doActivateExtension vscode.merge-conflict, startup: false, activationEvent: 'onStartupFinished'
[2022-10-03 17:32:38.560] [exthost] [info] ExtensionService#_doActivateExtension vscode.github-authentication, startup: false, activationEvent: 'onAuthenticationRequest:github'
[2022-10-03 17:32:41.512] [exthost] [info] ExtensionService#_doActivateExtension vscode.html-language-features, startup: false, activationEvent: 'onLanguage:html'
[2022-10-03 17:33:35.511] [exthost] [info] ExtensionService#_doActivateExtension ritwickdey.LiveServer, startup: false, activationEvent: 'onStartupFinished'
[2022-10-03 17:33:49.264] [exthost] [info] ExtensionService#_doActivateExtension vscode.configuration-editing, startup: false, activationEvent: 'onLanguage:jsonc'
[2022-10-03 17:33:49.266] [exthost] [info] ExtensionService#_doActivateExtension vscode.json-language-features, startup: false, activationEvent: 'onLanguage:jsonc'
[2022-10-03 17:33:49.275] [exthost] [info] ExtensionService#_doActivateExtension vscode.typescript-language-features, startup: false, activationEvent: 'onLanguage:jsonc'
[2022-10-03 17:36:44.910] [exthost] [info] ExtensionService#_doActivateExtension negokaz.live-server-preview, startup: false, activationEvent: 'onCommand:extension.liveServerPreview.open'
[2022-10-03 17:38:05.419] [exthost] [info] Extension host terminating: received terminate message from renderer
[2022-10-03 17:38:05.436] [exthost] [info] Extension host with pid 67130 exiting with code 0
