[2022-06-20T02:14:36.770Z] Validating found git in: git
[2022-06-20T02:14:36.816Z] Using git 2.36.1 from git
[2022-06-20T02:14:36.860Z] > git rev-parse --show-toplevel [9ms]
[2022-06-20T02:14:36.887Z] > git rev-parse --git-dir --git-common-dir [7ms]
[2022-06-20T02:14:36.916Z] Open repository: /home/d3sk3r/newtab
[2022-06-20T02:14:36.968Z] > git status -z -uall [30ms]
[2022-06-20T02:14:36.989Z] > git symbolic-ref --short HEAD [5ms]
[2022-06-20T02:14:37.030Z] > git for-each-ref --format=%(refname)%00%(upstream:short)%00%(objectname)%00%(upstream:track)%00%(upstream:remotename)%00%(upstream:remoteref) refs/heads/master refs/remotes/master [8ms]
[2022-06-20T02:14:37.165Z] > git remote --verbose [4ms]
[2022-06-20T02:14:37.165Z] > git for-each-ref --sort -committerdate --format %(refname) %(objectname) %(*objectname) [31ms]
[2022-06-20T02:14:37.191Z] > git config --get commit.template [3ms]
[2022-06-20T02:14:40.467Z] > git check-ignore -v -z --stdin [14ms]
[2022-06-20T02:14:50.209Z] > git status -z -uall [16ms]
[2022-06-20T02:14:50.222Z] > git symbolic-ref --short HEAD [2ms]
[2022-06-20T02:14:50.247Z] > git for-each-ref --format=%(refname)%00%(upstream:short)%00%(objectname)%00%(upstream:track)%00%(upstream:remotename)%00%(upstream:remoteref) refs/heads/master refs/remotes/master [3ms]
[2022-06-20T02:14:50.275Z] > git for-each-ref --sort -committerdate --format %(refname) %(objectname) %(*objectname) [15ms]
[2022-06-20T02:14:50.278Z] > git remote --verbose [7ms]
[2022-06-20T02:14:50.305Z] > git config --get commit.template [3ms]
[2022-06-20T02:15:42.526Z] > git show --textconv :test.js [9ms]
[2022-06-20T02:15:42.534Z] > git ls-files --stage -- /home/d3sk3r/newtab/test.js [8ms]
[2022-06-20T02:16:17.191Z] > git show --textconv :test.js [25ms]
[2022-06-20T02:16:17.197Z] > git ls-files --stage -- /home/d3sk3r/newtab/test.js [8ms]
[2022-06-20T02:21:38.405Z] > git show --textconv :test.js [21ms]
[2022-06-20T02:21:38.407Z] > git ls-files --stage -- /home/d3sk3r/newtab/test.js [4ms]
[2022-06-20T02:21:44.596Z] > git show --textconv :test.js [31ms]
[2022-06-20T02:21:44.597Z] > git ls-files --stage -- /home/d3sk3r/newtab/test.js [8ms]
[2022-06-20T02:21:50.548Z] > git show --textconv :test.js [8ms]
[2022-06-20T02:21:50.550Z] > git ls-files --stage -- /home/d3sk3r/newtab/test.js [3ms]
[2022-06-20T02:22:16.883Z] > git show --textconv :test.js [22ms]
[2022-06-20T02:22:16.885Z] > git ls-files --stage -- /home/d3sk3r/newtab/test.js [4ms]
[2022-06-20T02:22:23.587Z] > git show --textconv :test.js [24ms]
[2022-06-20T02:22:23.589Z] > git ls-files --stage -- /home/d3sk3r/newtab/test.js [3ms]
[2022-06-20T02:22:27.560Z] > git show --textconv :test.js [19ms]
[2022-06-20T02:22:27.562Z] > git ls-files --stage -- /home/d3sk3r/newtab/test.js [3ms]
[2022-06-20T02:22:29.094Z] > git show --textconv :test.js [33ms]
[2022-06-20T02:22:29.096Z] > git ls-files --stage -- /home/d3sk3r/newtab/test.js [3ms]
[2022-06-20T02:22:40.191Z] > git show --textconv :test.js [29ms]
[2022-06-20T02:22:40.193Z] > git ls-files --stage -- /home/d3sk3r/newtab/test.js [8ms]
