Looking for git in: git
Using git 2.32.0 from git
> git rev-parse --git-dir
Open repository: /home/d3sk3r/react/react-app
> git status -z -u
> git symbolic-ref --short HEAD
> git for-each-ref --format=%(refname)%00%(upstream:short)%00%(objectname)%00%(upstream:track) refs/heads/master refs/remotes/master
> git for-each-ref --sort -committerdate --format %(refname) %(objectname) %(*objectname)
> git remote --verbose
> git config --get commit.template
> git check-ignore -v -z --stdin
> git show --textconv :package.json
> git ls-files --stage -- /home/d3sk3r/react/react-app/package.json
> git cat-file -s d329672f20b81e4a38d2098c0a6dd4032263d720
> git check-ignore -v -z --stdin
> git show --textconv :src/App.js
> git ls-files --stage -- /home/d3sk3r/react/react-app/src/App.js
> git cat-file -s 37845757234ccb68531c10cf7a2ffc589c47e342
> git show --textconv :src/App.test.js
> git ls-files --stage -- /home/d3sk3r/react/react-app/src/App.test.js
> git cat-file -s 1f03afeece5ac28064fa3c73a29215037465f789
> git show --textconv :.vscode/launch.json
> git ls-files --stage -- /home/d3sk3r/react/react-app/.vscode/launch.json
> git check-ignore -v -z --stdin
> git status -z -u
> git symbolic-ref --short HEAD
> git for-each-ref --format=%(refname)%00%(upstream:short)%00%(objectname)%00%(upstream:track) refs/heads/master refs/remotes/master
> git for-each-ref --sort -committerdate --format %(refname) %(objectname) %(*objectname)
> git remote --verbose
> git config --get commit.template
> git show --textconv HEAD:.vscode/launch.json
> git ls-tree -l HEAD -- /home/d3sk3r/react/react-app/.vscode/launch.json
> git show --textconv :.vscode/launch.json
> git ls-files --stage -- /home/d3sk3r/react/react-app/.vscode/launch.json
> git clean -f -q -- /home/d3sk3r/react/react-app/.vscode/launch.json
> git checkout -q
> git status -z -u
> git symbolic-ref --short HEAD
> git for-each-ref --format=%(refname)%00%(upstream:short)%00%(objectname)%00%(upstream:track) refs/heads/master refs/remotes/master
> git for-each-ref --sort -committerdate --format %(refname) %(objectname) %(*objectname)
> git remote --verbose
> git config --get commit.template
> git ls-files --stage -- /home/d3sk3r/react/react-app/.vscode/launch.json
> git show --textconv :.vscode/launch.json
> git status -z -u
> git symbolic-ref --short HEAD
> git for-each-ref --format=%(refname)%00%(upstream:short)%00%(objectname)%00%(upstream:track) refs/heads/master refs/remotes/master
> git for-each-ref --sort -committerdate --format %(refname) %(objectname) %(*objectname)
> git remote --verbose
> git config --get commit.template
> git log --format=%H%n%aN%n%aE%n%at%n%ct%n%P%n%B -z -n21 -- /home/d3sk3r/react/react-app/.vscode/launch.json
> git status -z -u
> git symbolic-ref --short HEAD
> git for-each-ref --format=%(refname)%00%(upstream:short)%00%(objectname)%00%(upstream:track) refs/heads/master refs/remotes/master
> git for-each-ref --sort -committerdate --format %(refname) %(objectname) %(*objectname)
> git remote --verbose
> git config --get commit.template
> git ls-files --stage -- /home/d3sk3r/react/react-app/.vscode/launch.json
> git show --textconv :.vscode/launch.json
> git status -z -u
> git symbolic-ref --short HEAD
> git for-each-ref --format=%(refname)%00%(upstream:short)%00%(objectname)%00%(upstream:track) refs/heads/master refs/remotes/master
> git for-each-ref --sort -committerdate --format %(refname) %(objectname) %(*objectname)
> git remote --verbose
> git config --get commit.template
> git status -z -u
> git symbolic-ref --short HEAD
> git for-each-ref --format=%(refname)%00%(upstream:short)%00%(objectname)%00%(upstream:track) refs/heads/master refs/remotes/master
> git for-each-ref --sort -committerdate --format %(refname) %(objectname) %(*objectname)
> git remote --verbose
> git config --get commit.template
> git status -z -u
> git symbolic-ref --short HEAD
> git for-each-ref --format=%(refname)%00%(upstream:short)%00%(objectname)%00%(upstream:track) refs/heads/master refs/remotes/master
> git for-each-ref --sort -committerdate --format %(refname) %(objectname) %(*objectname)
> git remote --verbose
> git config --get commit.template
> git status -z -u
> git symbolic-ref --short HEAD
> git for-each-ref --format=%(refname)%00%(upstream:short)%00%(objectname)%00%(upstream:track) refs/heads/master refs/remotes/master
> git for-each-ref --sort -committerdate --format %(refname) %(objectname) %(*objectname)
> git remote --verbose
> git config --get commit.template
> git show --textconv :src/App.test.js
> git ls-files --stage -- /home/d3sk3r/react/react-app/src/App.test.js
> git cat-file -s 1f03afeece5ac28064fa3c73a29215037465f789
> git log --format=%H%n%aN%n%aE%n%at%n%ct%n%P%n%B -z -n21 -- /home/d3sk3r/react/react-app/src/App.test.js
> git log --format=%H%n%aN%n%aE%n%at%n%ct%n%P%n%B -z -n41 -- /home/d3sk3r/react/react-app/src/App.test.js
> git show --textconv :src/App.js
> git ls-files --stage -- /home/d3sk3r/react/react-app/src/App.js
> git cat-file -s 37845757234ccb68531c10cf7a2ffc589c47e342
> git show --textconv :src/App.test.js
> git ls-files --stage -- /home/d3sk3r/react/react-app/src/App.test.js
> git cat-file -s 1f03afeece5ac28064fa3c73a29215037465f789
> git show --textconv :src/App.js
> git ls-files --stage -- /home/d3sk3r/react/react-app/src/App.js
> git cat-file -s 37845757234ccb68531c10cf7a2ffc589c47e342
> git status -z -u
> git symbolic-ref --short HEAD
> git for-each-ref --format=%(refname)%00%(upstream:short)%00%(objectname)%00%(upstream:track) refs/heads/master refs/remotes/master
> git for-each-ref --sort -committerdate --format %(refname) %(objectname) %(*objectname)
> git remote --verbose
> git config --get commit.template
> git status -z -u
> git symbolic-ref --short HEAD
> git for-each-ref --format=%(refname)%00%(upstream:short)%00%(objectname)%00%(upstream:track) refs/heads/master refs/remotes/master
> git for-each-ref --sort -committerdate --format %(refname) %(objectname) %(*objectname)
> git remote --verbose
> git config --get commit.template
> git show --textconv :src/App.test.js
> git ls-files --stage -- /home/d3sk3r/react/react-app/src/App.test.js
> git cat-file -s 1f03afeece5ac28064fa3c73a29215037465f789
> git show --textconv :src/App.js
> git ls-files --stage -- /home/d3sk3r/react/react-app/src/App.js
> git cat-file -s 37845757234ccb68531c10cf7a2ffc589c47e342
> git status -z -u
> git symbolic-ref --short HEAD
> git for-each-ref --format=%(refname)%00%(upstream:short)%00%(objectname)%00%(upstream:track) refs/heads/master refs/remotes/master
> git for-each-ref --sort -committerdate --format %(refname) %(objectname) %(*objectname)
> git remote --verbose
> git config --get commit.template
> git log --format=%H%n%aN%n%aE%n%at%n%ct%n%P%n%B -z -n21 -- /home/d3sk3r/react/react-app/src/App.js
> git show --textconv :src/logo.svg
> git ls-files --stage -- /home/d3sk3r/react/react-app/src/logo.svg
> git cat-file -s 9dfc1c058cebbef8b891c5062be6f31033d7d186
> git show --textconv :src/App.js
> git ls-files --stage -- /home/d3sk3r/react/react-app/src/App.js
> git cat-file -s 37845757234ccb68531c10cf7a2ffc589c47e342
> git status -z -u
> git symbolic-ref --short HEAD
> git for-each-ref --format=%(refname)%00%(upstream:short)%00%(objectname)%00%(upstream:track) refs/heads/master refs/remotes/master
> git for-each-ref --sort -committerdate --format %(refname) %(objectname) %(*objectname)
> git remote --verbose
> git config --get commit.template
> git status -z -u
> git symbolic-ref --short HEAD
> git for-each-ref --format=%(refname)%00%(upstream:short)%00%(objectname)%00%(upstream:track) refs/heads/master refs/remotes/master
> git for-each-ref --sort -committerdate --format %(refname) %(objectname) %(*objectname)
> git remote --verbose
> git config --get commit.template
> git status -z -u
> git symbolic-ref --short HEAD
> git for-each-ref --format=%(refname)%00%(upstream:short)%00%(objectname)%00%(upstream:track) refs/heads/master refs/remotes/master
> git for-each-ref --sort -committerdate --format %(refname) %(objectname) %(*objectname)
> git remote --verbose
> git config --get commit.template
> git show --textconv :src/App.css
> git ls-files --stage -- /home/d3sk3r/react/react-app/src/App.css
> git cat-file -s 74b5e053450a48a6bdb4d71aad648e7af821975c
> git show --textconv :src/App.js
> git ls-files --stage -- /home/d3sk3r/react/react-app/src/App.js
> git cat-file -s 37845757234ccb68531c10cf7a2ffc589c47e342
> git status -z -u
> git symbolic-ref --short HEAD
> git for-each-ref --format=%(refname)%00%(upstream:short)%00%(objectname)%00%(upstream:track) refs/heads/master refs/remotes/master
> git for-each-ref --sort -committerdate --format %(refname) %(objectname) %(*objectname)
> git remote --verbose
> git config --get commit.template
> git check-ignore -v -z --stdin
> git status -z -u
> git symbolic-ref --short HEAD
> git for-each-ref --format=%(refname)%00%(upstream:short)%00%(objectname)%00%(upstream:track) refs/heads/master refs/remotes/master
> git for-each-ref --sort -committerdate --format %(refname) %(objectname) %(*objectname)
> git remote --verbose
> git config --get commit.template
> git show --textconv :src/Counter/Counter.js
> git ls-files --stage -- /home/d3sk3r/react/react-app/src/Counter/Counter.js
> git check-ignore -v -z --stdin
> git status -z -u
> git symbolic-ref --short HEAD
> git for-each-ref --format=%(refname)%00%(upstream:short)%00%(objectname)%00%(upstream:track) refs/heads/master refs/remotes/master
> git for-each-ref --sort -committerdate --format %(refname) %(objectname) %(*objectname)
> git remote --verbose
> git config --get commit.template
> git show --textconv :src/App.js
> git ls-files --stage -- /home/d3sk3r/react/react-app/src/App.js
> git cat-file -s 37845757234ccb68531c10cf7a2ffc589c47e342
> git show --textconv :src/Counter/Counter.js
> git ls-files --stage -- /home/d3sk3r/react/react-app/src/Counter/Counter.js
> git status -z -u
> git symbolic-ref --short HEAD
> git for-each-ref --format=%(refname)%00%(upstream:short)%00%(objectname)%00%(upstream:track) refs/heads/master refs/remotes/master
> git for-each-ref --sort -committerdate --format %(refname) %(objectname) %(*objectname)
> git remote --verbose
> git config --get commit.template
> git status -z -u
> git symbolic-ref --short HEAD
> git for-each-ref --format=%(refname)%00%(upstream:short)%00%(objectname)%00%(upstream:track) refs/heads/master refs/remotes/master
> git for-each-ref --sort -committerdate --format %(refname) %(objectname) %(*objectname)
> git remote --verbose
> git config --get commit.template
> git show --textconv :src/App.js
> git ls-files --stage -- /home/d3sk3r/react/react-app/src/App.js
> git cat-file -s 37845757234ccb68531c10cf7a2ffc589c47e342
> git status -z -u
> git symbolic-ref --short HEAD
> git for-each-ref --format=%(refname)%00%(upstream:short)%00%(objectname)%00%(upstream:track) refs/heads/master refs/remotes/master
> git for-each-ref --sort -committerdate --format %(refname) %(objectname) %(*objectname)
> git remote --verbose
> git config --get commit.template
> git status -z -u
> git symbolic-ref --short HEAD
> git for-each-ref --format=%(refname)%00%(upstream:short)%00%(objectname)%00%(upstream:track) refs/heads/master refs/remotes/master
> git for-each-ref --sort -committerdate --format %(refname) %(objectname) %(*objectname)
> git remote --verbose
> git config --get commit.template
> git status -z -u
> git symbolic-ref --short HEAD
> git for-each-ref --format=%(refname)%00%(upstream:short)%00%(objectname)%00%(upstream:track) refs/heads/master refs/remotes/master
> git for-each-ref --sort -committerdate --format %(refname) %(objectname) %(*objectname)
> git remote --verbose
> git config --get commit.template
> git status -z -u
> git symbolic-ref --short HEAD
> git for-each-ref --format=%(refname)%00%(upstream:short)%00%(objectname)%00%(upstream:track) refs/heads/master refs/remotes/master
> git for-each-ref --sort -committerdate --format %(refname) %(objectname) %(*objectname)
> git remote --verbose
> git config --get commit.template
> git show --textconv :src/Counter/Counter.js
> git ls-files --stage -- /home/d3sk3r/react/react-app/src/Counter/Counter.js
> git status -z -u
> git symbolic-ref --short HEAD
> git for-each-ref --format=%(refname)%00%(upstream:short)%00%(objectname)%00%(upstream:track) refs/heads/master refs/remotes/master
> git for-each-ref --sort -committerdate --format %(refname) %(objectname) %(*objectname)
> git remote --verbose
> git config --get commit.template
> git show --textconv :src/App.js
> git ls-files --stage -- /home/d3sk3r/react/react-app/src/App.js
> git cat-file -s 37845757234ccb68531c10cf7a2ffc589c47e342
> git show --textconv :src/Counter/Counter.js
> git ls-files --stage -- /home/d3sk3r/react/react-app/src/Counter/Counter.js
> git show --textconv :src/App.js
> git ls-files --stage -- /home/d3sk3r/react/react-app/src/App.js
> git cat-file -s 37845757234ccb68531c10cf7a2ffc589c47e342
> git show --textconv :src/index.js
> git ls-files --stage -- /home/d3sk3r/react/react-app/src/index.js
> git cat-file -s ef2edf8ea3fc42258464231e29140c8723458c1e
> git show --textconv :src/App.js
> git ls-files --stage -- /home/d3sk3r/react/react-app/src/App.js
> git cat-file -s 37845757234ccb68531c10cf7a2ffc589c47e342
> git check-ignore -v -z --stdin
> git status -z -u
> git symbolic-ref --short HEAD
> git for-each-ref --format=%(refname)%00%(upstream:short)%00%(objectname)%00%(upstream:track) refs/heads/master refs/remotes/master
> git for-each-ref --sort -committerdate --format %(refname) %(objectname) %(*objectname)
> git remote --verbose
> git config --get commit.template
> git show --textconv :src/Counter/__test__/Counter.test.js
> git ls-files --stage -- /home/d3sk3r/react/react-app/src/Counter/__test__/Counter.test.js
> git check-ignore -v -z --stdin
> git status -z -u
> git symbolic-ref --short HEAD
> git for-each-ref --format=%(refname)%00%(upstream:short)%00%(objectname)%00%(upstream:track) refs/heads/master refs/remotes/master
> git for-each-ref --sort -committerdate --format %(refname) %(objectname) %(*objectname)
> git remote --verbose
> git config --get commit.template
> git status -z -u
> git symbolic-ref --short HEAD
> git for-each-ref --format=%(refname)%00%(upstream:short)%00%(objectname)%00%(upstream:track) refs/heads/master refs/remotes/master
> git for-each-ref --sort -committerdate --format %(refname) %(objectname) %(*objectname)
> git remote --verbose
> git config --get commit.template
> git status -z -u
> git symbolic-ref --short HEAD
> git for-each-ref --format=%(refname)%00%(upstream:short)%00%(objectname)%00%(upstream:track) refs/heads/master refs/remotes/master
> git for-each-ref --sort -committerdate --format %(refname) %(objectname) %(*objectname)
> git remote --verbose
> git config --get commit.template
> git show --textconv :src/index.js
> git ls-files --stage -- /home/d3sk3r/react/react-app/src/index.js
> git cat-file -s ef2edf8ea3fc42258464231e29140c8723458c1e
> git show --textconv :src/Counter/__test__/Counter.test.js
> git ls-files --stage -- /home/d3sk3r/react/react-app/src/Counter/__test__/Counter.test.js
> git show --textconv :src/Counter/Counter.js
> git ls-files --stage -- /home/d3sk3r/react/react-app/src/Counter/Counter.js
> git show --textconv :src/Counter/__test__/Counter.test.js
> git ls-files --stage -- /home/d3sk3r/react/react-app/src/Counter/__test__/Counter.test.js
> git show --textconv :src/App.js
> git ls-files --stage -- /home/d3sk3r/react/react-app/src/App.js
> git cat-file -s 37845757234ccb68531c10cf7a2ffc589c47e342
> git show --textconv :src/Counter/Counter.js
> git ls-files --stage -- /home/d3sk3r/react/react-app/src/Counter/Counter.js
> git show --textconv :src/Counter/__test__/Counter.test.js
> git ls-files --stage -- /home/d3sk3r/react/react-app/src/Counter/__test__/Counter.test.js
> git show --textconv :src/Counter/Counter.js
> git ls-files --stage -- /home/d3sk3r/react/react-app/src/Counter/Counter.js
> git status -z -u
> git symbolic-ref --short HEAD
> git for-each-ref --format=%(refname)%00%(upstream:short)%00%(objectname)%00%(upstream:track) refs/heads/master refs/remotes/master
> git for-each-ref --sort -committerdate --format %(refname) %(objectname) %(*objectname)
> git remote --verbose
> git config --get commit.template
> git show --textconv :src/Counter/__test__/Counter.test.js
> git ls-files --stage -- /home/d3sk3r/react/react-app/src/Counter/__test__/Counter.test.js
> git status -z -u
> git symbolic-ref --short HEAD
> git for-each-ref --format=%(refname)%00%(upstream:short)%00%(objectname)%00%(upstream:track) refs/heads/master refs/remotes/master
> git for-each-ref --sort -committerdate --format %(refname) %(objectname) %(*objectname)
> git remote --verbose
> git config --get commit.template
> git show --textconv :src/Counter/Counter.js
> git ls-files --stage -- /home/d3sk3r/react/react-app/src/Counter/Counter.js
> git show --textconv :src/Counter/__test__/Counter.test.js
> git ls-files --stage -- /home/d3sk3r/react/react-app/src/Counter/__test__/Counter.test.js
> git show --textconv :src/Counter/Counter.js
> git ls-files --stage -- /home/d3sk3r/react/react-app/src/Counter/Counter.js
> git show --textconv :src/Counter/__test__/Counter.test.js
> git ls-files --stage -- /home/d3sk3r/react/react-app/src/Counter/__test__/Counter.test.js
> git status -z -u
> git symbolic-ref --short HEAD
> git for-each-ref --format=%(refname)%00%(upstream:short)%00%(objectname)%00%(upstream:track) refs/heads/master refs/remotes/master
> git for-each-ref --sort -committerdate --format %(refname) %(objectname) %(*objectname)
> git remote --verbose
> git config --get commit.template
> git show --textconv :src/Counter/Counter.js
> git ls-files --stage -- /home/d3sk3r/react/react-app/src/Counter/Counter.js
> git status -z -u
> git symbolic-ref --short HEAD
> git for-each-ref --format=%(refname)%00%(upstream:short)%00%(objectname)%00%(upstream:track) refs/heads/master refs/remotes/master
> git for-each-ref --sort -committerdate --format %(refname) %(objectname) %(*objectname)
> git remote --verbose
> git config --get commit.template
> git status -z -u
> git symbolic-ref --short HEAD
> git for-each-ref --format=%(refname)%00%(upstream:short)%00%(objectname)%00%(upstream:track) refs/heads/master refs/remotes/master
> git for-each-ref --sort -committerdate --format %(refname) %(objectname) %(*objectname)
> git remote --verbose
> git config --get commit.template
> git show --textconv :src/Counter/__test__/Counter.test.js
> git ls-files --stage -- /home/d3sk3r/react/react-app/src/Counter/__test__/Counter.test.js
> git status -z -u
> git symbolic-ref --short HEAD
> git for-each-ref --format=%(refname)%00%(upstream:short)%00%(objectname)%00%(upstream:track) refs/heads/master refs/remotes/master
> git for-each-ref --sort -committerdate --format %(refname) %(objectname) %(*objectname)
> git remote --verbose
> git config --get commit.template
> git status -z -u
> git symbolic-ref --short HEAD
> git for-each-ref --format=%(refname)%00%(upstream:short)%00%(objectname)%00%(upstream:track) refs/heads/master refs/remotes/master
> git for-each-ref --sort -committerdate --format %(refname) %(objectname) %(*objectname)
> git remote --verbose
> git config --get commit.template
> git status -z -u
> git symbolic-ref --short HEAD
> git for-each-ref --format=%(refname)%00%(upstream:short)%00%(objectname)%00%(upstream:track) refs/heads/master refs/remotes/master
> git for-each-ref --sort -committerdate --format %(refname) %(objectname) %(*objectname)
> git remote --verbose
> git config --get commit.template
> git status -z -u
> git symbolic-ref --short HEAD
> git for-each-ref --format=%(refname)%00%(upstream:short)%00%(objectname)%00%(upstream:track) refs/heads/master refs/remotes/master
> git for-each-ref --sort -committerdate --format %(refname) %(objectname) %(*objectname)
> git remote --verbose
> git config --get commit.template
> git status -z -u
> git symbolic-ref --short HEAD
> git for-each-ref --format=%(refname)%00%(upstream:short)%00%(objectname)%00%(upstream:track) refs/heads/master refs/remotes/master
> git for-each-ref --sort -committerdate --format %(refname) %(objectname) %(*objectname)
> git remote --verbose
> git config --get commit.template
> git status -z -u
> git symbolic-ref --short HEAD
> git for-each-ref --format=%(refname)%00%(upstream:short)%00%(objectname)%00%(upstream:track) refs/heads/master refs/remotes/master
> git for-each-ref --sort -committerdate --format %(refname) %(objectname) %(*objectname)
> git remote --verbose
> git config --get commit.template
> git show --textconv :src/Counter/Counter.js
> git ls-files --stage -- /home/d3sk3r/react/react-app/src/Counter/Counter.js
> git check-ignore -v -z --stdin
> git show --textconv :src/Counter/__test__/Counter.test.js
> git ls-files --stage -- /home/d3sk3r/react/react-app/src/Counter/__test__/Counter.test.js
> git show --textconv :src/Counter/Counter.js
> git ls-files --stage -- /home/d3sk3r/react/react-app/src/Counter/Counter.js
> git show --textconv :src/Counter/__test__/Counter.test.js
> git ls-files --stage -- /home/d3sk3r/react/react-app/src/Counter/__test__/Counter.test.js
> git status -z -u
> git symbolic-ref --short HEAD
> git for-each-ref --format=%(refname)%00%(upstream:short)%00%(objectname)%00%(upstream:track) refs/heads/master refs/remotes/master
> git for-each-ref --sort -committerdate --format %(refname) %(objectname) %(*objectname)
> git remote --verbose
> git config --get commit.template
> git status -z -u
> git symbolic-ref --short HEAD
> git for-each-ref --format=%(refname)%00%(upstream:short)%00%(objectname)%00%(upstream:track) refs/heads/master refs/remotes/master
> git for-each-ref --sort -committerdate --format %(refname) %(objectname) %(*objectname)
> git remote --verbose
> git config --get commit.template
> git status -z -u
> git symbolic-ref --short HEAD
> git for-each-ref --format=%(refname)%00%(upstream:short)%00%(objectname)%00%(upstream:track) refs/heads/master refs/remotes/master
> git for-each-ref --sort -committerdate --format %(refname) %(objectname) %(*objectname)
> git remote --verbose
> git config --get commit.template
> git status -z -u
> git symbolic-ref --short HEAD
> git for-each-ref --format=%(refname)%00%(upstream:short)%00%(objectname)%00%(upstream:track) refs/heads/master refs/remotes/master
> git for-each-ref --sort -committerdate --format %(refname) %(objectname) %(*objectname)
> git remote --verbose
> git config --get commit.template
> git status -z -u
> git symbolic-ref --short HEAD
> git for-each-ref --format=%(refname)%00%(upstream:short)%00%(objectname)%00%(upstream:track) refs/heads/master refs/remotes/master
> git for-each-ref --sort -committerdate --format %(refname) %(objectname) %(*objectname)
> git remote --verbose
> git config --get commit.template
> git show --textconv :src/Counter/Counter.js
> git ls-files --stage -- /home/d3sk3r/react/react-app/src/Counter/Counter.js
> git status -z -u
> git symbolic-ref --short HEAD
> git for-each-ref --format=%(refname)%00%(upstream:short)%00%(objectname)%00%(upstream:track) refs/heads/master refs/remotes/master
> git for-each-ref --sort -committerdate --format %(refname) %(objectname) %(*objectname)
> git remote --verbose
> git config --get commit.template
> git status -z -u
> git symbolic-ref --short HEAD
> git for-each-ref --format=%(refname)%00%(upstream:short)%00%(objectname)%00%(upstream:track) refs/heads/master refs/remotes/master
> git for-each-ref --sort -committerdate --format %(refname) %(objectname) %(*objectname)
> git remote --verbose
> git config --get commit.template
> git show --textconv :src/Counter/__test__/Counter.test.js
> git ls-files --stage -- /home/d3sk3r/react/react-app/src/Counter/__test__/Counter.test.js
> git show --textconv :src/Counter/Counter.js
> git ls-files --stage -- /home/d3sk3r/react/react-app/src/Counter/Counter.js
> git show --textconv :src/Counter/__test__/Counter.test.js
> git ls-files --stage -- /home/d3sk3r/react/react-app/src/Counter/__test__/Counter.test.js
> git show --textconv :src/Counter/Counter.js
> git ls-files --stage -- /home/d3sk3r/react/react-app/src/Counter/Counter.js
> git show --textconv :src/Counter/__test__/Counter.test.js
> git ls-files --stage -- /home/d3sk3r/react/react-app/src/Counter/__test__/Counter.test.js
> git status -z -u
> git symbolic-ref --short HEAD
> git for-each-ref --format=%(refname)%00%(upstream:short)%00%(objectname)%00%(upstream:track) refs/heads/master refs/remotes/master
> git for-each-ref --sort -committerdate --format %(refname) %(objectname) %(*objectname)
> git remote --verbose
> git config --get commit.template
> git show --textconv :src/Counter/Counter.js
> git ls-files --stage -- /home/d3sk3r/react/react-app/src/Counter/Counter.js
> git show --textconv :src/Counter/__test__/Counter.test.js
> git ls-files --stage -- /home/d3sk3r/react/react-app/src/Counter/__test__/Counter.test.js
> git status -z -u
> git symbolic-ref --short HEAD
> git for-each-ref --format=%(refname)%00%(upstream:short)%00%(objectname)%00%(upstream:track) refs/heads/master refs/remotes/master
> git for-each-ref --sort -committerdate --format %(refname) %(objectname) %(*objectname)
> git remote --verbose
> git config --get commit.template
> git show --textconv :src/Counter/Counter.js
> git ls-files --stage -- /home/d3sk3r/react/react-app/src/Counter/Counter.js
> git show --textconv :src/Counter/__test__/Counter.test.js
> git ls-files --stage -- /home/d3sk3r/react/react-app/src/Counter/__test__/Counter.test.js
> git show --textconv :src/Counter/Counter.js
> git ls-files --stage -- /home/d3sk3r/react/react-app/src/Counter/Counter.js
> git show --textconv :src/Counter/__test__/Counter.test.js
> git ls-files --stage -- /home/d3sk3r/react/react-app/src/Counter/__test__/Counter.test.js
> git show --textconv :src/Counter/Counter.js
> git ls-files --stage -- /home/d3sk3r/react/react-app/src/Counter/Counter.js
> git show --textconv :src/Counter/__test__/Counter.test.js
> git ls-files --stage -- /home/d3sk3r/react/react-app/src/Counter/__test__/Counter.test.js
> git show --textconv :src/Counter/Counter.js
> git ls-files --stage -- /home/d3sk3r/react/react-app/src/Counter/Counter.js
> git status -z -u
> git symbolic-ref --short HEAD
> git for-each-ref --format=%(refname)%00%(upstream:short)%00%(objectname)%00%(upstream:track) refs/heads/master refs/remotes/master
> git for-each-ref --sort -committerdate --format %(refname) %(objectname) %(*objectname)
> git remote --verbose
> git config --get commit.template
> git status -z -u
> git symbolic-ref --short HEAD
> git for-each-ref --format=%(refname)%00%(upstream:short)%00%(objectname)%00%(upstream:track) refs/heads/master refs/remotes/master
> git for-each-ref --sort -committerdate --format %(refname) %(objectname) %(*objectname)
> git remote --verbose
> git config --get commit.template
> git status -z -u
> git symbolic-ref --short HEAD
> git for-each-ref --format=%(refname)%00%(upstream:short)%00%(objectname)%00%(upstream:track) refs/heads/master refs/remotes/master
> git for-each-ref --sort -committerdate --format %(refname) %(objectname) %(*objectname)
> git remote --verbose
> git config --get commit.template
> git show --textconv :src/Counter/__test__/Counter.test.js
> git ls-files --stage -- /home/d3sk3r/react/react-app/src/Counter/__test__/Counter.test.js
> git status -z -u
> git symbolic-ref --short HEAD
> git for-each-ref --format=%(refname)%00%(upstream:short)%00%(objectname)%00%(upstream:track) refs/heads/master refs/remotes/master
> git for-each-ref --sort -committerdate --format %(refname) %(objectname) %(*objectname)
> git remote --verbose
> git config --get commit.template
> git show --textconv :src/Counter/Counter.js
> git ls-files --stage -- /home/d3sk3r/react/react-app/src/Counter/Counter.js
> git status -z -u
> git symbolic-ref --short HEAD
> git for-each-ref --format=%(refname)%00%(upstream:short)%00%(objectname)%00%(upstream:track) refs/heads/master refs/remotes/master
> git for-each-ref --sort -committerdate --format %(refname) %(objectname) %(*objectname)
> git remote --verbose
> git config --get commit.template
> git status -z -u
> git symbolic-ref --short HEAD
> git for-each-ref --format=%(refname)%00%(upstream:short)%00%(objectname)%00%(upstream:track) refs/heads/master refs/remotes/master
> git for-each-ref --sort -committerdate --format %(refname) %(objectname) %(*objectname)
> git remote --verbose
> git config --get commit.template
> git status -z -u
> git symbolic-ref --short HEAD
> git for-each-ref --format=%(refname)%00%(upstream:short)%00%(objectname)%00%(upstream:track) refs/heads/master refs/remotes/master
> git for-each-ref --sort -committerdate --format %(refname) %(objectname) %(*objectname)
> git remote --verbose
> git config --get commit.template
> git status -z -u
> git symbolic-ref --short HEAD
> git for-each-ref --format=%(refname)%00%(upstream:short)%00%(objectname)%00%(upstream:track) refs/heads/master refs/remotes/master
> git for-each-ref --sort -committerdate --format %(refname) %(objectname) %(*objectname)
> git remote --verbose
> git config --get commit.template
> git status -z -u
> git symbolic-ref --short HEAD
> git for-each-ref --format=%(refname)%00%(upstream:short)%00%(objectname)%00%(upstream:track) refs/heads/master refs/remotes/master
> git for-each-ref --sort -committerdate --format %(refname) %(objectname) %(*objectname)
> git remote --verbose
> git config --get commit.template
> git status -z -u
> git symbolic-ref --short HEAD
> git for-each-ref --format=%(refname)%00%(upstream:short)%00%(objectname)%00%(upstream:track) refs/heads/master refs/remotes/master
> git for-each-ref --sort -committerdate --format %(refname) %(objectname) %(*objectname)
> git remote --verbose
> git config --get commit.template
> git status -z -u
> git symbolic-ref --short HEAD
> git for-each-ref --format=%(refname)%00%(upstream:short)%00%(objectname)%00%(upstream:track) refs/heads/master refs/remotes/master
> git for-each-ref --sort -committerdate --format %(refname) %(objectname) %(*objectname)
> git remote --verbose
> git config --get commit.template
> git status -z -u
> git symbolic-ref --short HEAD
> git for-each-ref --format=%(refname)%00%(upstream:short)%00%(objectname)%00%(upstream:track) refs/heads/master refs/remotes/master
> git for-each-ref --sort -committerdate --format %(refname) %(objectname) %(*objectname)
> git remote --verbose
> git config --get commit.template
> git show --textconv :src/Counter/Counter.css
> git ls-files --stage -- /home/d3sk3r/react/react-app/src/Counter/Counter.css
> git check-ignore -v -z --stdin
> git status -z -u
> git symbolic-ref --short HEAD
> git for-each-ref --format=%(refname)%00%(upstream:short)%00%(objectname)%00%(upstream:track) refs/heads/master refs/remotes/master
> git for-each-ref --sort -committerdate --format %(refname) %(objectname) %(*objectname)
> git remote --verbose
> git config --get commit.template
> git show --textconv :src/Counter/Counter.js
> git ls-files --stage -- /home/d3sk3r/react/react-app/src/Counter/Counter.js
> git status -z -u
> git symbolic-ref --short HEAD
> git for-each-ref --format=%(refname)%00%(upstream:short)%00%(objectname)%00%(upstream:track) refs/heads/master refs/remotes/master
> git for-each-ref --sort -committerdate --format %(refname) %(objectname) %(*objectname)
> git remote --verbose
> git config --get commit.template
> git show --textconv :src/Counter/Counter.css
> git ls-files --stage -- /home/d3sk3r/react/react-app/src/Counter/Counter.css
> git show --textconv :src/Counter/Counter.js
> git ls-files --stage -- /home/d3sk3r/react/react-app/src/Counter/Counter.js
> git show --textconv :src/Counter/Counter.css
> git ls-files --stage -- /home/d3sk3r/react/react-app/src/Counter/Counter.css
> git show --textconv :src/Counter/Counter.js
> git ls-files --stage -- /home/d3sk3r/react/react-app/src/Counter/Counter.js
> git show --textconv :src/Counter/Counter.css
> git ls-files --stage -- /home/d3sk3r/react/react-app/src/Counter/Counter.css
> git show --textconv :src/Counter/Counter.js
> git ls-files --stage -- /home/d3sk3r/react/react-app/src/Counter/Counter.js
> git status -z -u
> git symbolic-ref --short HEAD
> git for-each-ref --format=%(refname)%00%(upstream:short)%00%(objectname)%00%(upstream:track) refs/heads/master refs/remotes/master
> git for-each-ref --sort -committerdate --format %(refname) %(objectname) %(*objectname)
> git remote --verbose
> git config --get commit.template
> git status -z -u
> git symbolic-ref --short HEAD
> git for-each-ref --format=%(refname)%00%(upstream:short)%00%(objectname)%00%(upstream:track) refs/heads/master refs/remotes/master
> git for-each-ref --sort -committerdate --format %(refname) %(objectname) %(*objectname)
> git remote --verbose
> git config --get commit.template
> git show --textconv :src/Counter/__test__/Counter.test.js
> git ls-files --stage -- /home/d3sk3r/react/react-app/src/Counter/__test__/Counter.test.js
> git log --format=%H%n%aN%n%aE%n%at%n%ct%n%P%n%B -z -n21 -- /home/d3sk3r/react/react-app/src/Counter/__test__/Counter.test.js
> git status -z -u
> git symbolic-ref --short HEAD
> git for-each-ref --format=%(refname)%00%(upstream:short)%00%(objectname)%00%(upstream:track) refs/heads/master refs/remotes/master
> git for-each-ref --sort -committerdate --format %(refname) %(objectname) %(*objectname)
> git remote --verbose
> git config --get commit.template
> git show --textconv :src/Counter/Counter.js
> git ls-files --stage -- /home/d3sk3r/react/react-app/src/Counter/Counter.js
> git show --textconv :src/Counter/__test__/Counter.test.js
> git ls-files --stage -- /home/d3sk3r/react/react-app/src/Counter/__test__/Counter.test.js
> git status -z -u
> git symbolic-ref --short HEAD
> git for-each-ref --format=%(refname)%00%(upstream:short)%00%(objectname)%00%(upstream:track) refs/heads/master refs/remotes/master
> git for-each-ref --sort -committerdate --format %(refname) %(objectname) %(*objectname)
> git remote --verbose
> git config --get commit.template
> git show --textconv :src/Counter/Counter.js
> git ls-files --stage -- /home/d3sk3r/react/react-app/src/Counter/Counter.js
> git show --textconv :src/Counter/__test__/Counter.test.js
> git ls-files --stage -- /home/d3sk3r/react/react-app/src/Counter/__test__/Counter.test.js
> git show --textconv :src/Counter/Counter.js
> git ls-files --stage -- /home/d3sk3r/react/react-app/src/Counter/Counter.js
> git status -z -u
> git symbolic-ref --short HEAD
> git for-each-ref --format=%(refname)%00%(upstream:short)%00%(objectname)%00%(upstream:track) refs/heads/master refs/remotes/master
> git for-each-ref --sort -committerdate --format %(refname) %(objectname) %(*objectname)
> git remote --verbose
> git config --get commit.template
> git status -z -u
> git symbolic-ref --short HEAD
> git for-each-ref --format=%(refname)%00%(upstream:short)%00%(objectname)%00%(upstream:track) refs/heads/master refs/remotes/master
> git for-each-ref --sort -committerdate --format %(refname) %(objectname) %(*objectname)
> git remote --verbose
> git config --get commit.template
> git show --textconv :src/Counter/__test__/Counter.test.js
> git ls-files --stage -- /home/d3sk3r/react/react-app/src/Counter/__test__/Counter.test.js
> git status -z -u
> git symbolic-ref --short HEAD
> git for-each-ref --format=%(refname)%00%(upstream:short)%00%(objectname)%00%(upstream:track) refs/heads/master refs/remotes/master
> git for-each-ref --sort -committerdate --format %(refname) %(objectname) %(*objectname)
> git remote --verbose
> git config --get commit.template
> git show --textconv :src/Counter/Counter.js
> git ls-files --stage -- /home/d3sk3r/react/react-app/src/Counter/Counter.js
> git show --textconv :src/Counter/__test__/Counter.test.js
> git ls-files --stage -- /home/d3sk3r/react/react-app/src/Counter/__test__/Counter.test.js
> git show --textconv :src/Counter/Counter.js
> git ls-files --stage -- /home/d3sk3r/react/react-app/src/Counter/Counter.js
> git show --textconv :src/Counter/__test__/Counter.test.js
> git ls-files --stage -- /home/d3sk3r/react/react-app/src/Counter/__test__/Counter.test.js
> git show --textconv :src/Counter/Counter.js
> git ls-files --stage -- /home/d3sk3r/react/react-app/src/Counter/Counter.js
> git show --textconv :src/Counter/__test__/Counter.test.js
> git ls-files --stage -- /home/d3sk3r/react/react-app/src/Counter/__test__/Counter.test.js
> git show --textconv :src/Counter/Counter.js
> git ls-files --stage -- /home/d3sk3r/react/react-app/src/Counter/Counter.js
> git show --textconv :src/Counter/__test__/Counter.test.js
> git ls-files --stage -- /home/d3sk3r/react/react-app/src/Counter/__test__/Counter.test.js
> git status -z -u
> git symbolic-ref --short HEAD
> git for-each-ref --format=%(refname)%00%(upstream:short)%00%(objectname)%00%(upstream:track) refs/heads/master refs/remotes/master
> git for-each-ref --sort -committerdate --format %(refname) %(objectname) %(*objectname)
> git remote --verbose
> git config --get commit.template
> git status -z -u
> git symbolic-ref --short HEAD
> git for-each-ref --format=%(refname)%00%(upstream:short)%00%(objectname)%00%(upstream:track) refs/heads/master refs/remotes/master
> git for-each-ref --sort -committerdate --format %(refname) %(objectname) %(*objectname)
> git remote --verbose
> git config --get commit.template
> git status -z -u
> git symbolic-ref --short HEAD
> git for-each-ref --format=%(refname)%00%(upstream:short)%00%(objectname)%00%(upstream:track) refs/heads/master refs/remotes/master
> git for-each-ref --sort -committerdate --format %(refname) %(objectname) %(*objectname)
> git remote --verbose
> git config --get commit.template
> git show --textconv :src/Counter/Counter.js
> git ls-files --stage -- /home/d3sk3r/react/react-app/src/Counter/Counter.js
> git status -z -u
> git symbolic-ref --short HEAD
> git for-each-ref --format=%(refname)%00%(upstream:short)%00%(objectname)%00%(upstream:track) refs/heads/master refs/remotes/master
> git for-each-ref --sort -committerdate --format %(refname) %(objectname) %(*objectname)
> git remote --verbose
> git config --get commit.template
> git status -z -u
> git symbolic-ref --short HEAD
> git for-each-ref --format=%(refname)%00%(upstream:short)%00%(objectname)%00%(upstream:track) refs/heads/master refs/remotes/master
> git for-each-ref --sort -committerdate --format %(refname) %(objectname) %(*objectname)
> git remote --verbose
> git config --get commit.template
> git status -z -u
> git symbolic-ref --short HEAD
> git for-each-ref --format=%(refname)%00%(upstream:short)%00%(objectname)%00%(upstream:track) refs/heads/master refs/remotes/master
> git for-each-ref --sort -committerdate --format %(refname) %(objectname) %(*objectname)
> git remote --verbose
> git config --get commit.template
> git show --textconv :src/Counter/__test__/Counter.test.js
> git ls-files --stage -- /home/d3sk3r/react/react-app/src/Counter/__test__/Counter.test.js
> git show --textconv :src/Counter/Counter.js
> git ls-files --stage -- /home/d3sk3r/react/react-app/src/Counter/Counter.js
> git show --textconv :src/Counter/__test__/Counter.test.js
> git ls-files --stage -- /home/d3sk3r/react/react-app/src/Counter/__test__/Counter.test.js
> git status -z -u
> git symbolic-ref --short HEAD
> git for-each-ref --format=%(refname)%00%(upstream:short)%00%(objectname)%00%(upstream:track) refs/heads/master refs/remotes/master
> git for-each-ref --sort -committerdate --format %(refname) %(objectname) %(*objectname)
> git remote --verbose
> git config --get commit.template
> git status -z -u
> git symbolic-ref --short HEAD
> git for-each-ref --format=%(refname)%00%(upstream:short)%00%(objectname)%00%(upstream:track) refs/heads/master refs/remotes/master
> git for-each-ref --sort -committerdate --format %(refname) %(objectname) %(*objectname)
> git remote --verbose
> git config --get commit.template
> git show --textconv :src/Counter/Counter.js
> git ls-files --stage -- /home/d3sk3r/react/react-app/src/Counter/Counter.js
> git show --textconv :src/Counter/__test__/Counter.test.js
> git ls-files --stage -- /home/d3sk3r/react/react-app/src/Counter/__test__/Counter.test.js
> git show --textconv :src/Counter/Counter.js
> git ls-files --stage -- /home/d3sk3r/react/react-app/src/Counter/Counter.js
> git show --textconv :src/Counter/__test__/Counter.test.js
> git ls-files --stage -- /home/d3sk3r/react/react-app/src/Counter/__test__/Counter.test.js
> git show --textconv :src/Counter/Counter.js
> git ls-files --stage -- /home/d3sk3r/react/react-app/src/Counter/Counter.js
> git status -z -u
> git symbolic-ref --short HEAD
> git for-each-ref --format=%(refname)%00%(upstream:short)%00%(objectname)%00%(upstream:track) refs/heads/master refs/remotes/master
> git for-each-ref --sort -committerdate --format %(refname) %(objectname) %(*objectname)
> git remote --verbose
> git config --get commit.template
> git show --textconv :src/Counter/__test__/Counter.test.js
> git ls-files --stage -- /home/d3sk3r/react/react-app/src/Counter/__test__/Counter.test.js
> git status -z -u
> git symbolic-ref --short HEAD
> git for-each-ref --format=%(refname)%00%(upstream:short)%00%(objectname)%00%(upstream:track) refs/heads/master refs/remotes/master
> git for-each-ref --sort -committerdate --format %(refname) %(objectname) %(*objectname)
> git remote --verbose
> git config --get commit.template
> git status -z -u
> git symbolic-ref --short HEAD
> git for-each-ref --format=%(refname)%00%(upstream:short)%00%(objectname)%00%(upstream:track) refs/heads/master refs/remotes/master
> git for-each-ref --sort -committerdate --format %(refname) %(objectname) %(*objectname)
> git remote --verbose
> git config --get commit.template
> git show --textconv :src/Counter/Counter.js
> git ls-files --stage -- /home/d3sk3r/react/react-app/src/Counter/Counter.js
> git show --textconv :src/Counter/__test__/Counter.test.js
> git ls-files --stage -- /home/d3sk3r/react/react-app/src/Counter/__test__/Counter.test.js
> git status -z -u
> git symbolic-ref --short HEAD
> git for-each-ref --format=%(refname)%00%(upstream:short)%00%(objectname)%00%(upstream:track) refs/heads/master refs/remotes/master
> git for-each-ref --sort -committerdate --format %(refname) %(objectname) %(*objectname)
> git remote --verbose
> git config --get commit.template
> git status -z -u
> git symbolic-ref --short HEAD
> git for-each-ref --format=%(refname)%00%(upstream:short)%00%(objectname)%00%(upstream:track) refs/heads/master refs/remotes/master
> git for-each-ref --sort -committerdate --format %(refname) %(objectname) %(*objectname)
> git remote --verbose
> git config --get commit.template
> git status -z -u
> git symbolic-ref --short HEAD
> git for-each-ref --format=%(refname)%00%(upstream:short)%00%(objectname)%00%(upstream:track) refs/heads/master refs/remotes/master
> git for-each-ref --sort -committerdate --format %(refname) %(objectname) %(*objectname)
> git remote --verbose
> git config --get commit.template
> git status -z -u
> git symbolic-ref --short HEAD
> git for-each-ref --format=%(refname)%00%(upstream:short)%00%(objectname)%00%(upstream:track) refs/heads/master refs/remotes/master
> git for-each-ref --sort -committerdate --format %(refname) %(objectname) %(*objectname)
> git remote --verbose
> git config --get commit.template
> git status -z -u
> git symbolic-ref --short HEAD
> git for-each-ref --format=%(refname)%00%(upstream:short)%00%(objectname)%00%(upstream:track) refs/heads/master refs/remotes/master
> git for-each-ref --sort -committerdate --format %(refname) %(objectname) %(*objectname)
> git remote --verbose
> git config --get commit.template
> git status -z -u
> git symbolic-ref --short HEAD
> git for-each-ref --format=%(refname)%00%(upstream:short)%00%(objectname)%00%(upstream:track) refs/heads/master refs/remotes/master
> git for-each-ref --sort -committerdate --format %(refname) %(objectname) %(*objectname)
> git remote --verbose
> git config --get commit.template
> git status -z -u
> git symbolic-ref --short HEAD
> git for-each-ref --format=%(refname)%00%(upstream:short)%00%(objectname)%00%(upstream:track) refs/heads/master refs/remotes/master
> git for-each-ref --sort -committerdate --format %(refname) %(objectname) %(*objectname)
> git remote --verbose
> git config --get commit.template
> git status -z -u
> git symbolic-ref --short HEAD
> git for-each-ref --format=%(refname)%00%(upstream:short)%00%(objectname)%00%(upstream:track) refs/heads/master refs/remotes/master
> git for-each-ref --sort -committerdate --format %(refname) %(objectname) %(*objectname)
> git remote --verbose
> git config --get commit.template
> git status -z -u
> git symbolic-ref --short HEAD
> git for-each-ref --format=%(refname)%00%(upstream:short)%00%(objectname)%00%(upstream:track) refs/heads/master refs/remotes/master
> git for-each-ref --sort -committerdate --format %(refname) %(objectname) %(*objectname)
> git remote --verbose
> git config --get commit.template
> git status -z -u
> git symbolic-ref --short HEAD
> git for-each-ref --format=%(refname)%00%(upstream:short)%00%(objectname)%00%(upstream:track) refs/heads/master refs/remotes/master
> git for-each-ref --sort -committerdate --format %(refname) %(objectname) %(*objectname)
> git remote --verbose
> git config --get commit.template
> git status -z -u
> git symbolic-ref --short HEAD
> git for-each-ref --format=%(refname)%00%(upstream:short)%00%(objectname)%00%(upstream:track) refs/heads/master refs/remotes/master
> git for-each-ref --sort -committerdate --format %(refname) %(objectname) %(*objectname)
> git remote --verbose
> git config --get commit.template
> git status -z -u
> git symbolic-ref --short HEAD
> git for-each-ref --format=%(refname)%00%(upstream:short)%00%(objectname)%00%(upstream:track) refs/heads/master refs/remotes/master
> git for-each-ref --sort -committerdate --format %(refname) %(objectname) %(*objectname)
> git remote --verbose
> git config --get commit.template
> git show --textconv :src/Counter/Counter.js
> git ls-files --stage -- /home/d3sk3r/react/react-app/src/Counter/Counter.js
> git show --textconv :src/Counter/Counter.css
> git ls-files --stage -- /home/d3sk3r/react/react-app/src/Counter/Counter.css
> git show --textconv :src/Counter/Counter.js
> git ls-files --stage -- /home/d3sk3r/react/react-app/src/Counter/Counter.js
> git show --textconv :src/Counter/__test__/Counter.test.js
> git ls-files --stage -- /home/d3sk3r/react/react-app/src/Counter/__test__/Counter.test.js
> git status -z -u
> git symbolic-ref --short HEAD
> git for-each-ref --format=%(refname)%00%(upstream:short)%00%(objectname)%00%(upstream:track) refs/heads/master refs/remotes/master
> git for-each-ref --sort -committerdate --format %(refname) %(objectname) %(*objectname)
> git remote --verbose
> git config --get commit.template
> git show --textconv :src/Counter/Counter.js
> git ls-files --stage -- /home/d3sk3r/react/react-app/src/Counter/Counter.js
> git show --textconv :src/Counter/__test__/Counter.test.js
> git ls-files --stage -- /home/d3sk3r/react/react-app/src/Counter/__test__/Counter.test.js
> git status -z -u
> git symbolic-ref --short HEAD
> git for-each-ref --format=%(refname)%00%(upstream:short)%00%(objectname)%00%(upstream:track) refs/heads/master refs/remotes/master
> git for-each-ref --sort -committerdate --format %(refname) %(objectname) %(*objectname)
> git remote --verbose
> git config --get commit.template
> git status -z -u
> git symbolic-ref --short HEAD
> git for-each-ref --format=%(refname)%00%(upstream:short)%00%(objectname)%00%(upstream:track) refs/heads/master refs/remotes/master
> git for-each-ref --sort -committerdate --format %(refname) %(objectname) %(*objectname)
> git remote --verbose
> git config --get commit.template
> git status -z -u
> git symbolic-ref --short HEAD
> git for-each-ref --format=%(refname)%00%(upstream:short)%00%(objectname)%00%(upstream:track) refs/heads/master refs/remotes/master
> git for-each-ref --sort -committerdate --format %(refname) %(objectname) %(*objectname)
> git remote --verbose
> git config --get commit.template
> git status -z -u
> git symbolic-ref --short HEAD
> git for-each-ref --format=%(refname)%00%(upstream:short)%00%(objectname)%00%(upstream:track) refs/heads/master refs/remotes/master
> git for-each-ref --sort -committerdate --format %(refname) %(objectname) %(*objectname)
> git remote --verbose
> git config --get commit.template
> git show --textconv :src/Counter/Counter.css
> git ls-files --stage -- /home/d3sk3r/react/react-app/src/Counter/Counter.css
> git status -z -u
> git symbolic-ref --short HEAD
> git for-each-ref --format=%(refname)%00%(upstream:short)%00%(objectname)%00%(upstream:track) refs/heads/master refs/remotes/master
> git for-each-ref --sort -committerdate --format %(refname) %(objectname) %(*objectname)
> git remote --verbose
> git config --get commit.template
> git show --textconv :src/Counter/__test__/Counter.test.js
> git ls-files --stage -- /home/d3sk3r/react/react-app/src/Counter/__test__/Counter.test.js
> git show --textconv :src/Counter/Counter.css
> git ls-files --stage -- /home/d3sk3r/react/react-app/src/Counter/Counter.css
> git show --textconv :src/Counter/__test__/Counter.test.js
> git ls-files --stage -- /home/d3sk3r/react/react-app/src/Counter/__test__/Counter.test.js
> git show --textconv :src/Counter/Counter.js
> git ls-files --stage -- /home/d3sk3r/react/react-app/src/Counter/Counter.js
> git status -z -u
> git symbolic-ref --short HEAD
> git for-each-ref --format=%(refname)%00%(upstream:short)%00%(objectname)%00%(upstream:track) refs/heads/master refs/remotes/master
> git for-each-ref --sort -committerdate --format %(refname) %(objectname) %(*objectname)
> git remote --verbose
> git config --get commit.template
> git show --textconv :src/Counter/__test__/Counter.test.js
> git ls-files --stage -- /home/d3sk3r/react/react-app/src/Counter/__test__/Counter.test.js
> git show --textconv :src/Counter/Counter.js
> git ls-files --stage -- /home/d3sk3r/react/react-app/src/Counter/Counter.js
> git show --textconv :src/Counter/__test__/Counter.test.js
> git ls-files --stage -- /home/d3sk3r/react/react-app/src/Counter/__test__/Counter.test.js
> git status -z -u
> git symbolic-ref --short HEAD
> git for-each-ref --format=%(refname)%00%(upstream:short)%00%(objectname)%00%(upstream:track) refs/heads/master refs/remotes/master
> git for-each-ref --sort -committerdate --format %(refname) %(objectname) %(*objectname)
> git remote --verbose
> git config --get commit.template
> git status -z -u
> git symbolic-ref --short HEAD
> git for-each-ref --format=%(refname)%00%(upstream:short)%00%(objectname)%00%(upstream:track) refs/heads/master refs/remotes/master
> git for-each-ref --sort -committerdate --format %(refname) %(objectname) %(*objectname)
> git remote --verbose
> git config --get commit.template
> git show --textconv :src/Counter/Counter.css
> git ls-files --stage -- /home/d3sk3r/react/react-app/src/Counter/Counter.css
> git show --textconv :src/Counter/Counter.js
> git ls-files --stage -- /home/d3sk3r/react/react-app/src/Counter/Counter.js
> git status -z -u
> git symbolic-ref --short HEAD
> git for-each-ref --format=%(refname)%00%(upstream:short)%00%(objectname)%00%(upstream:track) refs/heads/master refs/remotes/master
> git for-each-ref --sort -committerdate --format %(refname) %(objectname) %(*objectname)
> git remote --verbose
> git config --get commit.template
> git status -z -u
> git symbolic-ref --short HEAD
> git for-each-ref --format=%(refname)%00%(upstream:short)%00%(objectname)%00%(upstream:track) refs/heads/master refs/remotes/master
> git for-each-ref --sort -committerdate --format %(refname) %(objectname) %(*objectname)
> git remote --verbose
> git config --get commit.template
> git status -z -u
> git symbolic-ref --short HEAD
> git for-each-ref --format=%(refname)%00%(upstream:short)%00%(objectname)%00%(upstream:track) refs/heads/master refs/remotes/master
> git for-each-ref --sort -committerdate --format %(refname) %(objectname) %(*objectname)
> git remote --verbose
> git config --get commit.template
> git show --textconv :src/Counter/__test__/Counter.test.js
> git ls-files --stage -- /home/d3sk3r/react/react-app/src/Counter/__test__/Counter.test.js
> git status -z -u
> git symbolic-ref --short HEAD
> git for-each-ref --format=%(refname)%00%(upstream:short)%00%(objectname)%00%(upstream:track) refs/heads/master refs/remotes/master
> git for-each-ref --sort -committerdate --format %(refname) %(objectname) %(*objectname)
> git remote --verbose
> git config --get commit.template
