Looking for git in: git
Using git 2.32.0 from git
Opening repository for path='/home/d3sk3r' failed; ex=Failed to execute git {
  "exitCode": 128,
  "gitErrorCode": "NotAGitRepository",
  "gitCommand": "rev-parse",
  "stdout": "",
  "stderr": "fatal: not a git repository (or any of the parent directories): .git\n"
}
Opening repository for path='/home/d3sk3r/.BurpSuite' failed; ex=Failed to execute git {
  "exitCode": 128,
  "gitErrorCode": "NotAGitRepository",
  "gitCommand": "rev-parse",
  "stdout": "",
  "stderr": "fatal: not a git repository (or any of the parent directories): .git\n"
}
Opening repository for path='/home/d3sk3r/.GNS3' failed; ex=Failed to execute git {
  "exitCode": 128,
  "gitErrorCode": "NotAGitRepository",
  "gitCommand": "rev-parse",
  "stdout": "",
  "stderr": "fatal: not a git repository (or any of the parent directories): .git\n"
}
Opening repository for path='/home/d3sk3r/.PlayOnLinux' failed; ex=Failed to execute git {
  "exitCode": 128,
  "gitErrorCode": "NotAGitRepository",
  "gitCommand": "rev-parse",
  "stdout": "",
  "stderr": "fatal: not a git repository (or any of the parent directories): .git\n"
}
Opening repository for path='/home/d3sk3r/.ViberPC' failed; ex=Failed to execute git {
  "exitCode": 128,
  "gitErrorCode": "NotAGitRepository",
  "gitCommand": "rev-parse",
  "stdout": "",
  "stderr": "fatal: not a git repository (or any of the parent directories): .git\n"
}
Opening repository for path='/home/d3sk3r/.VirtualBox VMs' failed; ex=Failed to execute git {
  "exitCode": 128,
  "gitErrorCode": "NotAGitRepository",
  "gitCommand": "rev-parse",
  "stdout": "",
  "stderr": "fatal: not a git repository (or any of the parent directories): .git\n"
}
Opening repository for path='/home/d3sk3r/.Xauthority' failed; ex=Error: spawn ENOTDIR
Opening repository for path='/home/d3sk3r/.Xclients' failed; ex=Error: spawn ENOTDIR
Opening repository for path='/home/d3sk3r/.Xresources' failed; ex=Error: spawn ENOTDIR
Opening repository for path='/home/d3sk3r/.XresourcesBAK' failed; ex=Error: spawn ENOTDIR
Opening repository for path='/home/d3sk3r/.ZAP' failed; ex=Failed to execute git {
  "exitCode": 128,
  "gitErrorCode": "NotAGitRepository",
  "gitCommand": "rev-parse",
  "stdout": "",
  "stderr": "fatal: not a git repository (or any of the parent directories): .git\n"
}
Opening repository for path='/home/d3sk3r/.a.swo' failed; ex=Error: spawn ENOTDIR
Opening repository for path='/home/d3sk3r/.abduco' failed; ex=Failed to execute git {
  "exitCode": 128,
  "gitErrorCode": "NotAGitRepository",
  "gitCommand": "rev-parse",
  "stdout": "",
  "stderr": "fatal: not a git repository (or any of the parent directories): .git\n"
}
Opening repository for path='/home/d3sk3r/.android' failed; ex=Failed to execute git {
  "exitCode": 128,
  "gitErrorCode": "NotAGitRepository",
  "gitCommand": "rev-parse",
  "stdout": "",
  "stderr": "fatal: not a git repository (or any of the parent directories): .git\n"
}
Opening repository for path='/home/d3sk3r/.appletviewer' failed; ex=Error: spawn ENOTDIR
Opening repository for path='/home/d3sk3r/.archey3.cfg' failed; ex=Error: spawn ENOTDIR
Opening repository for path='/home/d3sk3r/.arduino15' failed; ex=Failed to execute git {
  "exitCode": 128,
  "gitErrorCode": "NotAGitRepository",
  "gitCommand": "rev-parse",
  "stdout": "",
  "stderr": "fatal: not a git repository (or any of the parent directories): .git\n"
}
Opening repository for path='/home/d3sk3r/.armitage.prop' failed; ex=Error: spawn ENOTDIR
Opening repository for path='/home/d3sk3r/.atom' failed; ex=Failed to execute git {
  "exitCode": 128,
  "gitErrorCode": "NotAGitRepository",
  "gitCommand": "rev-parse",
  "stdout": "",
  "stderr": "fatal: not a git repository (or any of the parent directories): .git\n"
}
Opening repository for path='/home/d3sk3r/.available_kernels' failed; ex=Error: spawn ENOTDIR
Opening repository for path='/home/d3sk3r/.bash_history' failed; ex=Error: spawn ENOTDIR
Opening repository for path='/home/d3sk3r/.bash_logout' failed; ex=Error: spawn ENOTDIR
Opening repository for path='/home/d3sk3r/.bash_profile' failed; ex=Error: spawn ENOTDIR
Opening repository for path='/home/d3sk3r/.bashrc' failed; ex=Error: spawn ENOTDIR
Opening repository for path='/home/d3sk3r/.beef' failed; ex=Failed to execute git {
  "exitCode": 128,
  "gitErrorCode": "NotAGitRepository",
  "gitCommand": "rev-parse",
  "stdout": "",
  "stderr": "fatal: not a git repository (or any of the parent directories): .git\n"
}
Opening repository for path='/home/d3sk3r/.bundle' failed; ex=Failed to execute git {
  "exitCode": 128,
  "gitErrorCode": "NotAGitRepository",
  "gitCommand": "rev-parse",
  "stdout": "",
  "stderr": "fatal: not a git repository (or any of the parent directories): .git\n"
}
Opening repository for path='/home/d3sk3r/.byobu' failed; ex=Failed to execute git {
  "exitCode": 128,
  "gitErrorCode": "NotAGitRepository",
  "gitCommand": "rev-parse",
  "stdout": "",
  "stderr": "fatal: not a git repository (or any of the parent directories): .git\n"
}
Opening repository for path='/home/d3sk3r/.bzr.log' failed; ex=Error: spawn ENOTDIR
Opening repository for path='/home/d3sk3r/.cache' failed; ex=Failed to execute git {
  "exitCode": 128,
  "gitErrorCode": "NotAGitRepository",
  "gitCommand": "rev-parse",
  "stdout": "",
  "stderr": "fatal: not a git repository (or any of the parent directories): .git\n"
}
Open repository: /home/d3sk3r/.dotfiles
