[2022-10-03 17:22:57.591] [exthost] [info] Extension host with pid 54744 started
[2022-10-03 17:22:57.591] [exthost] [info] Skipping acquiring lock for /home/desker/.config/Code/User/workspaceStorage/677f66fc65e7074d75df2a72b9597f92.
[2022-10-03 17:22:57.631] [exthost] [info] ExtensionService#_doActivateExtension vscode.microsoft-authentication, startup: false, activationEvent: 'onAuthenticationRequest:microsoft'
[2022-10-03 17:22:57.665] [exthost] [info] ExtensionService#_doActivateExtension vscode.debug-auto-launch, startup: true, activationEvent: '*'
[2022-10-03 17:22:57.669] [exthost] [info] ExtensionService#_doActivateExtension vscode.git-base, startup: true, activationEvent: '*', root cause: vscode.git
[2022-10-03 17:22:57.672] [exthost] [info] ExtensionService#_doActivateExtension vscode.ipynb, startup: true, activationEvent: '*'
[2022-10-03 17:22:57.682] [exthost] [info] ExtensionService#_doActivateExtension JackVandergriff.xresources-theme, startup: true, activationEvent: '*'
[2022-10-03 17:22:57.776] [exthost] [info] ExtensionService#_doActivateExtension vscode.git, startup: true, activationEvent: '*'
[2022-10-03 17:22:57.833] [exthost] [info] ExtensionService#_doActivateExtension vscode.github, startup: true, activationEvent: '*'
[2022-10-03 17:22:57.896] [exthost] [info] Eager extensions activated
[2022-10-03 17:22:57.911] [exthost] [info] ExtensionService#_doActivateExtension vscode.emmet, startup: false, activationEvent: 'onStartupFinished'
[2022-10-03 17:22:57.926] [exthost] [info] ExtensionService#_doActivateExtension vscode.merge-conflict, startup: false, activationEvent: 'onStartupFinished'
[2022-10-03 17:22:57.930] [exthost] [info] ExtensionService#_doActivateExtension vscode.github-authentication, startup: false, activationEvent: 'onAuthenticationRequest:github'
[2022-10-03 17:23:11.317] [exthost] [info] ExtensionService#_doActivateExtension vscode.configuration-editing, startup: false, activationEvent: 'onLanguage:jsonc'
[2022-10-03 17:23:11.322] [exthost] [info] ExtensionService#_doActivateExtension vscode.json-language-features, startup: false, activationEvent: 'onLanguage:jsonc'
[2022-10-03 17:23:11.369] [exthost] [info] ExtensionService#_doActivateExtension vscode.typescript-language-features, startup: false, activationEvent: 'onLanguage:jsonc'
[2022-10-03 17:30:40.326] [exthost] [info] ExtensionService#_doActivateExtension vscode.extension-editing, startup: false, activationEvent: 'onLanguage:markdown'
[2022-10-03 17:30:40.337] [exthost] [info] ExtensionService#_doActivateExtension vscode.markdown-language-features, startup: false, activationEvent: 'onLanguage:markdown'
[2022-10-03 17:30:40.667] [exthost] [info] ExtensionService#_doActivateExtension vscode.markdown-math, startup: false, activationEvent: 'api', root cause: vscode.markdown-language-features
[2022-10-03 17:32:09.993] [exthost] [info] Extension host terminating: received terminate message from renderer
[2022-10-03 17:32:10.010] [exthost] [info] Extension host with pid 54744 exiting with code 0
