[2022-10-03T20:22:57.853Z] Log level: Info
[2022-10-03T20:22:57.859Z] [info] Validating found git in: git
[2022-10-03T20:22:57.884Z] [info] Using git 2.37.3 from git
[2022-10-03T20:22:57.902Z] > git rev-parse --show-toplevel [7ms]
[2022-10-03T20:22:57.902Z] fatal: not a git repository (or any of the parent directories): .git
[2022-10-03T20:22:57.971Z] > git rev-parse --show-toplevel [63ms]
[2022-10-03T20:22:57.971Z] fatal: not a git repository (or any of the parent directories): .git
[2022-10-03T20:22:58.007Z] > git rev-parse --show-toplevel [33ms]
[2022-10-03T20:22:58.007Z] fatal: not a git repository (or any of the parent directories): .git
[2022-10-03T20:22:58.012Z] > git rev-parse --show-toplevel [1ms]
[2022-10-03T20:22:58.012Z] fatal: not a git repository (or any of the parent directories): .git
[2022-10-03T20:22:58.016Z] > git rev-parse --show-toplevel [1ms]
[2022-10-03T20:22:58.016Z] fatal: not a git repository (or any of the parent directories): .git
[2022-10-03T20:22:58.020Z] > git rev-parse --show-toplevel [1ms]
[2022-10-03T20:22:58.020Z] fatal: not a git repository (or any of the parent directories): .git
[2022-10-03T20:22:58.023Z] > git rev-parse --show-toplevel [1ms]
[2022-10-03T20:22:58.023Z] fatal: not a git repository (or any of the parent directories): .git
[2022-10-03T20:22:58.025Z] > git rev-parse --show-toplevel [0ms]
[2022-10-03T20:22:58.025Z] fatal: not a git repository (or any of the parent directories): .git
[2022-10-03T20:22:58.029Z] > git rev-parse --show-toplevel [1ms]
[2022-10-03T20:22:58.029Z] fatal: not a git repository (or any of the parent directories): .git
[2022-10-03T20:22:58.031Z] > git rev-parse --show-toplevel [0ms]
[2022-10-03T20:22:58.031Z] fatal: not a git repository (or any of the parent directories): .git
[2022-10-03T20:22:58.034Z] > git rev-parse --show-toplevel [0ms]
[2022-10-03T20:22:58.041Z] > git rev-parse --git-dir --git-common-dir [3ms]
[2022-10-03T20:22:58.046Z] [info] Open repository: /home/desker/.dotfiles
[2022-10-03T20:22:58.055Z] > git rev-parse --show-toplevel [1ms]
[2022-10-03T20:22:58.055Z] fatal: not a git repository (or any of the parent directories): .git
[2022-10-03T20:22:58.060Z] > git rev-parse --show-toplevel [1ms]
[2022-10-03T20:22:58.060Z] fatal: not a git repository (or any of the parent directories): .git
[2022-10-03T20:22:58.068Z] > git rev-parse --show-toplevel [3ms]
[2022-10-03T20:22:58.068Z] fatal: not a git repository (or any of the parent directories): .git
[2022-10-03T20:22:58.079Z] > git rev-parse --show-toplevel [1ms]
[2022-10-03T20:22:58.079Z] fatal: not a git repository (or any of the parent directories): .git
[2022-10-03T20:22:58.084Z] > git rev-parse --show-toplevel [1ms]
[2022-10-03T20:22:58.084Z] fatal: not a git repository (or any of the parent directories): .git
[2022-10-03T20:22:58.088Z] > git rev-parse --show-toplevel [1ms]
[2022-10-03T20:22:58.088Z] fatal: not a git repository (or any of the parent directories): .git
[2022-10-03T20:22:58.092Z] > git rev-parse --show-toplevel [1ms]
[2022-10-03T20:22:58.092Z] fatal: not a git repository (or any of the parent directories): .git
[2022-10-03T20:22:58.095Z] > git rev-parse --show-toplevel [0ms]
[2022-10-03T20:22:58.095Z] fatal: not a git repository (or any of the parent directories): .git
[2022-10-03T20:22:58.099Z] > git rev-parse --show-toplevel [0ms]
[2022-10-03T20:22:58.100Z] fatal: not a git repository (or any of the parent directories): .git
[2022-10-03T20:22:58.105Z] > git rev-parse --show-toplevel [1ms]
[2022-10-03T20:22:58.105Z] fatal: not a git repository (or any of the parent directories): .git
[2022-10-03T20:22:58.109Z] > git rev-parse --show-toplevel [1ms]
[2022-10-03T20:22:58.109Z] fatal: not a git repository (or any of the parent directories): .git
[2022-10-03T20:22:58.113Z] > git rev-parse --show-toplevel [1ms]
[2022-10-03T20:22:58.113Z] fatal: not a git repository (or any of the parent directories): .git
[2022-10-03T20:22:58.118Z] > git rev-parse --show-toplevel [0ms]
[2022-10-03T20:22:58.118Z] fatal: not a git repository (or any of the parent directories): .git
[2022-10-03T20:22:58.122Z] > git rev-parse --show-toplevel [0ms]
[2022-10-03T20:22:58.122Z] fatal: not a git repository (or any of the parent directories): .git
[2022-10-03T20:22:58.125Z] > git rev-parse --show-toplevel [0ms]
[2022-10-03T20:22:58.126Z] fatal: not a git repository (or any of the parent directories): .git
[2022-10-03T20:22:58.130Z] > git rev-parse --show-toplevel [1ms]
[2022-10-03T20:22:58.130Z] fatal: not a git repository (or any of the parent directories): .git
[2022-10-03T20:22:58.135Z] > git rev-parse --show-toplevel [0ms]
[2022-10-03T20:22:58.135Z] fatal: not a git repository (or any of the parent directories): .git
[2022-10-03T20:22:58.140Z] > git rev-parse --show-toplevel [1ms]
[2022-10-03T20:22:58.140Z] fatal: not a git repository (or any of the parent directories): .git
[2022-10-03T20:22:58.144Z] > git rev-parse --show-toplevel [1ms]
[2022-10-03T20:22:58.144Z] fatal: not a git repository (or any of the parent directories): .git
[2022-10-03T20:22:58.147Z] > git rev-parse --show-toplevel [1ms]
[2022-10-03T20:22:58.147Z] fatal: not a git repository (or any of the parent directories): .git
[2022-10-03T20:22:58.251Z] > git status -z -uall [201ms]
[2022-10-03T20:22:58.255Z] > git symbolic-ref --short HEAD [0ms]
[2022-10-03T20:22:58.259Z] > git for-each-ref --format=%(refname)%00%(upstream:short)%00%(objectname)%00%(upstream:track)%00%(upstream:remotename)%00%(upstream:remoteref) refs/heads/master refs/remotes/master [2ms]
[2022-10-03T20:22:58.264Z] > git remote --verbose [1ms]
[2022-10-03T20:22:58.265Z] > git for-each-ref --sort -committerdate --format %(refname) %(objectname) %(*objectname) [4ms]
[2022-10-03T20:22:58.272Z] > git config --get commit.template [0ms]
[2022-10-03T20:22:58.460Z] > git status -z -uall [184ms]
[2022-10-03T20:22:58.463Z] > git symbolic-ref --short HEAD [1ms]
[2022-10-03T20:22:58.467Z] > git for-each-ref --format=%(refname)%00%(upstream:short)%00%(objectname)%00%(upstream:track)%00%(upstream:remotename)%00%(upstream:remoteref) refs/heads/master refs/remotes/master [1ms]
[2022-10-03T20:22:58.472Z] > git for-each-ref --sort -committerdate --format %(refname) %(objectname) %(*objectname) [3ms]
[2022-10-03T20:22:58.472Z] > git remote --verbose [1ms]
[2022-10-03T20:22:58.476Z] > git config --get commit.template [1ms]
[2022-10-03T20:23:11.424Z] > git rev-parse --show-toplevel [8ms]
[2022-10-03T20:23:11.424Z] fatal: not a git repository (or any of the parent directories): .git
[2022-10-03T20:23:15.532Z] > git check-ignore -v -z --stdin [15ms]
[2022-10-03T20:23:19.505Z] > git rev-parse --show-toplevel [3ms]
[2022-10-03T20:23:19.505Z] fatal: not a git repository (or any of the parent directories): .git
[2022-10-03T20:25:30.933Z] > git status -z -uall [195ms]
[2022-10-03T20:25:30.937Z] > git symbolic-ref --short HEAD [1ms]
[2022-10-03T20:25:30.940Z] > git for-each-ref --format=%(refname)%00%(upstream:short)%00%(objectname)%00%(upstream:track)%00%(upstream:remotename)%00%(upstream:remoteref) refs/heads/master refs/remotes/master [2ms]
[2022-10-03T20:25:30.944Z] > git for-each-ref --sort -committerdate --format %(refname) %(objectname) %(*objectname) [2ms]
[2022-10-03T20:25:30.944Z] > git remote --verbose [0ms]
[2022-10-03T20:25:30.948Z] > git config --get commit.template [1ms]
[2022-10-03T20:25:36.133Z] > git status -z -uall [182ms]
[2022-10-03T20:25:36.136Z] > git symbolic-ref --short HEAD [0ms]
[2022-10-03T20:25:36.140Z] > git for-each-ref --format=%(refname)%00%(upstream:short)%00%(objectname)%00%(upstream:track)%00%(upstream:remotename)%00%(upstream:remoteref) refs/heads/master refs/remotes/master [1ms]
[2022-10-03T20:25:36.144Z] > git for-each-ref --sort -committerdate --format %(refname) %(objectname) %(*objectname) [2ms]
[2022-10-03T20:25:36.144Z] > git remote --verbose [0ms]
[2022-10-03T20:25:36.148Z] > git config --get commit.template [1ms]
[2022-10-03T20:27:03.184Z] > git rev-parse --show-toplevel [0ms]
[2022-10-03T20:27:03.184Z] fatal: not a git repository (or any of the parent directories): .git
[2022-10-03T20:27:15.033Z] > git rev-parse --show-toplevel [0ms]
[2022-10-03T20:27:15.033Z] fatal: not a git repository (or any of the parent directories): .git
[2022-10-03T20:27:37.207Z] > git rev-parse --show-toplevel [1ms]
[2022-10-03T20:27:37.207Z] fatal: not a git repository (or any of the parent directories): .git
[2022-10-03T20:29:23.385Z] > git rev-parse --show-toplevel [1ms]
[2022-10-03T20:29:23.385Z] fatal: not a git repository (or any of the parent directories): .git
[2022-10-03T20:29:36.120Z] > git rev-parse --show-toplevel [1ms]
[2022-10-03T20:29:36.120Z] fatal: not a git repository (or any of the parent directories): .git
[2022-10-03T20:30:04.799Z] > git rev-parse --show-toplevel [1ms]
[2022-10-03T20:30:04.799Z] fatal: not a git repository (or any of the parent directories): .git
[2022-10-03T20:30:12.425Z] > git status -z -uall [162ms]
[2022-10-03T20:30:12.429Z] > git symbolic-ref --short HEAD [1ms]
[2022-10-03T20:30:12.432Z] > git for-each-ref --format=%(refname)%00%(upstream:short)%00%(objectname)%00%(upstream:track)%00%(upstream:remotename)%00%(upstream:remoteref) refs/heads/master refs/remotes/master [1ms]
[2022-10-03T20:30:12.436Z] > git for-each-ref --sort -committerdate --format %(refname) %(objectname) %(*objectname) [2ms]
[2022-10-03T20:30:12.436Z] > git remote --verbose [1ms]
[2022-10-03T20:30:12.439Z] > git config --get commit.template [0ms]
[2022-10-03T20:30:24.908Z] > git rev-parse --show-toplevel [0ms]
[2022-10-03T20:30:24.908Z] fatal: not a git repository (or any of the parent directories): .git
[2022-10-03T20:30:33.987Z] > git rev-parse --show-toplevel [1ms]
[2022-10-03T20:30:33.987Z] fatal: not a git repository (or any of the parent directories): .git
[2022-10-03T20:30:36.237Z] > git rev-parse --show-toplevel [1ms]
[2022-10-03T20:30:36.237Z] fatal: not a git repository (or any of the parent directories): .git
[2022-10-03T20:30:36.600Z] > git rev-parse --show-toplevel [1ms]
[2022-10-03T20:30:36.600Z] fatal: not a git repository (or any of the parent directories): .git
[2022-10-03T20:30:39.546Z] > git rev-parse --show-toplevel [0ms]
[2022-10-03T20:30:39.546Z] fatal: not a git repository (or any of the parent directories): .git
[2022-10-03T20:30:41.990Z] > git rev-parse --show-toplevel [1ms]
[2022-10-03T20:30:41.990Z] fatal: not a git repository (or any of the parent directories): .git
[2022-10-03T20:30:51.519Z] > git rev-parse --show-toplevel [1ms]
[2022-10-03T20:30:51.519Z] fatal: not a git repository (or any of the parent directories): .git
[2022-10-03T20:30:52.635Z] > git rev-parse --show-toplevel [1ms]
[2022-10-03T20:30:52.635Z] fatal: not a git repository (or any of the parent directories): .git
[2022-10-03T20:30:56.843Z] > git rev-parse --show-toplevel [1ms]
[2022-10-03T20:30:56.843Z] fatal: not a git repository (or any of the parent directories): .git
[2022-10-03T20:31:01.919Z] > git rev-parse --show-toplevel [1ms]
[2022-10-03T20:31:01.919Z] fatal: not a git repository (or any of the parent directories): .git
[2022-10-03T20:31:04.190Z] > git rev-parse --show-toplevel [1ms]
[2022-10-03T20:31:04.190Z] fatal: not a git repository (or any of the parent directories): .git
[2022-10-03T20:31:06.818Z] > git rev-parse --show-toplevel [1ms]
[2022-10-03T20:31:06.818Z] fatal: not a git repository (or any of the parent directories): .git
[2022-10-03T20:31:21.118Z] > git rev-parse --show-toplevel [1ms]
[2022-10-03T20:31:21.118Z] fatal: not a git repository (or any of the parent directories): .git
[2022-10-03T20:31:21.794Z] > git rev-parse --show-toplevel [1ms]
[2022-10-03T20:31:21.794Z] fatal: not a git repository (or any of the parent directories): .git
[2022-10-03T20:31:23.852Z] > git rev-parse --show-toplevel [0ms]
[2022-10-03T20:31:23.852Z] fatal: not a git repository (or any of the parent directories): .git
[2022-10-03T20:31:28.360Z] > git rev-parse --show-toplevel [1ms]
[2022-10-03T20:31:28.360Z] fatal: not a git repository (or any of the parent directories): .git
