[Info  - 20:22:57.991] Reading sessions from keychain...
[Info  - 20:22:58.16] Getting sessions for user:email...
[Info  - 20:22:58.16] Getting sessions for all scopes...
[Info  - 20:22:58.16] Got 0 sessions for user:email...
[Info  - 20:22:58.16] Got 0 sessions for ...
[Info  - 20:25:35.955] Getting sessions for all scopes...
[Info  - 20:25:35.955] Got 0 sessions for ...
[Info  - 20:28:13.210] Getting sessions for user:email...
[Info  - 20:28:13.210] Got 0 sessions for user:email...
[Info  - 20:28:16.872] Logging in for the following scopes: user:email
[Info  - 20:28:16.884] Trying without local server... (user:email)
[Trace  - 20:28:31.926] Handling Uri...
[Info  - 20:28:31.927] Exchanging code for token...
[Info  - 20:28:33.549] Token exchange success!
[Info  - 20:28:33.549] Getting user info...
[Info  - 20:28:33.830] Got account info!
[Info  - 20:28:33.830] Storing 1 sessions...
[Error  - 20:28:33.885] Setting token failed: Error: GDBus.Error:org.freedesktop.DBus.Error.ServiceUnknown: The name org.freedesktop.secrets was not provided by any .service files
[Info  - 20:28:33.885] Stored 1 sessions!
[Info  - 20:28:33.885] Login success!
[Info  - 20:28:33.892] Getting sessions for user:email...
[Info  - 20:28:33.892] Getting sessions for user:email...
[Info  - 20:28:33.892] Got 1 sessions for user:email...
[Info  - 20:28:33.892] Got 1 sessions for user:email...
