[2022-10-03T20:44:06.607Z] Log level: Info
[2022-10-03T20:44:06.609Z] [info] Validating found git in: git
[2022-10-03T20:44:06.620Z] [info] Using git 2.37.3 from git
[2022-10-03T20:44:06.631Z] > git rev-parse --show-toplevel [5ms]
[2022-10-03T20:44:06.631Z] fatal: not a git repository (or any of the parent directories): .git
[2022-10-03T20:44:06.635Z] > git rev-parse --show-toplevel [0ms]
[2022-10-03T20:44:06.635Z] fatal: not a git repository (or any of the parent directories): .git
[2022-10-03T20:44:06.654Z] > git rev-parse --show-toplevel [15ms]
[2022-10-03T20:44:06.654Z] fatal: not a git repository (or any of the parent directories): .git
[2022-10-03T20:44:40.591Z] > git rev-parse --show-toplevel [1ms]
[2022-10-03T20:44:40.592Z] fatal: not a git repository (or any of the parent directories): .git
[2022-10-03T20:44:40.598Z] > git rev-parse --show-toplevel [2ms]
[2022-10-03T20:44:40.598Z] fatal: not a git repository (or any of the parent directories): .git
[2022-10-03T20:44:42.023Z] > git rev-parse --show-toplevel [1ms]
[2022-10-03T20:44:42.023Z] fatal: not a git repository (or any of the parent directories): .git
[2022-10-03T20:44:43.411Z] > git rev-parse --show-toplevel [1ms]
[2022-10-03T20:44:43.411Z] fatal: not a git repository (or any of the parent directories): .git
[2022-10-03T20:44:59.238Z] > git rev-parse --show-toplevel [1ms]
[2022-10-03T20:44:59.238Z] fatal: not a git repository (or any of the parent directories): .git
[2022-10-03T20:44:59.941Z] > git rev-parse --show-toplevel [2ms]
[2022-10-03T20:44:59.941Z] fatal: not a git repository (or any of the parent directories): .git
