[2022-06-07 18:04:53.016] [exthost] [info] Extension host with pid 1458368 started
[2022-06-07 18:04:53.520] [exthost] [info] ExtensionService#_doActivateExtension vscode.debug-auto-launch, startup: true, activationEvent: '*'
[2022-06-07 18:04:53.550] [exthost] [info] ExtensionService#_doActivateExtension vscode.git-base, startup: true, activationEvent: '*', root cause: vscode.git
[2022-06-07 18:04:53.587] [exthost] [info] ExtensionService#_doActivateExtension vscode.ipynb, startup: true, activationEvent: '*'
[2022-06-07 18:04:53.662] [exthost] [info] ExtensionService#_doActivateExtension JackVandergriff.xresources-theme, startup: true, activationEvent: '*'
[2022-06-07 18:04:54.431] [exthost] [info] ExtensionService#_doActivateExtension vscode.git, startup: true, activationEvent: '*'
[2022-06-07 18:04:54.714] [exthost] [info] ExtensionService#_doActivateExtension vscode.github, startup: true, activationEvent: '*'
[2022-06-07 18:04:54.981] [exthost] [info] Eager extensions activated
[2022-06-07 18:04:55.041] [exthost] [info] ExtensionService#_doActivateExtension vscode.emmet, startup: false, activationEvent: 'onStartupFinished'
[2022-06-07 18:04:55.110] [exthost] [info] ExtensionService#_doActivateExtension vscode.merge-conflict, startup: false, activationEvent: 'onStartupFinished'
[2022-06-07 18:04:55.129] [exthost] [info] ExtensionService#_doActivateExtension ritwickdey.LiveServer, startup: false, activationEvent: 'onStartupFinished'
[2022-06-07 18:05:37.461] [exthost] [info] ExtensionService#_doActivateExtension ms-python.python, startup: false, activationEvent: 'onLanguage:python'
[2022-06-07 18:06:16.307] [exthost] [info] Extension host terminating: renderer closed the socket
[2022-06-07 18:06:16.337] [exthost] [info] Extension host with pid 1458368 exiting with code 0
[2022-06-07 18:06:21.868] [exthost] [info] Extension host with pid 1460700 started
[2022-06-07 18:06:21.868] [exthost] [info] Skipping acquiring lock for /home/d3sk3r/.config/Code - OSS/User/workspaceStorage/d04f9e1e87763d6de3649eabad234a16.
[2022-06-07 18:06:22.182] [exthost] [info] ExtensionService#_doActivateExtension vscode.html-language-features, startup: false, activationEvent: 'onLanguage:html'
[2022-06-07 18:06:22.506] [exthost] [info] ExtensionService#_doActivateExtension vscode.debug-auto-launch, startup: true, activationEvent: '*'
[2022-06-07 18:06:22.509] [exthost] [info] ExtensionService#_doActivateExtension vscode.git-base, startup: true, activationEvent: '*', root cause: vscode.git
[2022-06-07 18:06:22.512] [exthost] [info] ExtensionService#_doActivateExtension vscode.ipynb, startup: true, activationEvent: '*'
[2022-06-07 18:06:22.516] [exthost] [info] ExtensionService#_doActivateExtension JackVandergriff.xresources-theme, startup: true, activationEvent: '*'
[2022-06-07 18:06:23.433] [exthost] [info] ExtensionService#_doActivateExtension vscode.git, startup: true, activationEvent: '*'
[2022-06-07 18:06:23.576] [exthost] [info] ExtensionService#_doActivateExtension vscode.github, startup: true, activationEvent: '*'
[2022-06-07 18:06:24.234] [exthost] [info] Eager extensions activated
[2022-06-07 18:06:24.489] [exthost] [info] ExtensionService#_doActivateExtension vscode.emmet, startup: false, activationEvent: 'onStartupFinished'
[2022-06-07 18:06:24.539] [exthost] [info] ExtensionService#_doActivateExtension vscode.merge-conflict, startup: false, activationEvent: 'onStartupFinished'
[2022-06-07 18:06:24.545] [exthost] [info] ExtensionService#_doActivateExtension ritwickdey.LiveServer, startup: false, activationEvent: 'onStartupFinished'
[2022-06-07 18:06:25.009] [exthost] [info] ExtensionService#_doActivateExtension auchenberg.vscode-browser-preview, startup: false, activationEvent: 'onView:targetTree'
[2022-06-07 18:07:02.383] [exthost] [info] Extension host terminating: renderer closed the socket
[2022-06-07 18:07:02.417] [exthost] [info] Extension host with pid 1460700 exiting with code 0
