[2021-08-22 19:12:58.091] [sharedprocess] [info] Installing extension: auchenberg.vscode-browser-preview
[2021-08-22 19:12:58.094] [sharedprocess] [info] Installing extension: jackvandergriff.xresources-theme
[2021-08-22 19:12:58.100] [sharedprocess] [info] Installing extension: miramac.vscode-exec-node
[2021-08-22 19:12:58.108] [sharedprocess] [info] Installing extension: ms-python.python
[2021-08-22 19:13:02.391] [sharedprocess] [info] Installing extension: ms-toolsai.jupyter
[2021-08-22 19:13:02.393] [sharedprocess] [info] Installing extension: ms-python.vscode-pylance
[2021-08-22 19:13:02.880] [sharedprocess] [info] [logs cleanup]: Starting to clean up old logs.
[2021-08-22 19:13:02.955] [sharedprocess] [info] [logs cleanup]: Removing log folders '20210822T160852, 20210822T161058, 20210822T161356'
[2021-08-22 19:13:06.084] [sharedprocess] [info] Downloaded extension: miramac.vscode-exec-node /home/d3sk3r/.config/Code - OSS/CachedExtensionVSIXs/miramac.vscode-exec-node-0.5.4
[2021-08-22 19:13:06.531] [sharedprocess] [info] Extracted extension to /home/d3sk3r/.vscode-oss/extensions/.85bd3cde-f2f0-43ec-b354-e89b533002c8: miramac.vscode-exec-node
[2021-08-22 19:13:06.569] [sharedprocess] [info] Renamed to /home/d3sk3r/.vscode-oss/extensions/miramac.vscode-exec-node-0.5.4
[2021-08-22 19:13:06.583] [sharedprocess] [info] Installation completed. miramac.vscode-exec-node
[2021-08-22 19:13:06.613] [sharedprocess] [info] Extensions installed successfully: miramac.vscode-exec-node
[2021-08-22 19:13:11.190] [sharedprocess] [info] Downloaded extension: jackvandergriff.xresources-theme /home/d3sk3r/.config/Code - OSS/CachedExtensionVSIXs/jackvandergriff.xresources-theme-1.1.0
[2021-08-22 19:13:13.510] [sharedprocess] [info] Extracted extension to /home/d3sk3r/.vscode-oss/extensions/.7117eac4-708f-4d8b-a514-e4ffaec07271: jackvandergriff.xresources-theme
[2021-08-22 19:13:13.536] [sharedprocess] [info] Renamed to /home/d3sk3r/.vscode-oss/extensions/jackvandergriff.xresources-theme-1.1.0
[2021-08-22 19:13:13.540] [sharedprocess] [info] Installation completed. jackvandergriff.xresources-theme
[2021-08-22 19:13:13.556] [sharedprocess] [info] Extensions installed successfully: jackvandergriff.xresources-theme
[2021-08-22 19:13:22.153] [sharedprocess] [info] Installing extension: enkia.tokyo-night
[2021-08-22 19:13:22.849] [sharedprocess] [info] [code cache cleanup]: Starting to clean up old code cache folders.
[2021-08-22 19:13:22.852] [sharedprocess] [info] [storage cleanup]: Starting to clean up storage folders.
[2021-08-22 19:13:24.976] [sharedprocess] [info] Downloaded extension: enkia.tokyo-night /home/d3sk3r/.config/Code - OSS/CachedExtensionVSIXs/enkia.tokyo-night-0.7.9
[2021-08-22 19:13:25.158] [sharedprocess] [info] Extracted extension to /home/d3sk3r/.vscode-oss/extensions/.b356ec2f-4f5b-47de-9726-d338d0ec199b: enkia.tokyo-night
[2021-08-22 19:13:25.172] [sharedprocess] [info] Renamed to /home/d3sk3r/.vscode-oss/extensions/enkia.tokyo-night-0.7.9
[2021-08-22 19:13:25.176] [sharedprocess] [info] Installation completed. enkia.tokyo-night
[2021-08-22 19:13:25.185] [sharedprocess] [info] Extensions installed successfully: enkia.tokyo-night
[2021-08-22 19:13:32.849] [sharedprocess] [info] [language pack cache cleanup]: Starting to clean up unused language packs.
[2021-08-22 19:13:34.983] [sharedprocess] [info] Downloaded extension: auchenberg.vscode-browser-preview /home/d3sk3r/.config/Code - OSS/CachedExtensionVSIXs/auchenberg.vscode-browser-preview-0.7.1
[2021-08-22 19:13:40.893] [sharedprocess] [info] Extracted extension to /home/d3sk3r/.vscode-oss/extensions/.acad5fa3-d8e6-40ce-a68e-fc23e0cec86b: auchenberg.vscode-browser-preview
[2021-08-22 19:13:40.925] [sharedprocess] [info] Renamed to /home/d3sk3r/.vscode-oss/extensions/auchenberg.vscode-browser-preview-0.7.1
[2021-08-22 19:13:40.928] [sharedprocess] [info] Installation completed. auchenberg.vscode-browser-preview
[2021-08-22 19:13:40.952] [sharedprocess] [info] Extensions installed successfully: auchenberg.vscode-browser-preview
[2021-08-22 19:13:52.866] [sharedprocess] [info] Downloaded extension: ms-python.python /home/d3sk3r/.config/Code - OSS/CachedExtensionVSIXs/ms-python.python-2021.8.1147840270
[2021-08-22 19:13:56.855] [sharedprocess] [info] Downloaded extension: ms-toolsai.jupyter /home/d3sk3r/.config/Code - OSS/CachedExtensionVSIXs/ms-toolsai.jupyter-2021.8.1054968649
[2021-08-22 19:14:00.619] [sharedprocess] [info] Extracted extension to /home/d3sk3r/.vscode-oss/extensions/.481bf79f-1d83-44ec-91f1-bf5c8e87eee6: ms-toolsai.jupyter
[2021-08-22 19:14:00.676] [sharedprocess] [info] Renamed to /home/d3sk3r/.vscode-oss/extensions/ms-toolsai.jupyter-2021.8.1054968649
[2021-08-22 19:14:00.683] [sharedprocess] [info] Installation completed. ms-toolsai.jupyter
[2021-08-22 19:14:00.701] [sharedprocess] [info] Extensions installed successfully: ms-toolsai.jupyter
[2021-08-22 19:14:03.287] [sharedprocess] [info] Extracted extension to /home/d3sk3r/.vscode-oss/extensions/.c8f77976-fb72-420d-8659-581d62c1288f: ms-python.python
[2021-08-22 19:14:03.310] [sharedprocess] [info] Renamed to /home/d3sk3r/.vscode-oss/extensions/ms-python.python-2021.8.1147840270
[2021-08-22 19:14:03.314] [sharedprocess] [info] Installation completed. ms-python.python
[2021-08-22 19:14:03.332] [sharedprocess] [info] Extensions installed successfully: ms-python.python
[2021-08-22 19:14:15.469] [sharedprocess] [info] Downloaded extension: ms-python.vscode-pylance /home/d3sk3r/.config/Code - OSS/CachedExtensionVSIXs/ms-python.vscode-pylance-2021.8.2
[2021-08-22 19:14:23.574] [sharedprocess] [info] Extracted extension to /home/d3sk3r/.vscode-oss/extensions/.08d5de6e-098f-4bdf-b5a9-764b6587b37b: ms-python.vscode-pylance
[2021-08-22 19:14:23.601] [sharedprocess] [info] Renamed to /home/d3sk3r/.vscode-oss/extensions/ms-python.vscode-pylance-2021.8.2
[2021-08-22 19:14:23.613] [sharedprocess] [info] Installation completed. ms-python.vscode-pylance
[2021-08-22 19:14:23.629] [sharedprocess] [info] Extensions installed successfully: ms-python.vscode-pylance
[2021-08-22 19:14:47.605] [sharedprocess] [info] Uninstalling extension: ms-python.vscode-pylance
[2021-08-22 19:14:47.662] [sharedprocess] [info] Successfully uninstalled extension: ms-python.vscode-pylance
[2021-08-22 19:14:47.950] [sharedprocess] [info] Detected extension removed from another source ms-python.vscode-pylance
[2021-08-22 19:14:50.393] [sharedprocess] [info] Uninstalling extension: ms-toolsai.jupyter
[2021-08-22 19:14:50.601] [sharedprocess] [info] Successfully uninstalled extension: ms-toolsai.jupyter
[2021-08-22 19:14:50.824] [sharedprocess] [info] Detected extension removed from another source ms-toolsai.jupyter
