[Info  - 19:04:55.937] Reading sessions from keychain...
[Info  - 19:04:55.948] Getting sessions for all scopes...
[Info  - 19:04:55.950] Getting sessions for read:user...
[Info  - 19:04:55.983] Got 0 sessions for ...
[Info  - 19:04:55.983] Got 0 sessions for read:user...
[Info  - 19:04:59.346] Getting sessions for read:user...
[Info  - 19:04:59.346] Got 0 sessions for read:user...
[Info  - 19:05:02.537] Logging in for the following scopes: read:user
[Info  - 19:05:02.548] Trying with local server... (read:user)
[Info  - 19:05:12.290] Exchanging code for token...
[Info  - 19:05:13.706] Token exchange success!
[Info  - 19:05:13.707] Getting user info...
[Info  - 19:05:14.57] Got account info!
[Info  - 19:05:14.57] Storing 1 sessions...
[Info  - 19:05:32.791] Reading sessions from keychain...
[Info  - 19:05:32.791] Stored 1 sessions!
[Info  - 19:05:32.792] Login success!
[Trace  - 19:05:32.879] Token acquired from secret storage.
[Info  - 19:05:32.879] Got stored sessions!
[Trace  - 19:05:32.881] Read the following session from the keychain with the following scopes: read:user
[Info  - 19:05:32.881] Got 1 verified sessions.
