[2019-06-22 19:54:32.720] [renderer1] [error] Invalid guestInstanceId: null: Error: Invalid guestInstanceId: null
    at Object.getGuestForWebContents (/usr/lib/electron/resources/electron.asar/browser/guest-view-manager.js:431:11)
    at /usr/lib/electron/resources/electron.asar/browser/rpc-server.js:444:34
    at EventEmitter.ipcMain.on.args (/usr/lib/electron/resources/electron.asar/browser/rpc-server.js:273:21)
    at EventEmitter.emit (events.js:182:13)
    at WebContents.<anonymous> (/usr/lib/electron/resources/electron.asar/browser/api/web-contents.js:368:21)
    at WebContents.emit (events.js:182:13)
[2019-06-22 19:54:48.705] [renderer1] [error] Invalid guestInstanceId: null: Error: Invalid guestInstanceId: null
    at Object.getGuestForWebContents (/usr/lib/electron/resources/electron.asar/browser/guest-view-manager.js:431:11)
    at /usr/lib/electron/resources/electron.asar/browser/rpc-server.js:444:34
    at EventEmitter.ipcMain.on.args (/usr/lib/electron/resources/electron.asar/browser/rpc-server.js:273:21)
    at EventEmitter.emit (events.js:182:13)
    at WebContents.<anonymous> (/usr/lib/electron/resources/electron.asar/browser/api/web-contents.js:368:21)
    at WebContents.emit (events.js:182:13)
[2019-06-22 19:55:14.742] [renderer1] [error] Invalid guestInstanceId: null: Error: Invalid guestInstanceId: null
    at Object.getGuestForWebContents (/usr/lib/electron/resources/electron.asar/browser/guest-view-manager.js:431:11)
    at /usr/lib/electron/resources/electron.asar/browser/rpc-server.js:444:34
    at EventEmitter.ipcMain.on.args (/usr/lib/electron/resources/electron.asar/browser/rpc-server.js:273:21)
    at EventEmitter.emit (events.js:182:13)
    at WebContents.<anonymous> (/usr/lib/electron/resources/electron.asar/browser/api/web-contents.js:368:21)
    at WebContents.emit (events.js:182:13)
[2019-06-22 19:55:19.393] [renderer1] [error] Invalid guestInstanceId: null: Error: Invalid guestInstanceId: null
    at Object.getGuestForWebContents (/usr/lib/electron/resources/electron.asar/browser/guest-view-manager.js:431:11)
    at /usr/lib/electron/resources/electron.asar/browser/rpc-server.js:444:34
    at EventEmitter.ipcMain.on.args (/usr/lib/electron/resources/electron.asar/browser/rpc-server.js:273:21)
    at EventEmitter.emit (events.js:182:13)
    at WebContents.<anonymous> (/usr/lib/electron/resources/electron.asar/browser/api/web-contents.js:368:21)
    at WebContents.emit (events.js:182:13)
[2019-06-22 19:55:21.256] [renderer1] [info] Requested uninstalling the extension gerane.theme-brillianceblack from window 1
[2019-06-22 19:55:39.541] [renderer1] [error] Invalid guestInstanceId: null: Error: Invalid guestInstanceId: null
    at Object.getGuestForWebContents (/usr/lib/electron/resources/electron.asar/browser/guest-view-manager.js:431:11)
    at /usr/lib/electron/resources/electron.asar/browser/rpc-server.js:444:34
    at EventEmitter.ipcMain.on.args (/usr/lib/electron/resources/electron.asar/browser/rpc-server.js:273:21)
    at EventEmitter.emit (events.js:182:13)
    at WebContents.<anonymous> (/usr/lib/electron/resources/electron.asar/browser/api/web-contents.js:368:21)
    at WebContents.emit (events.js:182:13)
[2019-06-22 19:55:40.660] [renderer1] [info] Requested uninstalling the extension juanmnl.vscode-theme-hydra from window 1
