[2022-01-07 15:28:19.880] [renderer1] [info] Starting extension host with pid 1235589.
[2022-01-07 15:28:19.881] [renderer1] [info] [LocalProcessExtensionHost]: IExtensionHostStarter.start() took 64 ms.
[2022-01-07 15:28:21.948] [renderer1] [error] [Extension Host] (node:1235589) [DEP0005] DeprecationWarning: Buffer() is deprecated due to security and usability issues. Please use the Buffer.alloc(), Buffer.allocUnsafe(), or Buffer.from() methods instead.
(Use `electron --trace-deprecation ...` to show where the warning was created)
[2022-01-07 15:29:00.883] [renderer1] [error] An unknown error occurred. Please consult the log for more details.
[2022-01-07 15:31:01.531] [renderer1] [error] [Extension Host] BadRequestError: Bad Request
	at SendStream.error (/home/d3sk3r/.vscode-oss/extensions/ritwickdey.liveserver-5.6.1/node_modules/send/index.js:270:31)
	at SendStream.pipe (/home/d3sk3r/.vscode-oss/extensions/ritwickdey.liveserver-5.6.1/node_modules/send/index.js:520:10)
	at /home/d3sk3r/.vscode-oss/extensions/ritwickdey.liveserver-5.6.1/node_modules/live-server/index.js:131:5
	at call (/home/d3sk3r/.vscode-oss/extensions/ritwickdey.liveserver-5.6.1/node_modules/connect/index.js:239:7)
	at next (/home/d3sk3r/.vscode-oss/extensions/ritwickdey.liveserver-5.6.1/node_modules/connect/index.js:183:5)
	at cors (/home/d3sk3r/.vscode-oss/extensions/ritwickdey.liveserver-5.6.1/node_modules/cors/lib/index.js:188:7)
	at /home/d3sk3r/.vscode-oss/extensions/ritwickdey.liveserver-5.6.1/node_modules/cors/lib/index.js:224:17
	at originCallback (/home/d3sk3r/.vscode-oss/extensions/ritwickdey.liveserver-5.6.1/node_modules/cors/lib/index.js:214:15)
	at /home/d3sk3r/.vscode-oss/extensions/ritwickdey.liveserver-5.6.1/node_modules/cors/lib/index.js:219:13
	at optionsCallback (/home/d3sk3r/.vscode-oss/extensions/ritwickdey.liveserver-5.6.1/node_modules/cors/lib/index.js:199:9)
	at corsMiddleware (/home/d3sk3r/.vscode-oss/extensions/ritwickdey.liveserver-5.6.1/node_modules/cors/lib/index.js:204:7)
	at call (/home/d3sk3r/.vscode-oss/extensions/ritwickdey.liveserver-5.6.1/node_modules/connect/index.js:239:7)
	at next (/home/d3sk3r/.vscode-oss/extensions/ritwickdey.liveserver-5.6.1/node_modules/connect/index.js:183:5)
	at logger (/home/d3sk3r/.vscode-oss/extensions/ritwickdey.liveserver-5.6.1/node_modules/morgan/index.js:144:5)
	at call (/home/d3sk3r/.vscode-oss/extensions/ritwickdey.liveserver-5.6.1/node_modules/connect/index.js:239:7)
	at next (/home/d3sk3r/.vscode-oss/extensions/ritwickdey.liveserver-5.6.1/node_modules/connect/index.js:183:5)
	at Function.handle (/home/d3sk3r/.vscode-oss/extensions/ritwickdey.liveserver-5.6.1/node_modules/connect/index.js:186:3)
	at Server.app (/home/d3sk3r/.vscode-oss/extensions/ritwickdey.liveserver-5.6.1/node_modules/connect/index.js:51:37)
	at Server.emit (events.js:327:22)
	at parserOnIncoming (_http_server.js:874:12)
	at HTTPParser.parserOnHeadersComplete (_http_common.js:126:17)
[2022-01-07 15:31:01.533] [renderer1] [error] [Extension Host] BadRequestError: Bad Request
	at SendStream.error (/home/d3sk3r/.vscode-oss/extensions/ritwickdey.liveserver-5.6.1/node_modules/send/index.js:270:31)
	at SendStream.pipe (/home/d3sk3r/.vscode-oss/extensions/ritwickdey.liveserver-5.6.1/node_modules/send/index.js:520:10)
	at /home/d3sk3r/.vscode-oss/extensions/ritwickdey.liveserver-5.6.1/node_modules/live-server/index.js:131:5
	at call (/home/d3sk3r/.vscode-oss/extensions/ritwickdey.liveserver-5.6.1/node_modules/connect/index.js:239:7)
	at next (/home/d3sk3r/.vscode-oss/extensions/ritwickdey.liveserver-5.6.1/node_modules/connect/index.js:183:5)
	at cors (/home/d3sk3r/.vscode-oss/extensions/ritwickdey.liveserver-5.6.1/node_modules/cors/lib/index.js:188:7)
	at /home/d3sk3r/.vscode-oss/extensions/ritwickdey.liveserver-5.6.1/node_modules/cors/lib/index.js:224:17
	at originCallback (/home/d3sk3r/.vscode-oss/extensions/ritwickdey.liveserver-5.6.1/node_modules/cors/lib/index.js:214:15)
	at /home/d3sk3r/.vscode-oss/extensions/ritwickdey.liveserver-5.6.1/node_modules/cors/lib/index.js:219:13
	at optionsCallback (/home/d3sk3r/.vscode-oss/extensions/ritwickdey.liveserver-5.6.1/node_modules/cors/lib/index.js:199:9)
	at corsMiddleware (/home/d3sk3r/.vscode-oss/extensions/ritwickdey.liveserver-5.6.1/node_modules/cors/lib/index.js:204:7)
	at call (/home/d3sk3r/.vscode-oss/extensions/ritwickdey.liveserver-5.6.1/node_modules/connect/index.js:239:7)
	at next (/home/d3sk3r/.vscode-oss/extensions/ritwickdey.liveserver-5.6.1/node_modules/connect/index.js:183:5)
	at logger (/home/d3sk3r/.vscode-oss/extensions/ritwickdey.liveserver-5.6.1/node_modules/morgan/index.js:144:5)
	at call (/home/d3sk3r/.vscode-oss/extensions/ritwickdey.liveserver-5.6.1/node_modules/connect/index.js:239:7)
	at next (/home/d3sk3r/.vscode-oss/extensions/ritwickdey.liveserver-5.6.1/node_modules/connect/index.js:183:5)
	at Function.handle (/home/d3sk3r/.vscode-oss/extensions/ritwickdey.liveserver-5.6.1/node_modules/connect/index.js:186:3)
	at Server.app (/home/d3sk3r/.vscode-oss/extensions/ritwickdey.liveserver-5.6.1/node_modules/connect/index.js:51:37)
	at Server.emit (events.js:327:22)
	at parserOnIncoming (_http_server.js:874:12)
	at HTTPParser.parserOnHeadersComplete (_http_common.js:126:17)
[2022-01-07 15:33:45.722] [renderer1] [info] Webgl lost context, disposing of webgl renderer
