[2020-09-14 19:50:24.824] [exthost] [info] extension host started
[2020-09-14 19:50:25.058] [exthost] [info] ExtensionService#_doActivateExtension vscode.emmet {"startup":false,"extensionId":{"value":"vscode.emmet","_lower":"vscode.emmet"},"activationEvent":"onLanguage:html"}
[2020-09-14 19:50:25.058] [exthost] [info] ExtensionService#loadCommonJSModule file:///usr/lib/code/extensions/emmet/dist/node/emmetNodeMain
[2020-09-14 19:50:25.099] [exthost] [info] ExtensionService#_doActivateExtension vscode.html-language-features {"startup":false,"extensionId":{"value":"vscode.html-language-features","_lower":"vscode.html-language-features"},"activationEvent":"onLanguage:html"}
[2020-09-14 19:50:25.099] [exthost] [info] ExtensionService#loadCommonJSModule file:///usr/lib/code/extensions/html-language-features/client/dist/node/htmlClientMain
[2020-09-14 19:50:25.131] [exthost] [info] ExtensionService#_doActivateExtension vscode.debug-auto-launch {"startup":true,"extensionId":{"value":"vscode.debug-auto-launch","_lower":"vscode.debug-auto-launch"},"activationEvent":"*"}
[2020-09-14 19:50:25.131] [exthost] [info] ExtensionService#loadCommonJSModule file:///usr/lib/code/extensions/debug-auto-launch/dist/extension
[2020-09-14 19:50:25.135] [exthost] [info] ExtensionService#_doActivateExtension vscode.git {"startup":true,"extensionId":{"value":"vscode.github","_lower":"vscode.github"},"activationEvent":"*"}
[2020-09-14 19:50:25.135] [exthost] [info] ExtensionService#loadCommonJSModule file:///usr/lib/code/extensions/git/dist/main
[2020-09-14 19:50:25.170] [exthost] [info] ExtensionService#_doActivateExtension vscode.github-authentication {"startup":true,"extensionId":{"value":"vscode.github-authentication","_lower":"vscode.github-authentication"},"activationEvent":"*"}
[2020-09-14 19:50:25.170] [exthost] [info] ExtensionService#loadCommonJSModule file:///usr/lib/code/extensions/github-authentication/dist/extension.js
[2020-09-14 19:50:25.187] [exthost] [info] ExtensionService#_doActivateExtension vscode.merge-conflict {"startup":true,"extensionId":{"value":"vscode.merge-conflict","_lower":"vscode.merge-conflict"},"activationEvent":"*"}
[2020-09-14 19:50:25.188] [exthost] [info] ExtensionService#loadCommonJSModule file:///usr/lib/code/extensions/merge-conflict/dist/mergeConflictMain
[2020-09-14 19:50:25.192] [exthost] [info] ExtensionService#_doActivateExtension vscode.microsoft-authentication {"startup":true,"extensionId":{"value":"vscode.microsoft-authentication","_lower":"vscode.microsoft-authentication"},"activationEvent":"*"}
[2020-09-14 19:50:25.192] [exthost] [info] ExtensionService#loadCommonJSModule file:///usr/lib/code/extensions/microsoft-authentication/dist/extension.js
[2020-09-14 19:50:25.203] [exthost] [info] ExtensionService#_doActivateExtension vscode.search-result {"startup":true,"extensionId":{"value":"vscode.search-result","_lower":"vscode.search-result"},"activationEvent":"*"}
[2020-09-14 19:50:25.204] [exthost] [info] ExtensionService#loadCommonJSModule file:///usr/lib/code/extensions/search-result/dist/extension.js
[2020-09-14 19:50:25.206] [exthost] [info] ExtensionService#_doActivateExtension ritwickdey.LiveServer {"startup":true,"extensionId":{"value":"ritwickdey.LiveServer","_lower":"ritwickdey.liveserver"},"activationEvent":"*"}
[2020-09-14 19:50:25.206] [exthost] [info] ExtensionService#loadCommonJSModule file:///home/d3sk3r/.vscode-oss/extensions/ritwickdey.liveserver-5.6.1/out/src/extension
[2020-09-14 19:50:26.271] [exthost] [info] ExtensionService#_doActivateExtension vscode.github {"startup":true,"extensionId":{"value":"vscode.github","_lower":"vscode.github"},"activationEvent":"*"}
[2020-09-14 19:50:26.271] [exthost] [info] ExtensionService#loadCommonJSModule file:///usr/lib/code/extensions/github/dist/extension.js
[2020-09-14 19:50:26.311] [exthost] [info] eager extensions activated
[2020-09-14 19:50:31.759] [exthost] [info] ExtensionService#_doActivateExtension auchenberg.vscode-browser-preview {"startup":false,"extensionId":{"value":"auchenberg.vscode-browser-preview","_lower":"auchenberg.vscode-browser-preview"},"activationEvent":"onCommand:browser-preview.openPreview"}
[2020-09-14 19:50:31.759] [exthost] [info] ExtensionService#loadCommonJSModule file:///home/d3sk3r/.vscode-oss/extensions/auchenberg.vscode-browser-preview-0.6.7/build/ext-src/extension.js
