Looking for git in: git
Using git 2.32.0 from git
> git rev-parse --git-dir
Open repository: /home/d3sk3r/react/react-app
> git status -z -u
> git symbolic-ref --short HEAD
> git for-each-ref --format=%(refname)%00%(upstream:short)%00%(objectname)%00%(upstream:track) refs/heads/master refs/remotes/master
> git for-each-ref --sort -committerdate --format %(refname) %(objectname) %(*objectname)
> git remote --verbose
> git config --get commit.template
> git check-ignore -v -z --stdin
> git show --textconv :src/Counter/__test__/Counter.test.js
> git ls-files --stage -- /home/d3sk3r/react/react-app/src/Counter/__test__/Counter.test.js
> git status -z -u
> git symbolic-ref --short HEAD
> git for-each-ref --format=%(refname)%00%(upstream:short)%00%(objectname)%00%(upstream:track) refs/heads/master refs/remotes/master
> git for-each-ref --sort -committerdate --format %(refname) %(objectname) %(*objectname)
> git remote --verbose
> git ls-files --stage -- /home/d3sk3r/react/react-app/src/Counter/__test__/Counter.test.js
> git config --get commit.template
> git show --textconv :src/Counter/__test__/Counter.test.js
> git log --format=%H%n%aN%n%aE%n%at%n%ct%n%P%n%B -z -n21 -- /home/d3sk3r/react/react-app/src/Counter/__test__/Counter.test.js
> git show --textconv :src/Counter/Counter.js
> git ls-files --stage -- /home/d3sk3r/react/react-app/src/Counter/Counter.js
> git show --textconv :src/Counter/__test__/Counter.test.js
> git ls-files --stage -- /home/d3sk3r/react/react-app/src/Counter/__test__/Counter.test.js
> git show --textconv :src/Counter/Counter.js
> git ls-files --stage -- /home/d3sk3r/react/react-app/src/Counter/Counter.js
> git show --textconv :src/Counter/__test__/Counter.test.js
> git ls-files --stage -- /home/d3sk3r/react/react-app/src/Counter/__test__/Counter.test.js
> git status -z -u
> git symbolic-ref --short HEAD
> git for-each-ref --format=%(refname)%00%(upstream:short)%00%(objectname)%00%(upstream:track) refs/heads/master refs/remotes/master
> git for-each-ref --sort -committerdate --format %(refname) %(objectname) %(*objectname)
> git remote --verbose
> git config --get commit.template
> git status -z -u
> git symbolic-ref --short HEAD
> git for-each-ref --format=%(refname)%00%(upstream:short)%00%(objectname)%00%(upstream:track) refs/heads/master refs/remotes/master
> git for-each-ref --sort -committerdate --format %(refname) %(objectname) %(*objectname)
> git remote --verbose
> git config --get commit.template
> git status -z -u
> git symbolic-ref --short HEAD
> git for-each-ref --format=%(refname)%00%(upstream:short)%00%(objectname)%00%(upstream:track) refs/heads/master refs/remotes/master
> git for-each-ref --sort -committerdate --format %(refname) %(objectname) %(*objectname)
> git remote --verbose
> git config --get commit.template
> git ls-files --stage -- /home/d3sk3r/react/react-app/src/Counter/__test__/Counter.test.js
> git show --textconv :src/Counter/__test__/Counter.test.js
> git status -z -u
> git symbolic-ref --short HEAD
> git for-each-ref --format=%(refname)%00%(upstream:short)%00%(objectname)%00%(upstream:track) refs/heads/master refs/remotes/master
> git for-each-ref --sort -committerdate --format %(refname) %(objectname) %(*objectname)
> git remote --verbose
> git config --get commit.template
> git check-ignore -v -z --stdin
> git log --format=%H%n%aN%n%aE%n%at%n%ct%n%P%n%B -z -n21 -- /home/d3sk3r/react/react-app/src/Counter/__test__/Counter.test.js
> git show --textconv :src/Counter/Counter.css
> git ls-files --stage -- /home/d3sk3r/react/react-app/src/Counter/Counter.css
> git show --textconv :src/Counter/__test__/Counter.test.js
> git ls-files --stage -- /home/d3sk3r/react/react-app/src/Counter/__test__/Counter.test.js
> git show --textconv :src/Counter/Counter.css
> git ls-files --stage -- /home/d3sk3r/react/react-app/src/Counter/Counter.css
> git show --textconv :src/Counter/__test__/Counter.test.js
> git ls-files --stage -- /home/d3sk3r/react/react-app/src/Counter/__test__/Counter.test.js
