[2022-09-13 14:35:52.214] [exthost] [info] Extension host with pid 90422 started
[2022-09-13 14:35:52.340] [exthost] [info] ExtensionService#_doActivateExtension vscode.microsoft-authentication, startup: false, activationEvent: 'onAuthenticationRequest:microsoft'
[2022-09-13 14:35:52.441] [exthost] [info] ExtensionService#_doActivateExtension vscode.debug-auto-launch, startup: true, activationEvent: '*'
[2022-09-13 14:35:52.448] [exthost] [info] ExtensionService#_doActivateExtension vscode.git-base, startup: true, activationEvent: '*', root cause: vscode.git
[2022-09-13 14:35:52.457] [exthost] [info] ExtensionService#_doActivateExtension vscode.ipynb, startup: true, activationEvent: '*'
[2022-09-13 14:35:52.564] [exthost] [info] ExtensionService#_doActivateExtension vscode.git, startup: true, activationEvent: '*'
[2022-09-13 14:35:52.733] [exthost] [info] ExtensionService#_doActivateExtension vscode.github, startup: true, activationEvent: '*'
[2022-09-13 14:35:52.926] [exthost] [info] Eager extensions activated
[2022-09-13 14:35:52.962] [exthost] [info] ExtensionService#_doActivateExtension vscode.emmet, startup: false, activationEvent: 'onStartupFinished'
[2022-09-13 14:35:53.001] [exthost] [info] ExtensionService#_doActivateExtension vscode.merge-conflict, startup: false, activationEvent: 'onStartupFinished'
[2022-09-13 14:35:53.011] [exthost] [info] ExtensionService#_doActivateExtension vscode.github-authentication, startup: false, activationEvent: 'onAuthenticationRequest:github'
[2022-09-13 14:36:14.366] [exthost] [info] ExtensionService#_doActivateExtension vscode.configuration-editing, startup: false, activationEvent: 'onLanguage:jsonc'
[2022-09-13 14:36:14.381] [exthost] [info] ExtensionService#_doActivateExtension vscode.json-language-features, startup: false, activationEvent: 'onLanguage:jsonc'
[2022-09-13 14:36:14.576] [exthost] [info] ExtensionService#_doActivateExtension vscode.typescript-language-features, startup: false, activationEvent: 'onLanguage:jsonc'
[2022-09-13 14:36:40.884] [exthost] [info] ExtensionService#_doActivateExtension JackVandergriff.xresources-theme, startup: false, activationEvent: '*'
[2022-09-13 14:38:13.218] [exthost] [info] Extension host terminating: received terminate message from renderer
[2022-09-13 14:38:13.252] [exthost] [info] Extension host with pid 90422 exiting with code 0
[2022-09-13 14:38:17.424] [exthost] [info] Extension host with pid 93423 started
[2022-09-13 14:38:17.424] [exthost] [info] Skipping acquiring lock for /home/desker/.config/Code/User/workspaceStorage/677f66fc65e7074d75df2a72b9597f92.
[2022-09-13 14:38:17.705] [exthost] [info] ExtensionService#_doActivateExtension vscode.microsoft-authentication, startup: false, activationEvent: 'onAuthenticationRequest:microsoft'
[2022-09-13 14:38:17.743] [exthost] [info] ExtensionService#_doActivateExtension vscode.debug-auto-launch, startup: true, activationEvent: '*'
[2022-09-13 14:38:17.747] [exthost] [info] ExtensionService#_doActivateExtension vscode.git-base, startup: true, activationEvent: '*'
[2022-09-13 14:38:17.751] [exthost] [info] ExtensionService#_doActivateExtension vscode.ipynb, startup: true, activationEvent: '*'
[2022-09-13 14:38:17.868] [exthost] [info] ExtensionService#_doActivateExtension vscode.github, startup: true, activationEvent: '*'
[2022-09-13 14:38:17.893] [exthost] [info] Eager extensions activated
[2022-09-13 14:38:17.927] [exthost] [info] ExtensionService#_doActivateExtension vscode.emmet, startup: false, activationEvent: 'onStartupFinished'
[2022-09-13 14:38:17.936] [exthost] [info] ExtensionService#_doActivateExtension vscode.merge-conflict, startup: false, activationEvent: 'onStartupFinished'
[2022-09-13 14:38:17.981] [exthost] [info] ExtensionService#_doActivateExtension vscode.github-authentication, startup: false, activationEvent: 'onAuthenticationRequest:github'
[2022-09-13 14:38:18.888] [exthost] [info] ExtensionService#_doActivateExtension vscode.git, startup: false, activationEvent: 'api', root cause: vscode.github
[2022-09-13 14:38:18.949] [exthost] [info] ExtensionService#_doActivateExtension JackVandergriff.xresources-theme, startup: false, activationEvent: '*'
[2022-09-13 14:39:19.323] [exthost] [info] ExtensionService#_doActivateExtension vscode.configuration-editing, startup: false, activationEvent: 'onLanguage:jsonc'
[2022-09-13 14:39:19.329] [exthost] [info] ExtensionService#_doActivateExtension vscode.json-language-features, startup: false, activationEvent: 'onLanguage:jsonc'
[2022-09-13 14:39:19.361] [exthost] [info] ExtensionService#_doActivateExtension vscode.typescript-language-features, startup: false, activationEvent: 'onLanguage:jsonc'
[2022-09-13 14:39:41.524] [exthost] [info] Extension host terminating: received terminate message from renderer
[2022-09-13 14:39:41.559] [exthost] [info] Extension host with pid 93423 exiting with code 0
