[2021-08-22 18:49:19.981] [exthost] [info] extension host started
[2021-08-22 18:49:20.077] [exthost] [info] Lock '/home/d3sk3r/.config/Code - OSS/User/workspaceStorage/4af9dbf64591c2f85744080d7cbb5743/vscode.lock': Lock acquired.
[2021-08-22 18:49:20.681] [exthost] [info] ExtensionService#_doActivateExtension vscode.typescript-language-features {"startup":false,"extensionId":{"value":"vscode.typescript-language-features","_lower":"vscode.typescript-language-features"},"activationEvent":"onLanguage:javascript"}
[2021-08-22 18:49:20.681] [exthost] [info] ExtensionService#loadCommonJSModule file:///usr/lib/code/extensions/typescript-language-features/dist/extension
[2021-08-22 18:49:20.715] [exthost] [info] ExtensionService#_doActivateExtension vscode.debug-auto-launch {"startup":true,"extensionId":{"value":"vscode.debug-auto-launch","_lower":"vscode.debug-auto-launch"},"activationEvent":"*"}
[2021-08-22 18:49:20.716] [exthost] [info] ExtensionService#loadCommonJSModule file:///usr/lib/code/extensions/debug-auto-launch/dist/extension
[2021-08-22 18:49:20.720] [exthost] [info] ExtensionService#_doActivateExtension vscode.git {"startup":true,"extensionId":{"value":"vscode.github","_lower":"vscode.github"},"activationEvent":"*"}
[2021-08-22 18:49:20.720] [exthost] [info] ExtensionService#loadCommonJSModule file:///usr/lib/code/extensions/git/dist/main
[2021-08-22 18:49:20.758] [exthost] [info] ExtensionService#_doActivateExtension JackVandergriff.xresources-theme {"startup":true,"extensionId":{"value":"JackVandergriff.xresources-theme","_lower":"jackvandergriff.xresources-theme"},"activationEvent":"*"}
[2021-08-22 18:49:20.758] [exthost] [info] ExtensionService#loadCommonJSModule file:///home/d3sk3r/.vscode-oss/extensions/jackvandergriff.xresources-theme-1.0.1/out/extension.js
[2021-08-22 18:49:20.779] [exthost] [info] ExtensionService#_doActivateExtension ritwickdey.LiveServer {"startup":true,"extensionId":{"value":"ritwickdey.LiveServer","_lower":"ritwickdey.liveserver"},"activationEvent":"*"}
[2021-08-22 18:49:20.779] [exthost] [info] ExtensionService#loadCommonJSModule file:///home/d3sk3r/.vscode-oss/extensions/ritwickdey.liveserver-5.6.1/out/src/extension
[2021-08-22 18:49:21.409] [exthost] [info] ExtensionService#_doActivateExtension vscode.npm {"startup":true,"extensionId":{"value":"vscode.npm","_lower":"vscode.npm"},"activationEvent":"workspaceContains:package.json"}
[2021-08-22 18:49:21.409] [exthost] [info] ExtensionService#loadCommonJSModule file:///usr/lib/code/extensions/npm/dist/npmMain
[2021-08-22 18:49:26.094] [exthost] [info] ExtensionService#_doActivateExtension vscode.github {"startup":true,"extensionId":{"value":"vscode.github","_lower":"vscode.github"},"activationEvent":"*"}
[2021-08-22 18:49:26.094] [exthost] [info] ExtensionService#loadCommonJSModule file:///usr/lib/code/extensions/github/dist/extension.js
[2021-08-22 18:49:26.461] [exthost] [info] ExtensionService#_doActivateExtension ms-vscode.js-debug {"startup":false,"extensionId":{"value":"ms-vscode.js-debug","_lower":"ms-vscode.js-debug"},"activationEvent":"onCommand:extension.js-debug.clearAutoAttachVariables"}
[2021-08-22 18:49:26.461] [exthost] [info] ExtensionService#loadCommonJSModule file:///usr/lib/code/extensions/ms-vscode.js-debug/src/extension.js
[2021-08-22 18:49:27.690] [exthost] [info] eager extensions activated
[2021-08-22 18:49:27.875] [exthost] [info] ExtensionService#_doActivateExtension vscode.emmet {"startup":false,"extensionId":{"value":"vscode.emmet","_lower":"vscode.emmet"},"activationEvent":"onStartupFinished"}
[2021-08-22 18:49:27.875] [exthost] [info] ExtensionService#loadCommonJSModule file:///usr/lib/code/extensions/emmet/dist/node/emmetNodeMain
[2021-08-22 18:49:27.911] [exthost] [info] ExtensionService#_doActivateExtension vscode.merge-conflict {"startup":false,"extensionId":{"value":"vscode.merge-conflict","_lower":"vscode.merge-conflict"},"activationEvent":"onStartupFinished"}
[2021-08-22 18:49:27.911] [exthost] [info] ExtensionService#loadCommonJSModule file:///usr/lib/code/extensions/merge-conflict/dist/mergeConflictMain
[2021-08-22 18:49:27.923] [exthost] [info] ExtensionService#_doActivateExtension vscode.testing-editor-contributions {"startup":false,"extensionId":{"value":"vscode.testing-editor-contributions","_lower":"vscode.testing-editor-contributions"},"activationEvent":"onStartupFinished"}
[2021-08-22 18:49:27.924] [exthost] [info] ExtensionService#loadCommonJSModule file:///usr/lib/code/extensions/testing-editor-contributions/dist/extension.js
[2021-08-22 18:50:33.656] [exthost] [info] ExtensionService#_doActivateExtension vscode.extension-editing {"startup":false,"extensionId":{"value":"vscode.extension-editing","_lower":"vscode.extension-editing"},"activationEvent":"onLanguage:typescript"}
[2021-08-22 18:50:33.656] [exthost] [info] ExtensionService#loadCommonJSModule file:///usr/lib/code/extensions/extension-editing/dist/extensionEditingMain
[2021-08-22 18:51:38.958] [exthost] [info] extension host terminating: renderer closed the socket
[2021-08-22 18:51:38.959] [exthost] [info] Lock '/home/d3sk3r/.config/Code - OSS/User/workspaceStorage/4af9dbf64591c2f85744080d7cbb5743/vscode.lock': Marking the lockfile as scheduled to be released in 6000 ms.
[2021-08-22 18:51:40.017] [exthost] [info] exiting with code 0
