[2020-09-14 14:09:22.871] [renderer1] [error] [ms-python.python]: Proposed API is only available when running out of dev or with the following command line switch: --enable-proposed-api ms-python.python: Error: [ms-python.python]: Proposed API is only available when running out of dev or with the following command line switch: --enable-proposed-api ms-python.python
	at a (/usr/lib/code/out/vs/workbench/services/extensions/node/extensionHostProcess.js:605:324)
	at Object.t.checkProposedApiEnabled (/usr/lib/code/out/vs/workbench/services/extensions/node/extensionHostProcess.js:605:686)
	at Object.get activeNotebookEditor [as activeNotebookEditor] (/usr/lib/code/out/vs/workbench/services/extensions/node/extensionHostProcess.js:952:10)
	at u.get activeNotebookEditor [as activeNotebookEditor] (/home/d3sk3r/.vscode-oss/extensions/ms-python.python-2020.8.101144/out/client/extension.js:46:541506)
	at g.provideCodeLenses (/home/d3sk3r/.vscode-oss/extensions/ms-python.python-2020.8.101144/out/client/extension.js:48:230908)
	at /usr/lib/code/out/vs/workbench/services/extensions/node/extensionHostProcess.js:678:391
	at /usr/lib/code/out/vs/workbench/services/extensions/node/extensionHostProcess.js:52:136
	at new Promise (<anonymous>)
	at Object.t.asPromise (/usr/lib/code/out/vs/workbench/services/extensions/node/extensionHostProcess.js:52:108)
	at _.provideCodeLenses (/usr/lib/code/out/vs/workbench/services/extensions/node/extensionHostProcess.js:678:362)
	at /usr/lib/code/out/vs/workbench/services/extensions/node/extensionHostProcess.js:699:640
	at K._withAdapter (/usr/lib/code/out/vs/workbench/services/extensions/node/extensionHostProcess.js:698:331)
	at K.$provideCodeLenses (/usr/lib/code/out/vs/workbench/services/extensions/node/extensionHostProcess.js:699:618)
	at m._doInvokeHandler (/usr/lib/code/out/vs/workbench/services/extensions/node/extensionHostProcess.js:819:926)
	at m._invokeHandler (/usr/lib/code/out/vs/workbench/services/extensions/node/extensionHostProcess.js:819:618)
	at m._receiveRequest (/usr/lib/code/out/vs/workbench/services/extensions/node/extensionHostProcess.js:818:201)
	at m._receiveOneMessage (/usr/lib/code/out/vs/workbench/services/extensions/node/extensionHostProcess.js:817:6)
	at /usr/lib/code/out/vs/workbench/services/extensions/node/extensionHostProcess.js:815:161
	at l.fire (/usr/lib/code/out/vs/workbench/services/extensions/node/extensionHostProcess.js:46:222)
	at v.fire (/usr/lib/code/out/vs/workbench/services/extensions/node/extensionHostProcess.js:239:494)
	at /usr/lib/code/out/vs/workbench/services/extensions/node/extensionHostProcess.js:1007:179
	at l.fire (/usr/lib/code/out/vs/workbench/services/extensions/node/extensionHostProcess.js:46:222)
	at v.fire (/usr/lib/code/out/vs/workbench/services/extensions/node/extensionHostProcess.js:239:494)
	at t.PersistentProtocol._receiveMessage (/usr/lib/code/out/vs/workbench/services/extensions/node/extensionHostProcess.js:244:17)
	at /usr/lib/code/out/vs/workbench/services/extensions/node/extensionHostProcess.js:241:67
	at l.fire (/usr/lib/code/out/vs/workbench/services/extensions/node/extensionHostProcess.js:46:222)
	at p.acceptChunk (/usr/lib/code/out/vs/workbench/services/extensions/node/extensionHostProcess.js:236:949)
	at /usr/lib/code/out/vs/workbench/services/extensions/node/extensionHostProcess.js:236:301
	at Socket.t (/usr/lib/code/out/vs/workbench/services/extensions/node/extensionHostProcess.js:245:573)
	at Socket.emit (events.js:203:13)
	at addChunk (_stream_readable.js:295:12)
	at readableAddChunk (_stream_readable.js:276:11)
	at Socket.Readable.push (_stream_readable.js:210:10)
	at Pipe.onStreamRead (internal/stream_base_commons.js:166:17)
[2020-09-14 14:09:33.424] [renderer1] [error] [ms-python.python]: Proposed API is only available when running out of dev or with the following command line switch: --enable-proposed-api ms-python.python: Error: [ms-python.python]: Proposed API is only available when running out of dev or with the following command line switch: --enable-proposed-api ms-python.python
	at a (/usr/lib/code/out/vs/workbench/services/extensions/node/extensionHostProcess.js:605:324)
	at Object.t.checkProposedApiEnabled (/usr/lib/code/out/vs/workbench/services/extensions/node/extensionHostProcess.js:605:686)
	at Object.get activeNotebookEditor [as activeNotebookEditor] (/usr/lib/code/out/vs/workbench/services/extensions/node/extensionHostProcess.js:952:10)
	at u.get activeNotebookEditor [as activeNotebookEditor] (/home/d3sk3r/.vscode-oss/extensions/ms-python.python-2020.8.101144/out/client/extension.js:46:541506)
	at g.provideCodeLenses (/home/d3sk3r/.vscode-oss/extensions/ms-python.python-2020.8.101144/out/client/extension.js:48:230908)
	at /usr/lib/code/out/vs/workbench/services/extensions/node/extensionHostProcess.js:678:391
	at /usr/lib/code/out/vs/workbench/services/extensions/node/extensionHostProcess.js:52:136
	at new Promise (<anonymous>)
	at Object.t.asPromise (/usr/lib/code/out/vs/workbench/services/extensions/node/extensionHostProcess.js:52:108)
	at _.provideCodeLenses (/usr/lib/code/out/vs/workbench/services/extensions/node/extensionHostProcess.js:678:362)
	at /usr/lib/code/out/vs/workbench/services/extensions/node/extensionHostProcess.js:699:640
	at K._withAdapter (/usr/lib/code/out/vs/workbench/services/extensions/node/extensionHostProcess.js:698:331)
	at K.$provideCodeLenses (/usr/lib/code/out/vs/workbench/services/extensions/node/extensionHostProcess.js:699:618)
	at m._doInvokeHandler (/usr/lib/code/out/vs/workbench/services/extensions/node/extensionHostProcess.js:819:926)
	at m._invokeHandler (/usr/lib/code/out/vs/workbench/services/extensions/node/extensionHostProcess.js:819:618)
	at m._receiveRequest (/usr/lib/code/out/vs/workbench/services/extensions/node/extensionHostProcess.js:818:201)
	at m._receiveOneMessage (/usr/lib/code/out/vs/workbench/services/extensions/node/extensionHostProcess.js:817:6)
	at /usr/lib/code/out/vs/workbench/services/extensions/node/extensionHostProcess.js:815:161
	at l.fire (/usr/lib/code/out/vs/workbench/services/extensions/node/extensionHostProcess.js:46:222)
	at v.fire (/usr/lib/code/out/vs/workbench/services/extensions/node/extensionHostProcess.js:239:494)
	at /usr/lib/code/out/vs/workbench/services/extensions/node/extensionHostProcess.js:1007:179
	at l.fire (/usr/lib/code/out/vs/workbench/services/extensions/node/extensionHostProcess.js:46:222)
	at v.fire (/usr/lib/code/out/vs/workbench/services/extensions/node/extensionHostProcess.js:239:494)
	at t.PersistentProtocol._receiveMessage (/usr/lib/code/out/vs/workbench/services/extensions/node/extensionHostProcess.js:244:17)
	at /usr/lib/code/out/vs/workbench/services/extensions/node/extensionHostProcess.js:241:67
	at l.fire (/usr/lib/code/out/vs/workbench/services/extensions/node/extensionHostProcess.js:46:222)
	at p.acceptChunk (/usr/lib/code/out/vs/workbench/services/extensions/node/extensionHostProcess.js:236:949)
	at /usr/lib/code/out/vs/workbench/services/extensions/node/extensionHostProcess.js:236:301
	at Socket.t (/usr/lib/code/out/vs/workbench/services/extensions/node/extensionHostProcess.js:245:573)
	at Socket.emit (events.js:203:13)
	at addChunk (_stream_readable.js:295:12)
	at readableAddChunk (_stream_readable.js:276:11)
	at Socket.Readable.push (_stream_readable.js:210:10)
	at Pipe.onStreamRead (internal/stream_base_commons.js:166:17)
[2020-09-14 14:10:29.399] [renderer1] [error] [ms-python.python]: Proposed API is only available when running out of dev or with the following command line switch: --enable-proposed-api ms-python.python: Error: [ms-python.python]: Proposed API is only available when running out of dev or with the following command line switch: --enable-proposed-api ms-python.python
	at a (/usr/lib/code/out/vs/workbench/services/extensions/node/extensionHostProcess.js:605:324)
	at Object.t.checkProposedApiEnabled (/usr/lib/code/out/vs/workbench/services/extensions/node/extensionHostProcess.js:605:686)
	at Object.get activeNotebookEditor [as activeNotebookEditor] (/usr/lib/code/out/vs/workbench/services/extensions/node/extensionHostProcess.js:952:10)
	at u.get activeNotebookEditor [as activeNotebookEditor] (/home/d3sk3r/.vscode-oss/extensions/ms-python.python-2020.8.101144/out/client/extension.js:46:541506)
	at g.provideCodeLenses (/home/d3sk3r/.vscode-oss/extensions/ms-python.python-2020.8.101144/out/client/extension.js:48:230908)
	at /usr/lib/code/out/vs/workbench/services/extensions/node/extensionHostProcess.js:678:391
	at /usr/lib/code/out/vs/workbench/services/extensions/node/extensionHostProcess.js:52:136
	at new Promise (<anonymous>)
	at Object.t.asPromise (/usr/lib/code/out/vs/workbench/services/extensions/node/extensionHostProcess.js:52:108)
	at _.provideCodeLenses (/usr/lib/code/out/vs/workbench/services/extensions/node/extensionHostProcess.js:678:362)
	at /usr/lib/code/out/vs/workbench/services/extensions/node/extensionHostProcess.js:699:640
	at K._withAdapter (/usr/lib/code/out/vs/workbench/services/extensions/node/extensionHostProcess.js:698:331)
	at K.$provideCodeLenses (/usr/lib/code/out/vs/workbench/services/extensions/node/extensionHostProcess.js:699:618)
	at m._doInvokeHandler (/usr/lib/code/out/vs/workbench/services/extensions/node/extensionHostProcess.js:819:926)
	at m._invokeHandler (/usr/lib/code/out/vs/workbench/services/extensions/node/extensionHostProcess.js:819:618)
	at m._receiveRequest (/usr/lib/code/out/vs/workbench/services/extensions/node/extensionHostProcess.js:818:201)
	at m._receiveOneMessage (/usr/lib/code/out/vs/workbench/services/extensions/node/extensionHostProcess.js:817:6)
	at /usr/lib/code/out/vs/workbench/services/extensions/node/extensionHostProcess.js:815:161
	at l.fire (/usr/lib/code/out/vs/workbench/services/extensions/node/extensionHostProcess.js:46:222)
	at v.fire (/usr/lib/code/out/vs/workbench/services/extensions/node/extensionHostProcess.js:239:494)
	at /usr/lib/code/out/vs/workbench/services/extensions/node/extensionHostProcess.js:1007:179
	at l.fire (/usr/lib/code/out/vs/workbench/services/extensions/node/extensionHostProcess.js:46:222)
	at v.fire (/usr/lib/code/out/vs/workbench/services/extensions/node/extensionHostProcess.js:239:494)
	at t.PersistentProtocol._receiveMessage (/usr/lib/code/out/vs/workbench/services/extensions/node/extensionHostProcess.js:244:17)
	at /usr/lib/code/out/vs/workbench/services/extensions/node/extensionHostProcess.js:241:67
	at l.fire (/usr/lib/code/out/vs/workbench/services/extensions/node/extensionHostProcess.js:46:222)
	at p.acceptChunk (/usr/lib/code/out/vs/workbench/services/extensions/node/extensionHostProcess.js:236:949)
	at /usr/lib/code/out/vs/workbench/services/extensions/node/extensionHostProcess.js:236:301
	at Socket.t (/usr/lib/code/out/vs/workbench/services/extensions/node/extensionHostProcess.js:245:573)
	at Socket.emit (events.js:203:13)
	at addChunk (_stream_readable.js:295:12)
	at readableAddChunk (_stream_readable.js:276:11)
	at Socket.Readable.push (_stream_readable.js:210:10)
	at Pipe.onStreamRead (internal/stream_base_commons.js:166:17)
[2020-09-14 14:10:32.408] [renderer1] [error] [ms-python.python]: Proposed API is only available when running out of dev or with the following command line switch: --enable-proposed-api ms-python.python: Error: [ms-python.python]: Proposed API is only available when running out of dev or with the following command line switch: --enable-proposed-api ms-python.python
	at a (/usr/lib/code/out/vs/workbench/services/extensions/node/extensionHostProcess.js:605:324)
	at Object.t.checkProposedApiEnabled (/usr/lib/code/out/vs/workbench/services/extensions/node/extensionHostProcess.js:605:686)
	at Object.get activeNotebookEditor [as activeNotebookEditor] (/usr/lib/code/out/vs/workbench/services/extensions/node/extensionHostProcess.js:952:10)
	at u.get activeNotebookEditor [as activeNotebookEditor] (/home/d3sk3r/.vscode-oss/extensions/ms-python.python-2020.8.101144/out/client/extension.js:46:541506)
	at g.provideCodeLenses (/home/d3sk3r/.vscode-oss/extensions/ms-python.python-2020.8.101144/out/client/extension.js:48:230908)
	at /usr/lib/code/out/vs/workbench/services/extensions/node/extensionHostProcess.js:678:391
	at /usr/lib/code/out/vs/workbench/services/extensions/node/extensionHostProcess.js:52:136
	at new Promise (<anonymous>)
	at Object.t.asPromise (/usr/lib/code/out/vs/workbench/services/extensions/node/extensionHostProcess.js:52:108)
	at _.provideCodeLenses (/usr/lib/code/out/vs/workbench/services/extensions/node/extensionHostProcess.js:678:362)
	at /usr/lib/code/out/vs/workbench/services/extensions/node/extensionHostProcess.js:699:640
	at K._withAdapter (/usr/lib/code/out/vs/workbench/services/extensions/node/extensionHostProcess.js:698:331)
	at K.$provideCodeLenses (/usr/lib/code/out/vs/workbench/services/extensions/node/extensionHostProcess.js:699:618)
	at m._doInvokeHandler (/usr/lib/code/out/vs/workbench/services/extensions/node/extensionHostProcess.js:819:926)
	at m._invokeHandler (/usr/lib/code/out/vs/workbench/services/extensions/node/extensionHostProcess.js:819:618)
	at m._receiveRequest (/usr/lib/code/out/vs/workbench/services/extensions/node/extensionHostProcess.js:818:201)
	at m._receiveOneMessage (/usr/lib/code/out/vs/workbench/services/extensions/node/extensionHostProcess.js:817:6)
	at /usr/lib/code/out/vs/workbench/services/extensions/node/extensionHostProcess.js:815:161
	at l.fire (/usr/lib/code/out/vs/workbench/services/extensions/node/extensionHostProcess.js:46:222)
	at v.fire (/usr/lib/code/out/vs/workbench/services/extensions/node/extensionHostProcess.js:239:494)
	at /usr/lib/code/out/vs/workbench/services/extensions/node/extensionHostProcess.js:1007:179
	at l.fire (/usr/lib/code/out/vs/workbench/services/extensions/node/extensionHostProcess.js:46:222)
	at v.fire (/usr/lib/code/out/vs/workbench/services/extensions/node/extensionHostProcess.js:239:494)
	at t.PersistentProtocol._receiveMessage (/usr/lib/code/out/vs/workbench/services/extensions/node/extensionHostProcess.js:244:17)
	at /usr/lib/code/out/vs/workbench/services/extensions/node/extensionHostProcess.js:241:67
	at l.fire (/usr/lib/code/out/vs/workbench/services/extensions/node/extensionHostProcess.js:46:222)
	at p.acceptChunk (/usr/lib/code/out/vs/workbench/services/extensions/node/extensionHostProcess.js:236:949)
	at /usr/lib/code/out/vs/workbench/services/extensions/node/extensionHostProcess.js:236:301
	at Socket.t (/usr/lib/code/out/vs/workbench/services/extensions/node/extensionHostProcess.js:245:573)
	at Socket.emit (events.js:203:13)
	at addChunk (_stream_readable.js:295:12)
	at readableAddChunk (_stream_readable.js:276:11)
	at Socket.Readable.push (_stream_readable.js:210:10)
	at Pipe.onStreamRead (internal/stream_base_commons.js:166:17)
[2020-09-14 14:11:01.269] [renderer1] [error] [ms-python.python]: Proposed API is only available when running out of dev or with the following command line switch: --enable-proposed-api ms-python.python: Error: [ms-python.python]: Proposed API is only available when running out of dev or with the following command line switch: --enable-proposed-api ms-python.python
	at a (/usr/lib/code/out/vs/workbench/services/extensions/node/extensionHostProcess.js:605:324)
	at Object.t.checkProposedApiEnabled (/usr/lib/code/out/vs/workbench/services/extensions/node/extensionHostProcess.js:605:686)
	at Object.get activeNotebookEditor [as activeNotebookEditor] (/usr/lib/code/out/vs/workbench/services/extensions/node/extensionHostProcess.js:952:10)
	at u.get activeNotebookEditor [as activeNotebookEditor] (/home/d3sk3r/.vscode-oss/extensions/ms-python.python-2020.8.101144/out/client/extension.js:46:541506)
	at g.provideCodeLenses (/home/d3sk3r/.vscode-oss/extensions/ms-python.python-2020.8.101144/out/client/extension.js:48:230908)
	at /usr/lib/code/out/vs/workbench/services/extensions/node/extensionHostProcess.js:678:391
	at /usr/lib/code/out/vs/workbench/services/extensions/node/extensionHostProcess.js:52:136
	at new Promise (<anonymous>)
	at Object.t.asPromise (/usr/lib/code/out/vs/workbench/services/extensions/node/extensionHostProcess.js:52:108)
	at _.provideCodeLenses (/usr/lib/code/out/vs/workbench/services/extensions/node/extensionHostProcess.js:678:362)
	at /usr/lib/code/out/vs/workbench/services/extensions/node/extensionHostProcess.js:699:640
	at K._withAdapter (/usr/lib/code/out/vs/workbench/services/extensions/node/extensionHostProcess.js:698:331)
	at K.$provideCodeLenses (/usr/lib/code/out/vs/workbench/services/extensions/node/extensionHostProcess.js:699:618)
	at m._doInvokeHandler (/usr/lib/code/out/vs/workbench/services/extensions/node/extensionHostProcess.js:819:926)
	at m._invokeHandler (/usr/lib/code/out/vs/workbench/services/extensions/node/extensionHostProcess.js:819:618)
	at m._receiveRequest (/usr/lib/code/out/vs/workbench/services/extensions/node/extensionHostProcess.js:818:201)
	at m._receiveOneMessage (/usr/lib/code/out/vs/workbench/services/extensions/node/extensionHostProcess.js:817:6)
	at /usr/lib/code/out/vs/workbench/services/extensions/node/extensionHostProcess.js:815:161
	at l.fire (/usr/lib/code/out/vs/workbench/services/extensions/node/extensionHostProcess.js:46:222)
	at v.fire (/usr/lib/code/out/vs/workbench/services/extensions/node/extensionHostProcess.js:239:494)
	at /usr/lib/code/out/vs/workbench/services/extensions/node/extensionHostProcess.js:1007:179
	at l.fire (/usr/lib/code/out/vs/workbench/services/extensions/node/extensionHostProcess.js:46:222)
	at v.fire (/usr/lib/code/out/vs/workbench/services/extensions/node/extensionHostProcess.js:239:494)
	at t.PersistentProtocol._receiveMessage (/usr/lib/code/out/vs/workbench/services/extensions/node/extensionHostProcess.js:244:17)
	at /usr/lib/code/out/vs/workbench/services/extensions/node/extensionHostProcess.js:241:67
	at l.fire (/usr/lib/code/out/vs/workbench/services/extensions/node/extensionHostProcess.js:46:222)
	at p.acceptChunk (/usr/lib/code/out/vs/workbench/services/extensions/node/extensionHostProcess.js:236:949)
	at /usr/lib/code/out/vs/workbench/services/extensions/node/extensionHostProcess.js:236:301
	at Socket.t (/usr/lib/code/out/vs/workbench/services/extensions/node/extensionHostProcess.js:245:573)
	at Socket.emit (events.js:203:13)
	at addChunk (_stream_readable.js:295:12)
	at readableAddChunk (_stream_readable.js:276:11)
	at Socket.Readable.push (_stream_readable.js:210:10)
	at Pipe.onStreamRead (internal/stream_base_commons.js:166:17)
[2020-09-14 14:11:35.248] [renderer1] [error] [ms-python.python]: Proposed API is only available when running out of dev or with the following command line switch: --enable-proposed-api ms-python.python: Error: [ms-python.python]: Proposed API is only available when running out of dev or with the following command line switch: --enable-proposed-api ms-python.python
	at a (/usr/lib/code/out/vs/workbench/services/extensions/node/extensionHostProcess.js:605:324)
	at Object.t.checkProposedApiEnabled (/usr/lib/code/out/vs/workbench/services/extensions/node/extensionHostProcess.js:605:686)
	at Object.get activeNotebookEditor [as activeNotebookEditor] (/usr/lib/code/out/vs/workbench/services/extensions/node/extensionHostProcess.js:952:10)
	at u.get activeNotebookEditor [as activeNotebookEditor] (/home/d3sk3r/.vscode-oss/extensions/ms-python.python-2020.8.101144/out/client/extension.js:46:541506)
	at g.provideCodeLenses (/home/d3sk3r/.vscode-oss/extensions/ms-python.python-2020.8.101144/out/client/extension.js:48:230908)
	at /usr/lib/code/out/vs/workbench/services/extensions/node/extensionHostProcess.js:678:391
	at /usr/lib/code/out/vs/workbench/services/extensions/node/extensionHostProcess.js:52:136
	at new Promise (<anonymous>)
	at Object.t.asPromise (/usr/lib/code/out/vs/workbench/services/extensions/node/extensionHostProcess.js:52:108)
	at _.provideCodeLenses (/usr/lib/code/out/vs/workbench/services/extensions/node/extensionHostProcess.js:678:362)
	at /usr/lib/code/out/vs/workbench/services/extensions/node/extensionHostProcess.js:699:640
	at K._withAdapter (/usr/lib/code/out/vs/workbench/services/extensions/node/extensionHostProcess.js:698:331)
	at K.$provideCodeLenses (/usr/lib/code/out/vs/workbench/services/extensions/node/extensionHostProcess.js:699:618)
	at m._doInvokeHandler (/usr/lib/code/out/vs/workbench/services/extensions/node/extensionHostProcess.js:819:926)
	at m._invokeHandler (/usr/lib/code/out/vs/workbench/services/extensions/node/extensionHostProcess.js:819:618)
	at m._receiveRequest (/usr/lib/code/out/vs/workbench/services/extensions/node/extensionHostProcess.js:818:201)
	at m._receiveOneMessage (/usr/lib/code/out/vs/workbench/services/extensions/node/extensionHostProcess.js:817:6)
	at /usr/lib/code/out/vs/workbench/services/extensions/node/extensionHostProcess.js:815:161
	at l.fire (/usr/lib/code/out/vs/workbench/services/extensions/node/extensionHostProcess.js:46:222)
	at v.fire (/usr/lib/code/out/vs/workbench/services/extensions/node/extensionHostProcess.js:239:494)
	at /usr/lib/code/out/vs/workbench/services/extensions/node/extensionHostProcess.js:1007:179
	at l.fire (/usr/lib/code/out/vs/workbench/services/extensions/node/extensionHostProcess.js:46:222)
	at v.fire (/usr/lib/code/out/vs/workbench/services/extensions/node/extensionHostProcess.js:239:494)
	at t.PersistentProtocol._receiveMessage (/usr/lib/code/out/vs/workbench/services/extensions/node/extensionHostProcess.js:244:17)
	at /usr/lib/code/out/vs/workbench/services/extensions/node/extensionHostProcess.js:241:67
	at l.fire (/usr/lib/code/out/vs/workbench/services/extensions/node/extensionHostProcess.js:46:222)
	at p.acceptChunk (/usr/lib/code/out/vs/workbench/services/extensions/node/extensionHostProcess.js:236:949)
	at /usr/lib/code/out/vs/workbench/services/extensions/node/extensionHostProcess.js:236:301
	at Socket.t (/usr/lib/code/out/vs/workbench/services/extensions/node/extensionHostProcess.js:245:573)
	at Socket.emit (events.js:203:13)
	at addChunk (_stream_readable.js:295:12)
	at readableAddChunk (_stream_readable.js:276:11)
	at Socket.Readable.push (_stream_readable.js:210:10)
	at Pipe.onStreamRead (internal/stream_base_commons.js:166:17)
[2020-09-14 14:11:38.329] [renderer1] [error] [ms-python.python]: Proposed API is only available when running out of dev or with the following command line switch: --enable-proposed-api ms-python.python: Error: [ms-python.python]: Proposed API is only available when running out of dev or with the following command line switch: --enable-proposed-api ms-python.python
	at a (/usr/lib/code/out/vs/workbench/services/extensions/node/extensionHostProcess.js:605:324)
	at Object.t.checkProposedApiEnabled (/usr/lib/code/out/vs/workbench/services/extensions/node/extensionHostProcess.js:605:686)
	at Object.get activeNotebookEditor [as activeNotebookEditor] (/usr/lib/code/out/vs/workbench/services/extensions/node/extensionHostProcess.js:952:10)
	at u.get activeNotebookEditor [as activeNotebookEditor] (/home/d3sk3r/.vscode-oss/extensions/ms-python.python-2020.8.101144/out/client/extension.js:46:541506)
	at g.provideCodeLenses (/home/d3sk3r/.vscode-oss/extensions/ms-python.python-2020.8.101144/out/client/extension.js:48:230908)
	at /usr/lib/code/out/vs/workbench/services/extensions/node/extensionHostProcess.js:678:391
	at /usr/lib/code/out/vs/workbench/services/extensions/node/extensionHostProcess.js:52:136
	at new Promise (<anonymous>)
	at Object.t.asPromise (/usr/lib/code/out/vs/workbench/services/extensions/node/extensionHostProcess.js:52:108)
	at _.provideCodeLenses (/usr/lib/code/out/vs/workbench/services/extensions/node/extensionHostProcess.js:678:362)
	at /usr/lib/code/out/vs/workbench/services/extensions/node/extensionHostProcess.js:699:640
	at K._withAdapter (/usr/lib/code/out/vs/workbench/services/extensions/node/extensionHostProcess.js:698:331)
	at K.$provideCodeLenses (/usr/lib/code/out/vs/workbench/services/extensions/node/extensionHostProcess.js:699:618)
	at m._doInvokeHandler (/usr/lib/code/out/vs/workbench/services/extensions/node/extensionHostProcess.js:819:926)
	at m._invokeHandler (/usr/lib/code/out/vs/workbench/services/extensions/node/extensionHostProcess.js:819:618)
	at m._receiveRequest (/usr/lib/code/out/vs/workbench/services/extensions/node/extensionHostProcess.js:818:201)
	at m._receiveOneMessage (/usr/lib/code/out/vs/workbench/services/extensions/node/extensionHostProcess.js:817:6)
	at /usr/lib/code/out/vs/workbench/services/extensions/node/extensionHostProcess.js:815:161
	at l.fire (/usr/lib/code/out/vs/workbench/services/extensions/node/extensionHostProcess.js:46:222)
	at v.fire (/usr/lib/code/out/vs/workbench/services/extensions/node/extensionHostProcess.js:239:494)
	at /usr/lib/code/out/vs/workbench/services/extensions/node/extensionHostProcess.js:1007:179
	at l.fire (/usr/lib/code/out/vs/workbench/services/extensions/node/extensionHostProcess.js:46:222)
	at v.fire (/usr/lib/code/out/vs/workbench/services/extensions/node/extensionHostProcess.js:239:494)
	at t.PersistentProtocol._receiveMessage (/usr/lib/code/out/vs/workbench/services/extensions/node/extensionHostProcess.js:244:17)
	at /usr/lib/code/out/vs/workbench/services/extensions/node/extensionHostProcess.js:241:67
	at l.fire (/usr/lib/code/out/vs/workbench/services/extensions/node/extensionHostProcess.js:46:222)
	at p.acceptChunk (/usr/lib/code/out/vs/workbench/services/extensions/node/extensionHostProcess.js:236:949)
	at /usr/lib/code/out/vs/workbench/services/extensions/node/extensionHostProcess.js:236:301
	at Socket.t (/usr/lib/code/out/vs/workbench/services/extensions/node/extensionHostProcess.js:245:573)
	at Socket.emit (events.js:203:13)
	at addChunk (_stream_readable.js:295:12)
	at readableAddChunk (_stream_readable.js:276:11)
	at Socket.Readable.push (_stream_readable.js:210:10)
	at Pipe.onStreamRead (internal/stream_base_commons.js:166:17)
[2020-09-14 14:11:40.382] [renderer1] [error] [ms-python.python]: Proposed API is only available when running out of dev or with the following command line switch: --enable-proposed-api ms-python.python: Error: [ms-python.python]: Proposed API is only available when running out of dev or with the following command line switch: --enable-proposed-api ms-python.python
	at a (/usr/lib/code/out/vs/workbench/services/extensions/node/extensionHostProcess.js:605:324)
	at Object.t.checkProposedApiEnabled (/usr/lib/code/out/vs/workbench/services/extensions/node/extensionHostProcess.js:605:686)
	at Object.get activeNotebookEditor [as activeNotebookEditor] (/usr/lib/code/out/vs/workbench/services/extensions/node/extensionHostProcess.js:952:10)
	at u.get activeNotebookEditor [as activeNotebookEditor] (/home/d3sk3r/.vscode-oss/extensions/ms-python.python-2020.8.101144/out/client/extension.js:46:541506)
	at g.provideCodeLenses (/home/d3sk3r/.vscode-oss/extensions/ms-python.python-2020.8.101144/out/client/extension.js:48:230908)
	at /usr/lib/code/out/vs/workbench/services/extensions/node/extensionHostProcess.js:678:391
	at /usr/lib/code/out/vs/workbench/services/extensions/node/extensionHostProcess.js:52:136
	at new Promise (<anonymous>)
	at Object.t.asPromise (/usr/lib/code/out/vs/workbench/services/extensions/node/extensionHostProcess.js:52:108)
	at _.provideCodeLenses (/usr/lib/code/out/vs/workbench/services/extensions/node/extensionHostProcess.js:678:362)
	at /usr/lib/code/out/vs/workbench/services/extensions/node/extensionHostProcess.js:699:640
	at K._withAdapter (/usr/lib/code/out/vs/workbench/services/extensions/node/extensionHostProcess.js:698:331)
	at K.$provideCodeLenses (/usr/lib/code/out/vs/workbench/services/extensions/node/extensionHostProcess.js:699:618)
	at m._doInvokeHandler (/usr/lib/code/out/vs/workbench/services/extensions/node/extensionHostProcess.js:819:926)
	at m._invokeHandler (/usr/lib/code/out/vs/workbench/services/extensions/node/extensionHostProcess.js:819:618)
	at m._receiveRequest (/usr/lib/code/out/vs/workbench/services/extensions/node/extensionHostProcess.js:818:201)
	at m._receiveOneMessage (/usr/lib/code/out/vs/workbench/services/extensions/node/extensionHostProcess.js:817:6)
	at /usr/lib/code/out/vs/workbench/services/extensions/node/extensionHostProcess.js:815:161
	at l.fire (/usr/lib/code/out/vs/workbench/services/extensions/node/extensionHostProcess.js:46:222)
	at v.fire (/usr/lib/code/out/vs/workbench/services/extensions/node/extensionHostProcess.js:239:494)
	at /usr/lib/code/out/vs/workbench/services/extensions/node/extensionHostProcess.js:1007:179
	at l.fire (/usr/lib/code/out/vs/workbench/services/extensions/node/extensionHostProcess.js:46:222)
	at v.fire (/usr/lib/code/out/vs/workbench/services/extensions/node/extensionHostProcess.js:239:494)
	at t.PersistentProtocol._receiveMessage (/usr/lib/code/out/vs/workbench/services/extensions/node/extensionHostProcess.js:244:17)
	at /usr/lib/code/out/vs/workbench/services/extensions/node/extensionHostProcess.js:241:67
	at l.fire (/usr/lib/code/out/vs/workbench/services/extensions/node/extensionHostProcess.js:46:222)
	at p.acceptChunk (/usr/lib/code/out/vs/workbench/services/extensions/node/extensionHostProcess.js:236:949)
	at /usr/lib/code/out/vs/workbench/services/extensions/node/extensionHostProcess.js:236:301
	at Socket.t (/usr/lib/code/out/vs/workbench/services/extensions/node/extensionHostProcess.js:245:573)
	at Socket.emit (events.js:203:13)
	at addChunk (_stream_readable.js:295:12)
	at readableAddChunk (_stream_readable.js:276:11)
	at Socket.Readable.push (_stream_readable.js:210:10)
	at Pipe.onStreamRead (internal/stream_base_commons.js:166:17)
[2020-09-14 14:12:37.315] [renderer1] [error] [ms-python.python]: Proposed API is only available when running out of dev or with the following command line switch: --enable-proposed-api ms-python.python: Error: [ms-python.python]: Proposed API is only available when running out of dev or with the following command line switch: --enable-proposed-api ms-python.python
	at a (/usr/lib/code/out/vs/workbench/services/extensions/node/extensionHostProcess.js:605:324)
	at Object.t.checkProposedApiEnabled (/usr/lib/code/out/vs/workbench/services/extensions/node/extensionHostProcess.js:605:686)
	at Object.get activeNotebookEditor [as activeNotebookEditor] (/usr/lib/code/out/vs/workbench/services/extensions/node/extensionHostProcess.js:952:10)
	at u.get activeNotebookEditor [as activeNotebookEditor] (/home/d3sk3r/.vscode-oss/extensions/ms-python.python-2020.8.101144/out/client/extension.js:46:541506)
	at g.provideCodeLenses (/home/d3sk3r/.vscode-oss/extensions/ms-python.python-2020.8.101144/out/client/extension.js:48:230908)
	at /usr/lib/code/out/vs/workbench/services/extensions/node/extensionHostProcess.js:678:391
	at /usr/lib/code/out/vs/workbench/services/extensions/node/extensionHostProcess.js:52:136
	at new Promise (<anonymous>)
	at Object.t.asPromise (/usr/lib/code/out/vs/workbench/services/extensions/node/extensionHostProcess.js:52:108)
	at _.provideCodeLenses (/usr/lib/code/out/vs/workbench/services/extensions/node/extensionHostProcess.js:678:362)
	at /usr/lib/code/out/vs/workbench/services/extensions/node/extensionHostProcess.js:699:640
	at K._withAdapter (/usr/lib/code/out/vs/workbench/services/extensions/node/extensionHostProcess.js:698:331)
	at K.$provideCodeLenses (/usr/lib/code/out/vs/workbench/services/extensions/node/extensionHostProcess.js:699:618)
	at m._doInvokeHandler (/usr/lib/code/out/vs/workbench/services/extensions/node/extensionHostProcess.js:819:926)
	at m._invokeHandler (/usr/lib/code/out/vs/workbench/services/extensions/node/extensionHostProcess.js:819:618)
	at m._receiveRequest (/usr/lib/code/out/vs/workbench/services/extensions/node/extensionHostProcess.js:818:201)
	at m._receiveOneMessage (/usr/lib/code/out/vs/workbench/services/extensions/node/extensionHostProcess.js:817:6)
	at /usr/lib/code/out/vs/workbench/services/extensions/node/extensionHostProcess.js:815:161
	at l.fire (/usr/lib/code/out/vs/workbench/services/extensions/node/extensionHostProcess.js:46:222)
	at v.fire (/usr/lib/code/out/vs/workbench/services/extensions/node/extensionHostProcess.js:239:494)
	at /usr/lib/code/out/vs/workbench/services/extensions/node/extensionHostProcess.js:1007:179
	at l.fire (/usr/lib/code/out/vs/workbench/services/extensions/node/extensionHostProcess.js:46:222)
	at v.fire (/usr/lib/code/out/vs/workbench/services/extensions/node/extensionHostProcess.js:239:494)
	at t.PersistentProtocol._receiveMessage (/usr/lib/code/out/vs/workbench/services/extensions/node/extensionHostProcess.js:244:17)
	at /usr/lib/code/out/vs/workbench/services/extensions/node/extensionHostProcess.js:241:67
	at l.fire (/usr/lib/code/out/vs/workbench/services/extensions/node/extensionHostProcess.js:46:222)
	at p.acceptChunk (/usr/lib/code/out/vs/workbench/services/extensions/node/extensionHostProcess.js:236:949)
	at /usr/lib/code/out/vs/workbench/services/extensions/node/extensionHostProcess.js:236:301
	at Socket.t (/usr/lib/code/out/vs/workbench/services/extensions/node/extensionHostProcess.js:245:573)
	at Socket.emit (events.js:203:13)
	at addChunk (_stream_readable.js:295:12)
	at readableAddChunk (_stream_readable.js:276:11)
	at Socket.Readable.push (_stream_readable.js:210:10)
	at Pipe.onStreamRead (internal/stream_base_commons.js:166:17)
[2020-09-14 14:12:39.114] [renderer1] [error] Server[pid=2944275] disconnected unexpectedly: Error: Server[pid=2944275] disconnected unexpectedly
    at t.RawDebugSession.handleErrorResponse (file:///usr/lib/code/out/vs/workbench/workbench.desktop.main.js:3209:226)
    at file:///usr/lib/code/out/vs/workbench/workbench.desktop.main.js:3208:532
    at async N.fetchThreads (file:///usr/lib/code/out/vs/workbench/workbench.desktop.main.js:6772:583)
[2020-09-14 14:12:39.261] [renderer1] [error] [ms-python.python]: Proposed API is only available when running out of dev or with the following command line switch: --enable-proposed-api ms-python.python: Error: [ms-python.python]: Proposed API is only available when running out of dev or with the following command line switch: --enable-proposed-api ms-python.python
	at a (/usr/lib/code/out/vs/workbench/services/extensions/node/extensionHostProcess.js:605:324)
	at Object.t.checkProposedApiEnabled (/usr/lib/code/out/vs/workbench/services/extensions/node/extensionHostProcess.js:605:686)
	at Object.get activeNotebookEditor [as activeNotebookEditor] (/usr/lib/code/out/vs/workbench/services/extensions/node/extensionHostProcess.js:952:10)
	at u.get activeNotebookEditor [as activeNotebookEditor] (/home/d3sk3r/.vscode-oss/extensions/ms-python.python-2020.8.101144/out/client/extension.js:46:541506)
	at g.provideCodeLenses (/home/d3sk3r/.vscode-oss/extensions/ms-python.python-2020.8.101144/out/client/extension.js:48:230908)
	at /usr/lib/code/out/vs/workbench/services/extensions/node/extensionHostProcess.js:678:391
	at /usr/lib/code/out/vs/workbench/services/extensions/node/extensionHostProcess.js:52:136
	at new Promise (<anonymous>)
	at Object.t.asPromise (/usr/lib/code/out/vs/workbench/services/extensions/node/extensionHostProcess.js:52:108)
	at _.provideCodeLenses (/usr/lib/code/out/vs/workbench/services/extensions/node/extensionHostProcess.js:678:362)
	at /usr/lib/code/out/vs/workbench/services/extensions/node/extensionHostProcess.js:699:640
	at K._withAdapter (/usr/lib/code/out/vs/workbench/services/extensions/node/extensionHostProcess.js:698:331)
	at K.$provideCodeLenses (/usr/lib/code/out/vs/workbench/services/extensions/node/extensionHostProcess.js:699:618)
	at m._doInvokeHandler (/usr/lib/code/out/vs/workbench/services/extensions/node/extensionHostProcess.js:819:926)
	at m._invokeHandler (/usr/lib/code/out/vs/workbench/services/extensions/node/extensionHostProcess.js:819:618)
	at m._receiveRequest (/usr/lib/code/out/vs/workbench/services/extensions/node/extensionHostProcess.js:818:201)
	at m._receiveOneMessage (/usr/lib/code/out/vs/workbench/services/extensions/node/extensionHostProcess.js:817:6)
	at /usr/lib/code/out/vs/workbench/services/extensions/node/extensionHostProcess.js:815:161
	at l.fire (/usr/lib/code/out/vs/workbench/services/extensions/node/extensionHostProcess.js:46:222)
	at v.fire (/usr/lib/code/out/vs/workbench/services/extensions/node/extensionHostProcess.js:239:494)
	at /usr/lib/code/out/vs/workbench/services/extensions/node/extensionHostProcess.js:1007:179
	at l.fire (/usr/lib/code/out/vs/workbench/services/extensions/node/extensionHostProcess.js:46:222)
	at v.fire (/usr/lib/code/out/vs/workbench/services/extensions/node/extensionHostProcess.js:239:494)
	at t.PersistentProtocol._receiveMessage (/usr/lib/code/out/vs/workbench/services/extensions/node/extensionHostProcess.js:244:17)
	at /usr/lib/code/out/vs/workbench/services/extensions/node/extensionHostProcess.js:241:67
	at l.fire (/usr/lib/code/out/vs/workbench/services/extensions/node/extensionHostProcess.js:46:222)
	at p.acceptChunk (/usr/lib/code/out/vs/workbench/services/extensions/node/extensionHostProcess.js:236:949)
	at /usr/lib/code/out/vs/workbench/services/extensions/node/extensionHostProcess.js:236:301
	at Socket.t (/usr/lib/code/out/vs/workbench/services/extensions/node/extensionHostProcess.js:245:573)
	at Socket.emit (events.js:203:13)
	at addChunk (_stream_readable.js:295:12)
	at readableAddChunk (_stream_readable.js:276:11)
	at Socket.Readable.push (_stream_readable.js:210:10)
	at Pipe.onStreamRead (internal/stream_base_commons.js:166:17)
[2020-09-14 14:12:55.289] [renderer1] [error] [ms-python.python]: Proposed API is only available when running out of dev or with the following command line switch: --enable-proposed-api ms-python.python: Error: [ms-python.python]: Proposed API is only available when running out of dev or with the following command line switch: --enable-proposed-api ms-python.python
	at a (/usr/lib/code/out/vs/workbench/services/extensions/node/extensionHostProcess.js:605:324)
	at Object.t.checkProposedApiEnabled (/usr/lib/code/out/vs/workbench/services/extensions/node/extensionHostProcess.js:605:686)
	at Object.get activeNotebookEditor [as activeNotebookEditor] (/usr/lib/code/out/vs/workbench/services/extensions/node/extensionHostProcess.js:952:10)
	at u.get activeNotebookEditor [as activeNotebookEditor] (/home/d3sk3r/.vscode-oss/extensions/ms-python.python-2020.8.101144/out/client/extension.js:46:541506)
	at g.provideCodeLenses (/home/d3sk3r/.vscode-oss/extensions/ms-python.python-2020.8.101144/out/client/extension.js:48:230908)
	at /usr/lib/code/out/vs/workbench/services/extensions/node/extensionHostProcess.js:678:391
	at /usr/lib/code/out/vs/workbench/services/extensions/node/extensionHostProcess.js:52:136
	at new Promise (<anonymous>)
	at Object.t.asPromise (/usr/lib/code/out/vs/workbench/services/extensions/node/extensionHostProcess.js:52:108)
	at _.provideCodeLenses (/usr/lib/code/out/vs/workbench/services/extensions/node/extensionHostProcess.js:678:362)
	at /usr/lib/code/out/vs/workbench/services/extensions/node/extensionHostProcess.js:699:640
	at K._withAdapter (/usr/lib/code/out/vs/workbench/services/extensions/node/extensionHostProcess.js:698:331)
	at K.$provideCodeLenses (/usr/lib/code/out/vs/workbench/services/extensions/node/extensionHostProcess.js:699:618)
	at m._doInvokeHandler (/usr/lib/code/out/vs/workbench/services/extensions/node/extensionHostProcess.js:819:926)
	at m._invokeHandler (/usr/lib/code/out/vs/workbench/services/extensions/node/extensionHostProcess.js:819:618)
	at m._receiveRequest (/usr/lib/code/out/vs/workbench/services/extensions/node/extensionHostProcess.js:818:201)
	at m._receiveOneMessage (/usr/lib/code/out/vs/workbench/services/extensions/node/extensionHostProcess.js:817:6)
	at /usr/lib/code/out/vs/workbench/services/extensions/node/extensionHostProcess.js:815:161
	at l.fire (/usr/lib/code/out/vs/workbench/services/extensions/node/extensionHostProcess.js:46:222)
	at v.fire (/usr/lib/code/out/vs/workbench/services/extensions/node/extensionHostProcess.js:239:494)
	at /usr/lib/code/out/vs/workbench/services/extensions/node/extensionHostProcess.js:1007:179
	at l.fire (/usr/lib/code/out/vs/workbench/services/extensions/node/extensionHostProcess.js:46:222)
	at v.fire (/usr/lib/code/out/vs/workbench/services/extensions/node/extensionHostProcess.js:239:494)
	at t.PersistentProtocol._receiveMessage (/usr/lib/code/out/vs/workbench/services/extensions/node/extensionHostProcess.js:244:17)
	at /usr/lib/code/out/vs/workbench/services/extensions/node/extensionHostProcess.js:241:67
	at l.fire (/usr/lib/code/out/vs/workbench/services/extensions/node/extensionHostProcess.js:46:222)
	at p.acceptChunk (/usr/lib/code/out/vs/workbench/services/extensions/node/extensionHostProcess.js:236:949)
	at /usr/lib/code/out/vs/workbench/services/extensions/node/extensionHostProcess.js:236:301
	at Socket.t (/usr/lib/code/out/vs/workbench/services/extensions/node/extensionHostProcess.js:245:573)
	at Socket.emit (events.js:203:13)
	at addChunk (_stream_readable.js:295:12)
	at readableAddChunk (_stream_readable.js:276:11)
	at Socket.Readable.push (_stream_readable.js:210:10)
	at Pipe.onStreamRead (internal/stream_base_commons.js:166:17)
[2020-09-14 14:12:57.085] [renderer1] [error] Server[pid=2944563] disconnected unexpectedly: Error: Server[pid=2944563] disconnected unexpectedly
    at t.RawDebugSession.handleErrorResponse (file:///usr/lib/code/out/vs/workbench/workbench.desktop.main.js:3209:226)
    at file:///usr/lib/code/out/vs/workbench/workbench.desktop.main.js:3208:532
    at async N.fetchThreads (file:///usr/lib/code/out/vs/workbench/workbench.desktop.main.js:6772:583)
[2020-09-14 14:12:57.234] [renderer1] [error] [ms-python.python]: Proposed API is only available when running out of dev or with the following command line switch: --enable-proposed-api ms-python.python: Error: [ms-python.python]: Proposed API is only available when running out of dev or with the following command line switch: --enable-proposed-api ms-python.python
	at a (/usr/lib/code/out/vs/workbench/services/extensions/node/extensionHostProcess.js:605:324)
	at Object.t.checkProposedApiEnabled (/usr/lib/code/out/vs/workbench/services/extensions/node/extensionHostProcess.js:605:686)
	at Object.get activeNotebookEditor [as activeNotebookEditor] (/usr/lib/code/out/vs/workbench/services/extensions/node/extensionHostProcess.js:952:10)
	at u.get activeNotebookEditor [as activeNotebookEditor] (/home/d3sk3r/.vscode-oss/extensions/ms-python.python-2020.8.101144/out/client/extension.js:46:541506)
	at g.provideCodeLenses (/home/d3sk3r/.vscode-oss/extensions/ms-python.python-2020.8.101144/out/client/extension.js:48:230908)
	at /usr/lib/code/out/vs/workbench/services/extensions/node/extensionHostProcess.js:678:391
	at /usr/lib/code/out/vs/workbench/services/extensions/node/extensionHostProcess.js:52:136
	at new Promise (<anonymous>)
	at Object.t.asPromise (/usr/lib/code/out/vs/workbench/services/extensions/node/extensionHostProcess.js:52:108)
	at _.provideCodeLenses (/usr/lib/code/out/vs/workbench/services/extensions/node/extensionHostProcess.js:678:362)
	at /usr/lib/code/out/vs/workbench/services/extensions/node/extensionHostProcess.js:699:640
	at K._withAdapter (/usr/lib/code/out/vs/workbench/services/extensions/node/extensionHostProcess.js:698:331)
	at K.$provideCodeLenses (/usr/lib/code/out/vs/workbench/services/extensions/node/extensionHostProcess.js:699:618)
	at m._doInvokeHandler (/usr/lib/code/out/vs/workbench/services/extensions/node/extensionHostProcess.js:819:926)
	at m._invokeHandler (/usr/lib/code/out/vs/workbench/services/extensions/node/extensionHostProcess.js:819:618)
	at m._receiveRequest (/usr/lib/code/out/vs/workbench/services/extensions/node/extensionHostProcess.js:818:201)
	at m._receiveOneMessage (/usr/lib/code/out/vs/workbench/services/extensions/node/extensionHostProcess.js:817:6)
	at /usr/lib/code/out/vs/workbench/services/extensions/node/extensionHostProcess.js:815:161
	at l.fire (/usr/lib/code/out/vs/workbench/services/extensions/node/extensionHostProcess.js:46:222)
	at v.fire (/usr/lib/code/out/vs/workbench/services/extensions/node/extensionHostProcess.js:239:494)
	at /usr/lib/code/out/vs/workbench/services/extensions/node/extensionHostProcess.js:1007:179
	at l.fire (/usr/lib/code/out/vs/workbench/services/extensions/node/extensionHostProcess.js:46:222)
	at v.fire (/usr/lib/code/out/vs/workbench/services/extensions/node/extensionHostProcess.js:239:494)
	at t.PersistentProtocol._receiveMessage (/usr/lib/code/out/vs/workbench/services/extensions/node/extensionHostProcess.js:244:17)
	at /usr/lib/code/out/vs/workbench/services/extensions/node/extensionHostProcess.js:241:67
	at l.fire (/usr/lib/code/out/vs/workbench/services/extensions/node/extensionHostProcess.js:46:222)
	at p.acceptChunk (/usr/lib/code/out/vs/workbench/services/extensions/node/extensionHostProcess.js:236:949)
	at /usr/lib/code/out/vs/workbench/services/extensions/node/extensionHostProcess.js:236:301
	at Socket.t (/usr/lib/code/out/vs/workbench/services/extensions/node/extensionHostProcess.js:245:573)
	at Socket.emit (events.js:203:13)
	at addChunk (_stream_readable.js:295:12)
	at readableAddChunk (_stream_readable.js:276:11)
	at Socket.Readable.push (_stream_readable.js:210:10)
	at Pipe.onStreamRead (internal/stream_base_commons.js:166:17)
[2020-09-14 14:13:07.008] [renderer1] [error] [ms-python.python]: Proposed API is only available when running out of dev or with the following command line switch: --enable-proposed-api ms-python.python: Error: [ms-python.python]: Proposed API is only available when running out of dev or with the following command line switch: --enable-proposed-api ms-python.python
	at a (/usr/lib/code/out/vs/workbench/services/extensions/node/extensionHostProcess.js:605:324)
	at Object.t.checkProposedApiEnabled (/usr/lib/code/out/vs/workbench/services/extensions/node/extensionHostProcess.js:605:686)
	at Object.get activeNotebookEditor [as activeNotebookEditor] (/usr/lib/code/out/vs/workbench/services/extensions/node/extensionHostProcess.js:952:10)
	at u.get activeNotebookEditor [as activeNotebookEditor] (/home/d3sk3r/.vscode-oss/extensions/ms-python.python-2020.8.101144/out/client/extension.js:46:541506)
	at g.provideCodeLenses (/home/d3sk3r/.vscode-oss/extensions/ms-python.python-2020.8.101144/out/client/extension.js:48:230908)
	at /usr/lib/code/out/vs/workbench/services/extensions/node/extensionHostProcess.js:678:391
	at /usr/lib/code/out/vs/workbench/services/extensions/node/extensionHostProcess.js:52:136
	at new Promise (<anonymous>)
	at Object.t.asPromise (/usr/lib/code/out/vs/workbench/services/extensions/node/extensionHostProcess.js:52:108)
	at _.provideCodeLenses (/usr/lib/code/out/vs/workbench/services/extensions/node/extensionHostProcess.js:678:362)
	at /usr/lib/code/out/vs/workbench/services/extensions/node/extensionHostProcess.js:699:640
	at K._withAdapter (/usr/lib/code/out/vs/workbench/services/extensions/node/extensionHostProcess.js:698:331)
	at K.$provideCodeLenses (/usr/lib/code/out/vs/workbench/services/extensions/node/extensionHostProcess.js:699:618)
	at m._doInvokeHandler (/usr/lib/code/out/vs/workbench/services/extensions/node/extensionHostProcess.js:819:926)
	at m._invokeHandler (/usr/lib/code/out/vs/workbench/services/extensions/node/extensionHostProcess.js:819:618)
	at m._receiveRequest (/usr/lib/code/out/vs/workbench/services/extensions/node/extensionHostProcess.js:818:201)
	at m._receiveOneMessage (/usr/lib/code/out/vs/workbench/services/extensions/node/extensionHostProcess.js:817:6)
	at /usr/lib/code/out/vs/workbench/services/extensions/node/extensionHostProcess.js:815:161
	at l.fire (/usr/lib/code/out/vs/workbench/services/extensions/node/extensionHostProcess.js:46:222)
	at v.fire (/usr/lib/code/out/vs/workbench/services/extensions/node/extensionHostProcess.js:239:494)
	at /usr/lib/code/out/vs/workbench/services/extensions/node/extensionHostProcess.js:1007:179
	at l.fire (/usr/lib/code/out/vs/workbench/services/extensions/node/extensionHostProcess.js:46:222)
	at v.fire (/usr/lib/code/out/vs/workbench/services/extensions/node/extensionHostProcess.js:239:494)
	at t.PersistentProtocol._receiveMessage (/usr/lib/code/out/vs/workbench/services/extensions/node/extensionHostProcess.js:244:17)
	at /usr/lib/code/out/vs/workbench/services/extensions/node/extensionHostProcess.js:241:67
	at l.fire (/usr/lib/code/out/vs/workbench/services/extensions/node/extensionHostProcess.js:46:222)
	at p.acceptChunk (/usr/lib/code/out/vs/workbench/services/extensions/node/extensionHostProcess.js:236:949)
	at /usr/lib/code/out/vs/workbench/services/extensions/node/extensionHostProcess.js:236:301
	at Socket.t (/usr/lib/code/out/vs/workbench/services/extensions/node/extensionHostProcess.js:245:573)
	at Socket.emit (events.js:203:13)
	at addChunk (_stream_readable.js:295:12)
	at readableAddChunk (_stream_readable.js:276:11)
	at Socket.Readable.push (_stream_readable.js:210:10)
	at Pipe.onStreamRead (internal/stream_base_commons.js:166:17)
[2020-09-14 14:13:08.870] [renderer1] [error] [ms-python.python]: Proposed API is only available when running out of dev or with the following command line switch: --enable-proposed-api ms-python.python: Error: [ms-python.python]: Proposed API is only available when running out of dev or with the following command line switch: --enable-proposed-api ms-python.python
	at a (/usr/lib/code/out/vs/workbench/services/extensions/node/extensionHostProcess.js:605:324)
	at Object.t.checkProposedApiEnabled (/usr/lib/code/out/vs/workbench/services/extensions/node/extensionHostProcess.js:605:686)
	at Object.get activeNotebookEditor [as activeNotebookEditor] (/usr/lib/code/out/vs/workbench/services/extensions/node/extensionHostProcess.js:952:10)
	at u.get activeNotebookEditor [as activeNotebookEditor] (/home/d3sk3r/.vscode-oss/extensions/ms-python.python-2020.8.101144/out/client/extension.js:46:541506)
	at g.provideCodeLenses (/home/d3sk3r/.vscode-oss/extensions/ms-python.python-2020.8.101144/out/client/extension.js:48:230908)
	at /usr/lib/code/out/vs/workbench/services/extensions/node/extensionHostProcess.js:678:391
	at /usr/lib/code/out/vs/workbench/services/extensions/node/extensionHostProcess.js:52:136
	at new Promise (<anonymous>)
	at Object.t.asPromise (/usr/lib/code/out/vs/workbench/services/extensions/node/extensionHostProcess.js:52:108)
	at _.provideCodeLenses (/usr/lib/code/out/vs/workbench/services/extensions/node/extensionHostProcess.js:678:362)
	at /usr/lib/code/out/vs/workbench/services/extensions/node/extensionHostProcess.js:699:640
	at K._withAdapter (/usr/lib/code/out/vs/workbench/services/extensions/node/extensionHostProcess.js:698:331)
	at K.$provideCodeLenses (/usr/lib/code/out/vs/workbench/services/extensions/node/extensionHostProcess.js:699:618)
	at m._doInvokeHandler (/usr/lib/code/out/vs/workbench/services/extensions/node/extensionHostProcess.js:819:926)
	at m._invokeHandler (/usr/lib/code/out/vs/workbench/services/extensions/node/extensionHostProcess.js:819:618)
	at m._receiveRequest (/usr/lib/code/out/vs/workbench/services/extensions/node/extensionHostProcess.js:818:201)
	at m._receiveOneMessage (/usr/lib/code/out/vs/workbench/services/extensions/node/extensionHostProcess.js:817:6)
	at /usr/lib/code/out/vs/workbench/services/extensions/node/extensionHostProcess.js:815:161
	at l.fire (/usr/lib/code/out/vs/workbench/services/extensions/node/extensionHostProcess.js:46:222)
	at v.fire (/usr/lib/code/out/vs/workbench/services/extensions/node/extensionHostProcess.js:239:494)
	at /usr/lib/code/out/vs/workbench/services/extensions/node/extensionHostProcess.js:1007:179
	at l.fire (/usr/lib/code/out/vs/workbench/services/extensions/node/extensionHostProcess.js:46:222)
	at v.fire (/usr/lib/code/out/vs/workbench/services/extensions/node/extensionHostProcess.js:239:494)
	at t.PersistentProtocol._receiveMessage (/usr/lib/code/out/vs/workbench/services/extensions/node/extensionHostProcess.js:244:17)
	at /usr/lib/code/out/vs/workbench/services/extensions/node/extensionHostProcess.js:241:67
	at l.fire (/usr/lib/code/out/vs/workbench/services/extensions/node/extensionHostProcess.js:46:222)
	at p.acceptChunk (/usr/lib/code/out/vs/workbench/services/extensions/node/extensionHostProcess.js:236:949)
	at /usr/lib/code/out/vs/workbench/services/extensions/node/extensionHostProcess.js:236:301
	at Socket.t (/usr/lib/code/out/vs/workbench/services/extensions/node/extensionHostProcess.js:245:573)
	at Socket.emit (events.js:203:13)
	at addChunk (_stream_readable.js:295:12)
	at readableAddChunk (_stream_readable.js:276:11)
	at Socket.Readable.push (_stream_readable.js:210:10)
	at Pipe.onStreamRead (internal/stream_base_commons.js:166:17)
[2020-09-14 14:13:09.282] [renderer1] [error] Server[1] disconnected unexpectedly: Error: Server[1] disconnected unexpectedly
    at t.RawDebugSession.handleErrorResponse (file:///usr/lib/code/out/vs/workbench/workbench.desktop.main.js:3209:226)
    at file:///usr/lib/code/out/vs/workbench/workbench.desktop.main.js:3208:532
    at async N.fetchThreads (file:///usr/lib/code/out/vs/workbench/workbench.desktop.main.js:6772:583)
[2020-09-14 14:13:09.629] [renderer1] [error] [ms-python.python]: Proposed API is only available when running out of dev or with the following command line switch: --enable-proposed-api ms-python.python: Error: [ms-python.python]: Proposed API is only available when running out of dev or with the following command line switch: --enable-proposed-api ms-python.python
	at a (/usr/lib/code/out/vs/workbench/services/extensions/node/extensionHostProcess.js:605:324)
	at Object.t.checkProposedApiEnabled (/usr/lib/code/out/vs/workbench/services/extensions/node/extensionHostProcess.js:605:686)
	at Object.get activeNotebookEditor [as activeNotebookEditor] (/usr/lib/code/out/vs/workbench/services/extensions/node/extensionHostProcess.js:952:10)
	at u.get activeNotebookEditor [as activeNotebookEditor] (/home/d3sk3r/.vscode-oss/extensions/ms-python.python-2020.8.101144/out/client/extension.js:46:541506)
	at g.provideCodeLenses (/home/d3sk3r/.vscode-oss/extensions/ms-python.python-2020.8.101144/out/client/extension.js:48:230908)
	at /usr/lib/code/out/vs/workbench/services/extensions/node/extensionHostProcess.js:678:391
	at /usr/lib/code/out/vs/workbench/services/extensions/node/extensionHostProcess.js:52:136
	at new Promise (<anonymous>)
	at Object.t.asPromise (/usr/lib/code/out/vs/workbench/services/extensions/node/extensionHostProcess.js:52:108)
	at _.provideCodeLenses (/usr/lib/code/out/vs/workbench/services/extensions/node/extensionHostProcess.js:678:362)
	at /usr/lib/code/out/vs/workbench/services/extensions/node/extensionHostProcess.js:699:640
	at K._withAdapter (/usr/lib/code/out/vs/workbench/services/extensions/node/extensionHostProcess.js:698:331)
	at K.$provideCodeLenses (/usr/lib/code/out/vs/workbench/services/extensions/node/extensionHostProcess.js:699:618)
	at m._doInvokeHandler (/usr/lib/code/out/vs/workbench/services/extensions/node/extensionHostProcess.js:819:926)
	at m._invokeHandler (/usr/lib/code/out/vs/workbench/services/extensions/node/extensionHostProcess.js:819:618)
	at m._receiveRequest (/usr/lib/code/out/vs/workbench/services/extensions/node/extensionHostProcess.js:818:201)
	at m._receiveOneMessage (/usr/lib/code/out/vs/workbench/services/extensions/node/extensionHostProcess.js:817:6)
	at /usr/lib/code/out/vs/workbench/services/extensions/node/extensionHostProcess.js:815:161
	at l.fire (/usr/lib/code/out/vs/workbench/services/extensions/node/extensionHostProcess.js:46:222)
	at v.fire (/usr/lib/code/out/vs/workbench/services/extensions/node/extensionHostProcess.js:239:494)
	at /usr/lib/code/out/vs/workbench/services/extensions/node/extensionHostProcess.js:1007:179
	at l.fire (/usr/lib/code/out/vs/workbench/services/extensions/node/extensionHostProcess.js:46:222)
	at v.fire (/usr/lib/code/out/vs/workbench/services/extensions/node/extensionHostProcess.js:239:494)
	at t.PersistentProtocol._receiveMessage (/usr/lib/code/out/vs/workbench/services/extensions/node/extensionHostProcess.js:244:17)
	at /usr/lib/code/out/vs/workbench/services/extensions/node/extensionHostProcess.js:241:67
	at l.fire (/usr/lib/code/out/vs/workbench/services/extensions/node/extensionHostProcess.js:46:222)
	at p.acceptChunk (/usr/lib/code/out/vs/workbench/services/extensions/node/extensionHostProcess.js:236:949)
	at /usr/lib/code/out/vs/workbench/services/extensions/node/extensionHostProcess.js:236:301
	at Socket.t (/usr/lib/code/out/vs/workbench/services/extensions/node/extensionHostProcess.js:245:573)
	at Socket.emit (events.js:203:13)
	at addChunk (_stream_readable.js:295:12)
	at readableAddChunk (_stream_readable.js:276:11)
	at Socket.Readable.push (_stream_readable.js:210:10)
	at Pipe.onStreamRead (internal/stream_base_commons.js:166:17)
[2020-09-14 14:17:19.041] [renderer1] [error] [ms-python.python]: Proposed API is only available when running out of dev or with the following command line switch: --enable-proposed-api ms-python.python: Error: [ms-python.python]: Proposed API is only available when running out of dev or with the following command line switch: --enable-proposed-api ms-python.python
	at a (/usr/lib/code/out/vs/workbench/services/extensions/node/extensionHostProcess.js:605:324)
	at Object.t.checkProposedApiEnabled (/usr/lib/code/out/vs/workbench/services/extensions/node/extensionHostProcess.js:605:686)
	at Object.get activeNotebookEditor [as activeNotebookEditor] (/usr/lib/code/out/vs/workbench/services/extensions/node/extensionHostProcess.js:952:10)
	at u.get activeNotebookEditor [as activeNotebookEditor] (/home/d3sk3r/.vscode-oss/extensions/ms-python.python-2020.8.101144/out/client/extension.js:46:541506)
	at g.provideCodeLenses (/home/d3sk3r/.vscode-oss/extensions/ms-python.python-2020.8.101144/out/client/extension.js:48:230908)
	at /usr/lib/code/out/vs/workbench/services/extensions/node/extensionHostProcess.js:678:391
	at /usr/lib/code/out/vs/workbench/services/extensions/node/extensionHostProcess.js:52:136
	at new Promise (<anonymous>)
	at Object.t.asPromise (/usr/lib/code/out/vs/workbench/services/extensions/node/extensionHostProcess.js:52:108)
	at _.provideCodeLenses (/usr/lib/code/out/vs/workbench/services/extensions/node/extensionHostProcess.js:678:362)
	at /usr/lib/code/out/vs/workbench/services/extensions/node/extensionHostProcess.js:699:640
	at K._withAdapter (/usr/lib/code/out/vs/workbench/services/extensions/node/extensionHostProcess.js:698:331)
	at K.$provideCodeLenses (/usr/lib/code/out/vs/workbench/services/extensions/node/extensionHostProcess.js:699:618)
	at m._doInvokeHandler (/usr/lib/code/out/vs/workbench/services/extensions/node/extensionHostProcess.js:819:926)
	at m._invokeHandler (/usr/lib/code/out/vs/workbench/services/extensions/node/extensionHostProcess.js:819:618)
	at m._receiveRequest (/usr/lib/code/out/vs/workbench/services/extensions/node/extensionHostProcess.js:818:201)
	at m._receiveOneMessage (/usr/lib/code/out/vs/workbench/services/extensions/node/extensionHostProcess.js:817:6)
	at /usr/lib/code/out/vs/workbench/services/extensions/node/extensionHostProcess.js:815:161
	at l.fire (/usr/lib/code/out/vs/workbench/services/extensions/node/extensionHostProcess.js:46:222)
	at v.fire (/usr/lib/code/out/vs/workbench/services/extensions/node/extensionHostProcess.js:239:494)
	at /usr/lib/code/out/vs/workbench/services/extensions/node/extensionHostProcess.js:1007:179
	at l.fire (/usr/lib/code/out/vs/workbench/services/extensions/node/extensionHostProcess.js:46:222)
	at v.fire (/usr/lib/code/out/vs/workbench/services/extensions/node/extensionHostProcess.js:239:494)
	at t.PersistentProtocol._receiveMessage (/usr/lib/code/out/vs/workbench/services/extensions/node/extensionHostProcess.js:244:17)
	at /usr/lib/code/out/vs/workbench/services/extensions/node/extensionHostProcess.js:241:67
	at l.fire (/usr/lib/code/out/vs/workbench/services/extensions/node/extensionHostProcess.js:46:222)
	at p.acceptChunk (/usr/lib/code/out/vs/workbench/services/extensions/node/extensionHostProcess.js:236:949)
	at /usr/lib/code/out/vs/workbench/services/extensions/node/extensionHostProcess.js:236:301
	at Socket.t (/usr/lib/code/out/vs/workbench/services/extensions/node/extensionHostProcess.js:245:573)
	at Socket.emit (events.js:203:13)
	at addChunk (_stream_readable.js:295:12)
	at readableAddChunk (_stream_readable.js:276:11)
	at Socket.Readable.push (_stream_readable.js:210:10)
	at Pipe.onStreamRead (internal/stream_base_commons.js:166:17)
[2020-09-14 14:18:36.880] [renderer1] [error] [ms-python.python]: Proposed API is only available when running out of dev or with the following command line switch: --enable-proposed-api ms-python.python: Error: [ms-python.python]: Proposed API is only available when running out of dev or with the following command line switch: --enable-proposed-api ms-python.python
	at a (/usr/lib/code/out/vs/workbench/services/extensions/node/extensionHostProcess.js:605:324)
	at Object.t.checkProposedApiEnabled (/usr/lib/code/out/vs/workbench/services/extensions/node/extensionHostProcess.js:605:686)
	at Object.get activeNotebookEditor [as activeNotebookEditor] (/usr/lib/code/out/vs/workbench/services/extensions/node/extensionHostProcess.js:952:10)
	at u.get activeNotebookEditor [as activeNotebookEditor] (/home/d3sk3r/.vscode-oss/extensions/ms-python.python-2020.8.101144/out/client/extension.js:46:541506)
	at g.provideCodeLenses (/home/d3sk3r/.vscode-oss/extensions/ms-python.python-2020.8.101144/out/client/extension.js:48:230908)
	at /usr/lib/code/out/vs/workbench/services/extensions/node/extensionHostProcess.js:678:391
	at /usr/lib/code/out/vs/workbench/services/extensions/node/extensionHostProcess.js:52:136
	at new Promise (<anonymous>)
	at Object.t.asPromise (/usr/lib/code/out/vs/workbench/services/extensions/node/extensionHostProcess.js:52:108)
	at _.provideCodeLenses (/usr/lib/code/out/vs/workbench/services/extensions/node/extensionHostProcess.js:678:362)
	at /usr/lib/code/out/vs/workbench/services/extensions/node/extensionHostProcess.js:699:640
	at K._withAdapter (/usr/lib/code/out/vs/workbench/services/extensions/node/extensionHostProcess.js:698:331)
	at K.$provideCodeLenses (/usr/lib/code/out/vs/workbench/services/extensions/node/extensionHostProcess.js:699:618)
	at m._doInvokeHandler (/usr/lib/code/out/vs/workbench/services/extensions/node/extensionHostProcess.js:819:926)
	at m._invokeHandler (/usr/lib/code/out/vs/workbench/services/extensions/node/extensionHostProcess.js:819:618)
	at m._receiveRequest (/usr/lib/code/out/vs/workbench/services/extensions/node/extensionHostProcess.js:818:201)
	at m._receiveOneMessage (/usr/lib/code/out/vs/workbench/services/extensions/node/extensionHostProcess.js:817:6)
	at /usr/lib/code/out/vs/workbench/services/extensions/node/extensionHostProcess.js:815:161
	at l.fire (/usr/lib/code/out/vs/workbench/services/extensions/node/extensionHostProcess.js:46:222)
	at v.fire (/usr/lib/code/out/vs/workbench/services/extensions/node/extensionHostProcess.js:239:494)
	at /usr/lib/code/out/vs/workbench/services/extensions/node/extensionHostProcess.js:1007:179
	at l.fire (/usr/lib/code/out/vs/workbench/services/extensions/node/extensionHostProcess.js:46:222)
	at v.fire (/usr/lib/code/out/vs/workbench/services/extensions/node/extensionHostProcess.js:239:494)
	at t.PersistentProtocol._receiveMessage (/usr/lib/code/out/vs/workbench/services/extensions/node/extensionHostProcess.js:244:17)
	at /usr/lib/code/out/vs/workbench/services/extensions/node/extensionHostProcess.js:241:67
	at l.fire (/usr/lib/code/out/vs/workbench/services/extensions/node/extensionHostProcess.js:46:222)
	at p.acceptChunk (/usr/lib/code/out/vs/workbench/services/extensions/node/extensionHostProcess.js:236:949)
	at /usr/lib/code/out/vs/workbench/services/extensions/node/extensionHostProcess.js:236:301
	at Socket.t (/usr/lib/code/out/vs/workbench/services/extensions/node/extensionHostProcess.js:245:573)
	at Socket.emit (events.js:203:13)
	at addChunk (_stream_readable.js:295:12)
	at readableAddChunk (_stream_readable.js:276:11)
	at Socket.Readable.push (_stream_readable.js:210:10)
	at Pipe.onStreamRead (internal/stream_base_commons.js:166:17)
[2020-09-14 14:23:50.043] [renderer1] [warning] {"name":"Canceled"}
[2020-09-14 14:30:00.587] [renderer1] [warning] UNRESPONSIVE extension host, 'ms-vscode.js-debug' took 99% of 1146.466ms, saved PROFILE here: '/tmp/exthost-a20ec2.cpuprofile' [{"id":"gc","total":1640,"percentage":0},{"id":"ms-python.python","total":161,"percentage":0},{"id":"ms-vscode.js-debug","total":1138815,"percentage":99},{"id":"program","total":174,"percentage":0},{"id":"self","total":5368,"percentage":0}]
[2020-09-14 14:30:32.756] [renderer1] [warning] UNRESPONSIVE extension host, 'ms-vscode.js-debug' took 91% of 293.326ms, saved PROFILE here: '/tmp/exthost-649aa4.cpuprofile' [{"id":"ms-vscode.js-debug","total":267023,"percentage":91},{"id":"program","total":19953,"percentage":7},{"id":"self","total":3819,"percentage":1},{"id":"vscode.microsoft-authentication","total":448,"percentage":0}]
[2020-09-14 14:56:54.771] [renderer1] [error] [storage state.vscdb] prepare(): Error: SQLITE_READONLY_DBMOVED: attempt to write a readonly database (INSERT INTO ItemTable VALUES (?,?),(?,?)). Details: Keys: lifecyle.lastShutdownReason, codelens/cache2 Length: 498
[2020-09-14 14:56:54.865] [renderer1] [error] A system error occurred (ENOENT: no such file or directory, unlink '/home/d3sk3r/.config/Code - OSS/User/workspaceStorage/2913964205429fb045764857ffdc8f46/state.vscdb'): Error: ENOENT: no such file or directory, unlink '/home/d3sk3r/.config/Code - OSS/User/workspaceStorage/2913964205429fb045764857ffdc8f46/state.vscdb'
