[2020-09-14 14:09:15.489] [sharedprocess] [info] main {"machineId":"1993e6f464a89484db336d3c35066eb92af816a0ad87cabf273af5b1be2bc79a","windowId":2}
[2020-09-14 14:09:19.783] [sharedprocess] [info] Installing extension: ms-python.python
[2020-09-14 14:09:28.703] [sharedprocess] [info] Downloaded extension: ms-python.python /home/d3sk3r/.config/Code - OSS/CachedExtensionVSIXs/ms-python.python-2020.8.108011
[2020-09-14 14:09:48.139] [sharedprocess] [info] Extracted extension to /home/d3sk3r/.vscode-oss/extensions/.ms-python.python-2020.8.108011: ms-python.python
[2020-09-14 14:09:48.151] [sharedprocess] [info] Renamed to /home/d3sk3r/.vscode-oss/extensions/ms-python.python-2020.8.108011
[2020-09-14 14:09:48.166] [sharedprocess] [info] Installation completed. ms-python.python
[2020-09-14 14:09:48.186] [sharedprocess] [info] Extensions installed successfully: ms-python.python
[2020-09-14 14:09:55.582] [sharedprocess] [info] Starting to clean up unused language packs.
[2020-09-14 14:36:37.072] [sharedprocess] [info] Installing extension: auchenberg.vscode-browser-preview
[2020-09-14 14:36:40.388] [sharedprocess] [info] Downloaded extension: auchenberg.vscode-browser-preview /home/d3sk3r/.config/Code - OSS/CachedExtensionVSIXs/auchenberg.vscode-browser-preview-0.6.7
[2020-09-14 14:36:48.296] [sharedprocess] [info] Extracted extension to /home/d3sk3r/.vscode-oss/extensions/.auchenberg.vscode-browser-preview-0.6.7: auchenberg.vscode-browser-preview
[2020-09-14 14:36:48.296] [sharedprocess] [info] Renamed to /home/d3sk3r/.vscode-oss/extensions/auchenberg.vscode-browser-preview-0.6.7
[2020-09-14 14:36:48.298] [sharedprocess] [info] Installation completed. auchenberg.vscode-browser-preview
[2020-09-14 14:36:48.313] [sharedprocess] [info] Extensions installed successfully: auchenberg.vscode-browser-preview
[2020-09-14 14:39:46.499] [sharedprocess] [info] Installing extension: ritwickdey.liveserver
[2020-09-14 14:39:49.006] [sharedprocess] [info] Downloaded extension: ritwickdey.liveserver /home/d3sk3r/.config/Code - OSS/CachedExtensionVSIXs/ritwickdey.liveserver-5.6.1
[2020-09-14 14:40:11.143] [sharedprocess] [info] Extracted extension to /home/d3sk3r/.vscode-oss/extensions/.ritwickdey.liveserver-5.6.1: ritwickdey.liveserver
[2020-09-14 14:40:11.144] [sharedprocess] [info] Renamed to /home/d3sk3r/.vscode-oss/extensions/ritwickdey.liveserver-5.6.1
[2020-09-14 14:40:11.146] [sharedprocess] [info] Installation completed. ritwickdey.liveserver
[2020-09-14 14:40:11.161] [sharedprocess] [info] Extensions installed successfully: ritwickdey.liveserver
