[2021-08-22 16:35:08.876] [renderer1] [error] <semantic> TypeScript Server Error (4.3.5)
Cannot read property 'name' of undefined
TypeError: Cannot read property 'name' of undefined
    at chooseBetterSymbol (/usr/lib/code/extensions/node_modules/typescript/lib/tsserver.js:133697:22)
    at tryGetParameterInfo (/usr/lib/code/extensions/node_modules/typescript/lib/tsserver.js:133666:120)
    at getImmediatelyContainingArgumentOrContextualParameterInfo (/usr/lib/code/extensions/node_modules/typescript/lib/tsserver.js:133648:20)
    at _loop_8 (/usr/lib/code/extensions/node_modules/typescript/lib/tsserver.js:133821:36)
    at getContainingArgumentInfo (/usr/lib/code/extensions/node_modules/typescript/lib/tsserver.js:133827:31)
    at Object.getSignatureHelpItems (/usr/lib/code/extensions/node_modules/typescript/lib/tsserver.js:133426:32)
    at Proxy.getSignatureHelpItems (/usr/lib/code/extensions/node_modules/typescript/lib/tsserver.js:153522:37)
    at IOSession.Session.getSignatureHelpItems (/usr/lib/code/extensions/node_modules/typescript/lib/tsserver.js:164646:62)
    at Session.handlers.ts.Map.ts.getEntries._a.<computed> (/usr/lib/code/extensions/node_modules/typescript/lib/tsserver.js:163443:61)
    at /usr/lib/code/extensions/node_modules/typescript/lib/tsserver.js:165210:88
    at IOSession.Session.executeWithRequestId (/usr/lib/code/extensions/node_modules/typescript/lib/tsserver.js:165201:28)
    at IOSession.Session.executeCommand (/usr/lib/code/extensions/node_modules/typescript/lib/tsserver.js:165210:33)
    at IOSession.Session.onMessage (/usr/lib/code/extensions/node_modules/typescript/lib/tsserver.js:165236:35)
    at Interface.<anonymous> (/usr/lib/code/extensions/node_modules/typescript/lib/tsserver.js:167833:31)
    at Interface.emit (events.js:315:20)
    at Interface._onLine (readline.js:337:10)
    at Interface._normalWrite (readline.js:482:12)
    at Socket.ondata (readline.js:194:10)
    at Socket.emit (events.js:315:20)
    at addChunk (internal/streams/readable.js:309:12)
    at readableAddChunk (internal/streams/readable.js:284:9)
    at Socket.Readable.push (internal/streams/readable.js:223:10)
    at Pipe.onStreamRead (internal/stream_base_commons.js:188:23): Error: <semantic> TypeScript Server Error (4.3.5)
Cannot read property 'name' of undefined
TypeError: Cannot read property 'name' of undefined
    at chooseBetterSymbol (/usr/lib/code/extensions/node_modules/typescript/lib/tsserver.js:133697:22)
    at tryGetParameterInfo (/usr/lib/code/extensions/node_modules/typescript/lib/tsserver.js:133666:120)
    at getImmediatelyContainingArgumentOrContextualParameterInfo (/usr/lib/code/extensions/node_modules/typescript/lib/tsserver.js:133648:20)
    at _loop_8 (/usr/lib/code/extensions/node_modules/typescript/lib/tsserver.js:133821:36)
    at getContainingArgumentInfo (/usr/lib/code/extensions/node_modules/typescript/lib/tsserver.js:133827:31)
    at Object.getSignatureHelpItems (/usr/lib/code/extensions/node_modules/typescript/lib/tsserver.js:133426:32)
    at Proxy.getSignatureHelpItems (/usr/lib/code/extensions/node_modules/typescript/lib/tsserver.js:153522:37)
    at IOSession.Session.getSignatureHelpItems (/usr/lib/code/extensions/node_modules/typescript/lib/tsserver.js:164646:62)
    at Session.handlers.ts.Map.ts.getEntries._a.<computed> (/usr/lib/code/extensions/node_modules/typescript/lib/tsserver.js:163443:61)
    at /usr/lib/code/extensions/node_modules/typescript/lib/tsserver.js:165210:88
    at IOSession.Session.executeWithRequestId (/usr/lib/code/extensions/node_modules/typescript/lib/tsserver.js:165201:28)
    at IOSession.Session.executeCommand (/usr/lib/code/extensions/node_modules/typescript/lib/tsserver.js:165210:33)
    at IOSession.Session.onMessage (/usr/lib/code/extensions/node_modules/typescript/lib/tsserver.js:165236:35)
    at Interface.<anonymous> (/usr/lib/code/extensions/node_modules/typescript/lib/tsserver.js:167833:31)
    at Interface.emit (events.js:315:20)
    at Interface._onLine (readline.js:337:10)
    at Interface._normalWrite (readline.js:482:12)
    at Socket.ondata (readline.js:194:10)
    at Socket.emit (events.js:315:20)
    at addChunk (internal/streams/readable.js:309:12)
    at readableAddChunk (internal/streams/readable.js:284:9)
    at Socket.Readable.push (internal/streams/readable.js:223:10)
    at Pipe.onStreamRead (internal/stream_base_commons.js:188:23)
	at Function.create (/usr/lib/code/extensions/typescript-language-features/dist/extension.js:1:75833)
	at dispatchResponse (/usr/lib/code/extensions/typescript-language-features/dist/extension.js:1:69697)
	at dispatchMessage (/usr/lib/code/extensions/typescript-language-features/dist/extension.js:1:68556)
	at /usr/lib/code/extensions/typescript-language-features/dist/extension.js:1:68046
	at d.fire (/usr/lib/code/out/vs/workbench/services/extensions/node/extensionHostProcess.js:57:1726)
	at g.onLengthData (/usr/lib/code/extensions/typescript-language-features/dist/extension.js:1:434643)
	at Socket.<anonymous> (/usr/lib/code/extensions/typescript-language-features/dist/extension.js:1:434291)
	at Socket.emit (events.js:315:20)
	at addChunk (internal/streams/readable.js:309:12)
	at readableAddChunk (internal/streams/readable.js:284:9)
	at Socket.Readable.push (internal/streams/readable.js:223:10)
	at Pipe.onStreamRead (internal/stream_base_commons.js:188:23)
[2021-08-22 16:45:10.093] [renderer1] [error] <semantic> TypeScript Server Error (4.3.5)
Cannot read property 'name' of undefined
TypeError: Cannot read property 'name' of undefined
    at chooseBetterSymbol (/usr/lib/code/extensions/node_modules/typescript/lib/tsserver.js:133697:22)
    at tryGetParameterInfo (/usr/lib/code/extensions/node_modules/typescript/lib/tsserver.js:133666:120)
    at getImmediatelyContainingArgumentOrContextualParameterInfo (/usr/lib/code/extensions/node_modules/typescript/lib/tsserver.js:133648:20)
    at _loop_8 (/usr/lib/code/extensions/node_modules/typescript/lib/tsserver.js:133821:36)
    at getContainingArgumentInfo (/usr/lib/code/extensions/node_modules/typescript/lib/tsserver.js:133827:31)
    at Object.getSignatureHelpItems (/usr/lib/code/extensions/node_modules/typescript/lib/tsserver.js:133426:32)
    at Proxy.getSignatureHelpItems (/usr/lib/code/extensions/node_modules/typescript/lib/tsserver.js:153522:37)
    at IOSession.Session.getSignatureHelpItems (/usr/lib/code/extensions/node_modules/typescript/lib/tsserver.js:164646:62)
    at Session.handlers.ts.Map.ts.getEntries._a.<computed> (/usr/lib/code/extensions/node_modules/typescript/lib/tsserver.js:163443:61)
    at /usr/lib/code/extensions/node_modules/typescript/lib/tsserver.js:165210:88
    at IOSession.Session.executeWithRequestId (/usr/lib/code/extensions/node_modules/typescript/lib/tsserver.js:165201:28)
    at IOSession.Session.executeCommand (/usr/lib/code/extensions/node_modules/typescript/lib/tsserver.js:165210:33)
    at IOSession.Session.onMessage (/usr/lib/code/extensions/node_modules/typescript/lib/tsserver.js:165236:35)
    at Interface.<anonymous> (/usr/lib/code/extensions/node_modules/typescript/lib/tsserver.js:167833:31)
    at Interface.emit (events.js:315:20)
    at Interface._onLine (readline.js:337:10)
    at Interface._normalWrite (readline.js:482:12)
    at Socket.ondata (readline.js:194:10)
    at Socket.emit (events.js:315:20)
    at addChunk (internal/streams/readable.js:309:12)
    at readableAddChunk (internal/streams/readable.js:284:9)
    at Socket.Readable.push (internal/streams/readable.js:223:10)
    at Pipe.onStreamRead (internal/stream_base_commons.js:188:23): Error: <semantic> TypeScript Server Error (4.3.5)
Cannot read property 'name' of undefined
TypeError: Cannot read property 'name' of undefined
    at chooseBetterSymbol (/usr/lib/code/extensions/node_modules/typescript/lib/tsserver.js:133697:22)
    at tryGetParameterInfo (/usr/lib/code/extensions/node_modules/typescript/lib/tsserver.js:133666:120)
    at getImmediatelyContainingArgumentOrContextualParameterInfo (/usr/lib/code/extensions/node_modules/typescript/lib/tsserver.js:133648:20)
    at _loop_8 (/usr/lib/code/extensions/node_modules/typescript/lib/tsserver.js:133821:36)
    at getContainingArgumentInfo (/usr/lib/code/extensions/node_modules/typescript/lib/tsserver.js:133827:31)
    at Object.getSignatureHelpItems (/usr/lib/code/extensions/node_modules/typescript/lib/tsserver.js:133426:32)
    at Proxy.getSignatureHelpItems (/usr/lib/code/extensions/node_modules/typescript/lib/tsserver.js:153522:37)
    at IOSession.Session.getSignatureHelpItems (/usr/lib/code/extensions/node_modules/typescript/lib/tsserver.js:164646:62)
    at Session.handlers.ts.Map.ts.getEntries._a.<computed> (/usr/lib/code/extensions/node_modules/typescript/lib/tsserver.js:163443:61)
    at /usr/lib/code/extensions/node_modules/typescript/lib/tsserver.js:165210:88
    at IOSession.Session.executeWithRequestId (/usr/lib/code/extensions/node_modules/typescript/lib/tsserver.js:165201:28)
    at IOSession.Session.executeCommand (/usr/lib/code/extensions/node_modules/typescript/lib/tsserver.js:165210:33)
    at IOSession.Session.onMessage (/usr/lib/code/extensions/node_modules/typescript/lib/tsserver.js:165236:35)
    at Interface.<anonymous> (/usr/lib/code/extensions/node_modules/typescript/lib/tsserver.js:167833:31)
    at Interface.emit (events.js:315:20)
    at Interface._onLine (readline.js:337:10)
    at Interface._normalWrite (readline.js:482:12)
    at Socket.ondata (readline.js:194:10)
    at Socket.emit (events.js:315:20)
    at addChunk (internal/streams/readable.js:309:12)
    at readableAddChunk (internal/streams/readable.js:284:9)
    at Socket.Readable.push (internal/streams/readable.js:223:10)
    at Pipe.onStreamRead (internal/stream_base_commons.js:188:23)
	at Function.create (/usr/lib/code/extensions/typescript-language-features/dist/extension.js:1:75833)
	at dispatchResponse (/usr/lib/code/extensions/typescript-language-features/dist/extension.js:1:69697)
	at dispatchMessage (/usr/lib/code/extensions/typescript-language-features/dist/extension.js:1:68556)
	at /usr/lib/code/extensions/typescript-language-features/dist/extension.js:1:68046
	at d.fire (/usr/lib/code/out/vs/workbench/services/extensions/node/extensionHostProcess.js:57:1726)
	at g.onLengthData (/usr/lib/code/extensions/typescript-language-features/dist/extension.js:1:434643)
	at Socket.<anonymous> (/usr/lib/code/extensions/typescript-language-features/dist/extension.js:1:434291)
	at Socket.emit (events.js:315:20)
	at addChunk (internal/streams/readable.js:309:12)
	at readableAddChunk (internal/streams/readable.js:284:9)
	at Socket.Readable.push (internal/streams/readable.js:223:10)
	at Pipe.onStreamRead (internal/stream_base_commons.js:188:23)
[2021-08-22 16:51:04.924] [renderer1] [error] <semantic> TypeScript Server Error (4.3.5)
Cannot read property 'name' of undefined
TypeError: Cannot read property 'name' of undefined
    at chooseBetterSymbol (/usr/lib/code/extensions/node_modules/typescript/lib/tsserver.js:133697:22)
    at tryGetParameterInfo (/usr/lib/code/extensions/node_modules/typescript/lib/tsserver.js:133666:120)
    at getImmediatelyContainingArgumentOrContextualParameterInfo (/usr/lib/code/extensions/node_modules/typescript/lib/tsserver.js:133648:20)
    at _loop_8 (/usr/lib/code/extensions/node_modules/typescript/lib/tsserver.js:133821:36)
    at getContainingArgumentInfo (/usr/lib/code/extensions/node_modules/typescript/lib/tsserver.js:133827:31)
    at Object.getSignatureHelpItems (/usr/lib/code/extensions/node_modules/typescript/lib/tsserver.js:133426:32)
    at Proxy.getSignatureHelpItems (/usr/lib/code/extensions/node_modules/typescript/lib/tsserver.js:153522:37)
    at IOSession.Session.getSignatureHelpItems (/usr/lib/code/extensions/node_modules/typescript/lib/tsserver.js:164646:62)
    at Session.handlers.ts.Map.ts.getEntries._a.<computed> (/usr/lib/code/extensions/node_modules/typescript/lib/tsserver.js:163443:61)
    at /usr/lib/code/extensions/node_modules/typescript/lib/tsserver.js:165210:88
    at IOSession.Session.executeWithRequestId (/usr/lib/code/extensions/node_modules/typescript/lib/tsserver.js:165201:28)
    at IOSession.Session.executeCommand (/usr/lib/code/extensions/node_modules/typescript/lib/tsserver.js:165210:33)
    at IOSession.Session.onMessage (/usr/lib/code/extensions/node_modules/typescript/lib/tsserver.js:165236:35)
    at Interface.<anonymous> (/usr/lib/code/extensions/node_modules/typescript/lib/tsserver.js:167833:31)
    at Interface.emit (events.js:315:20)
    at Interface._onLine (readline.js:337:10)
    at Interface._normalWrite (readline.js:482:12)
    at Socket.ondata (readline.js:194:10)
    at Socket.emit (events.js:315:20)
    at addChunk (internal/streams/readable.js:309:12)
    at readableAddChunk (internal/streams/readable.js:284:9)
    at Socket.Readable.push (internal/streams/readable.js:223:10)
    at Pipe.onStreamRead (internal/stream_base_commons.js:188:23): Error: <semantic> TypeScript Server Error (4.3.5)
Cannot read property 'name' of undefined
TypeError: Cannot read property 'name' of undefined
    at chooseBetterSymbol (/usr/lib/code/extensions/node_modules/typescript/lib/tsserver.js:133697:22)
    at tryGetParameterInfo (/usr/lib/code/extensions/node_modules/typescript/lib/tsserver.js:133666:120)
    at getImmediatelyContainingArgumentOrContextualParameterInfo (/usr/lib/code/extensions/node_modules/typescript/lib/tsserver.js:133648:20)
    at _loop_8 (/usr/lib/code/extensions/node_modules/typescript/lib/tsserver.js:133821:36)
    at getContainingArgumentInfo (/usr/lib/code/extensions/node_modules/typescript/lib/tsserver.js:133827:31)
    at Object.getSignatureHelpItems (/usr/lib/code/extensions/node_modules/typescript/lib/tsserver.js:133426:32)
    at Proxy.getSignatureHelpItems (/usr/lib/code/extensions/node_modules/typescript/lib/tsserver.js:153522:37)
    at IOSession.Session.getSignatureHelpItems (/usr/lib/code/extensions/node_modules/typescript/lib/tsserver.js:164646:62)
    at Session.handlers.ts.Map.ts.getEntries._a.<computed> (/usr/lib/code/extensions/node_modules/typescript/lib/tsserver.js:163443:61)
    at /usr/lib/code/extensions/node_modules/typescript/lib/tsserver.js:165210:88
    at IOSession.Session.executeWithRequestId (/usr/lib/code/extensions/node_modules/typescript/lib/tsserver.js:165201:28)
    at IOSession.Session.executeCommand (/usr/lib/code/extensions/node_modules/typescript/lib/tsserver.js:165210:33)
    at IOSession.Session.onMessage (/usr/lib/code/extensions/node_modules/typescript/lib/tsserver.js:165236:35)
    at Interface.<anonymous> (/usr/lib/code/extensions/node_modules/typescript/lib/tsserver.js:167833:31)
    at Interface.emit (events.js:315:20)
    at Interface._onLine (readline.js:337:10)
    at Interface._normalWrite (readline.js:482:12)
    at Socket.ondata (readline.js:194:10)
    at Socket.emit (events.js:315:20)
    at addChunk (internal/streams/readable.js:309:12)
    at readableAddChunk (internal/streams/readable.js:284:9)
    at Socket.Readable.push (internal/streams/readable.js:223:10)
    at Pipe.onStreamRead (internal/stream_base_commons.js:188:23)
	at Function.create (/usr/lib/code/extensions/typescript-language-features/dist/extension.js:1:75833)
	at dispatchResponse (/usr/lib/code/extensions/typescript-language-features/dist/extension.js:1:69697)
	at dispatchMessage (/usr/lib/code/extensions/typescript-language-features/dist/extension.js:1:68556)
	at /usr/lib/code/extensions/typescript-language-features/dist/extension.js:1:68046
	at d.fire (/usr/lib/code/out/vs/workbench/services/extensions/node/extensionHostProcess.js:57:1726)
	at g.onLengthData (/usr/lib/code/extensions/typescript-language-features/dist/extension.js:1:434643)
	at Socket.<anonymous> (/usr/lib/code/extensions/typescript-language-features/dist/extension.js:1:434291)
	at Socket.emit (events.js:315:20)
	at addChunk (internal/streams/readable.js:309:12)
	at readableAddChunk (internal/streams/readable.js:284:9)
	at Socket.Readable.push (internal/streams/readable.js:223:10)
	at Pipe.onStreamRead (internal/stream_base_commons.js:188:23)
[2021-08-22 18:28:51.354] [renderer1] [error] <semantic> TypeScript Server Error (4.3.5)
Cannot read property 'name' of undefined
TypeError: Cannot read property 'name' of undefined
    at chooseBetterSymbol (/usr/lib/code/extensions/node_modules/typescript/lib/tsserver.js:133697:22)
    at tryGetParameterInfo (/usr/lib/code/extensions/node_modules/typescript/lib/tsserver.js:133666:120)
    at getImmediatelyContainingArgumentOrContextualParameterInfo (/usr/lib/code/extensions/node_modules/typescript/lib/tsserver.js:133648:20)
    at _loop_8 (/usr/lib/code/extensions/node_modules/typescript/lib/tsserver.js:133821:36)
    at getContainingArgumentInfo (/usr/lib/code/extensions/node_modules/typescript/lib/tsserver.js:133827:31)
    at Object.getSignatureHelpItems (/usr/lib/code/extensions/node_modules/typescript/lib/tsserver.js:133426:32)
    at Proxy.getSignatureHelpItems (/usr/lib/code/extensions/node_modules/typescript/lib/tsserver.js:153522:37)
    at IOSession.Session.getSignatureHelpItems (/usr/lib/code/extensions/node_modules/typescript/lib/tsserver.js:164646:62)
    at Session.handlers.ts.Map.ts.getEntries._a.<computed> (/usr/lib/code/extensions/node_modules/typescript/lib/tsserver.js:163443:61)
    at /usr/lib/code/extensions/node_modules/typescript/lib/tsserver.js:165210:88
    at IOSession.Session.executeWithRequestId (/usr/lib/code/extensions/node_modules/typescript/lib/tsserver.js:165201:28)
    at IOSession.Session.executeCommand (/usr/lib/code/extensions/node_modules/typescript/lib/tsserver.js:165210:33)
    at IOSession.Session.onMessage (/usr/lib/code/extensions/node_modules/typescript/lib/tsserver.js:165236:35)
    at Interface.<anonymous> (/usr/lib/code/extensions/node_modules/typescript/lib/tsserver.js:167833:31)
    at Interface.emit (events.js:315:20)
    at Interface._onLine (readline.js:337:10)
    at Interface._normalWrite (readline.js:482:12)
    at Socket.ondata (readline.js:194:10)
    at Socket.emit (events.js:315:20)
    at addChunk (internal/streams/readable.js:309:12)
    at readableAddChunk (internal/streams/readable.js:284:9)
    at Socket.Readable.push (internal/streams/readable.js:223:10)
    at Pipe.onStreamRead (internal/stream_base_commons.js:188:23): Error: <semantic> TypeScript Server Error (4.3.5)
Cannot read property 'name' of undefined
TypeError: Cannot read property 'name' of undefined
    at chooseBetterSymbol (/usr/lib/code/extensions/node_modules/typescript/lib/tsserver.js:133697:22)
    at tryGetParameterInfo (/usr/lib/code/extensions/node_modules/typescript/lib/tsserver.js:133666:120)
    at getImmediatelyContainingArgumentOrContextualParameterInfo (/usr/lib/code/extensions/node_modules/typescript/lib/tsserver.js:133648:20)
    at _loop_8 (/usr/lib/code/extensions/node_modules/typescript/lib/tsserver.js:133821:36)
    at getContainingArgumentInfo (/usr/lib/code/extensions/node_modules/typescript/lib/tsserver.js:133827:31)
    at Object.getSignatureHelpItems (/usr/lib/code/extensions/node_modules/typescript/lib/tsserver.js:133426:32)
    at Proxy.getSignatureHelpItems (/usr/lib/code/extensions/node_modules/typescript/lib/tsserver.js:153522:37)
    at IOSession.Session.getSignatureHelpItems (/usr/lib/code/extensions/node_modules/typescript/lib/tsserver.js:164646:62)
    at Session.handlers.ts.Map.ts.getEntries._a.<computed> (/usr/lib/code/extensions/node_modules/typescript/lib/tsserver.js:163443:61)
    at /usr/lib/code/extensions/node_modules/typescript/lib/tsserver.js:165210:88
    at IOSession.Session.executeWithRequestId (/usr/lib/code/extensions/node_modules/typescript/lib/tsserver.js:165201:28)
    at IOSession.Session.executeCommand (/usr/lib/code/extensions/node_modules/typescript/lib/tsserver.js:165210:33)
    at IOSession.Session.onMessage (/usr/lib/code/extensions/node_modules/typescript/lib/tsserver.js:165236:35)
    at Interface.<anonymous> (/usr/lib/code/extensions/node_modules/typescript/lib/tsserver.js:167833:31)
    at Interface.emit (events.js:315:20)
    at Interface._onLine (readline.js:337:10)
    at Interface._normalWrite (readline.js:482:12)
    at Socket.ondata (readline.js:194:10)
    at Socket.emit (events.js:315:20)
    at addChunk (internal/streams/readable.js:309:12)
    at readableAddChunk (internal/streams/readable.js:284:9)
    at Socket.Readable.push (internal/streams/readable.js:223:10)
    at Pipe.onStreamRead (internal/stream_base_commons.js:188:23)
	at Function.create (/usr/lib/code/extensions/typescript-language-features/dist/extension.js:1:75833)
	at dispatchResponse (/usr/lib/code/extensions/typescript-language-features/dist/extension.js:1:69697)
	at dispatchMessage (/usr/lib/code/extensions/typescript-language-features/dist/extension.js:1:68556)
	at /usr/lib/code/extensions/typescript-language-features/dist/extension.js:1:68046
	at d.fire (/usr/lib/code/out/vs/workbench/services/extensions/node/extensionHostProcess.js:57:1726)
	at g.onLengthData (/usr/lib/code/extensions/typescript-language-features/dist/extension.js:1:434643)
	at Socket.<anonymous> (/usr/lib/code/extensions/typescript-language-features/dist/extension.js:1:434291)
	at Socket.emit (events.js:315:20)
	at addChunk (internal/streams/readable.js:309:12)
	at readableAddChunk (internal/streams/readable.js:284:9)
	at Socket.Readable.push (internal/streams/readable.js:223:10)
	at Pipe.onStreamRead (internal/stream_base_commons.js:188:23)
[2021-08-22 18:38:10.981] [renderer1] [error] <semantic> TypeScript Server Error (4.3.5)
Cannot read property 'name' of undefined
TypeError: Cannot read property 'name' of undefined
    at chooseBetterSymbol (/usr/lib/code/extensions/node_modules/typescript/lib/tsserver.js:133697:22)
    at tryGetParameterInfo (/usr/lib/code/extensions/node_modules/typescript/lib/tsserver.js:133666:120)
    at getImmediatelyContainingArgumentOrContextualParameterInfo (/usr/lib/code/extensions/node_modules/typescript/lib/tsserver.js:133648:20)
    at _loop_8 (/usr/lib/code/extensions/node_modules/typescript/lib/tsserver.js:133821:36)
    at getContainingArgumentInfo (/usr/lib/code/extensions/node_modules/typescript/lib/tsserver.js:133827:31)
    at Object.getSignatureHelpItems (/usr/lib/code/extensions/node_modules/typescript/lib/tsserver.js:133426:32)
    at Proxy.getSignatureHelpItems (/usr/lib/code/extensions/node_modules/typescript/lib/tsserver.js:153522:37)
    at IOSession.Session.getSignatureHelpItems (/usr/lib/code/extensions/node_modules/typescript/lib/tsserver.js:164646:62)
    at Session.handlers.ts.Map.ts.getEntries._a.<computed> (/usr/lib/code/extensions/node_modules/typescript/lib/tsserver.js:163443:61)
    at /usr/lib/code/extensions/node_modules/typescript/lib/tsserver.js:165210:88
    at IOSession.Session.executeWithRequestId (/usr/lib/code/extensions/node_modules/typescript/lib/tsserver.js:165201:28)
    at IOSession.Session.executeCommand (/usr/lib/code/extensions/node_modules/typescript/lib/tsserver.js:165210:33)
    at IOSession.Session.onMessage (/usr/lib/code/extensions/node_modules/typescript/lib/tsserver.js:165236:35)
    at Interface.<anonymous> (/usr/lib/code/extensions/node_modules/typescript/lib/tsserver.js:167833:31)
    at Interface.emit (events.js:315:20)
    at Interface._onLine (readline.js:337:10)
    at Interface._normalWrite (readline.js:482:12)
    at Socket.ondata (readline.js:194:10)
    at Socket.emit (events.js:315:20)
    at addChunk (internal/streams/readable.js:309:12)
    at readableAddChunk (internal/streams/readable.js:284:9)
    at Socket.Readable.push (internal/streams/readable.js:223:10)
    at Pipe.onStreamRead (internal/stream_base_commons.js:188:23): Error: <semantic> TypeScript Server Error (4.3.5)
Cannot read property 'name' of undefined
TypeError: Cannot read property 'name' of undefined
    at chooseBetterSymbol (/usr/lib/code/extensions/node_modules/typescript/lib/tsserver.js:133697:22)
    at tryGetParameterInfo (/usr/lib/code/extensions/node_modules/typescript/lib/tsserver.js:133666:120)
    at getImmediatelyContainingArgumentOrContextualParameterInfo (/usr/lib/code/extensions/node_modules/typescript/lib/tsserver.js:133648:20)
    at _loop_8 (/usr/lib/code/extensions/node_modules/typescript/lib/tsserver.js:133821:36)
    at getContainingArgumentInfo (/usr/lib/code/extensions/node_modules/typescript/lib/tsserver.js:133827:31)
    at Object.getSignatureHelpItems (/usr/lib/code/extensions/node_modules/typescript/lib/tsserver.js:133426:32)
    at Proxy.getSignatureHelpItems (/usr/lib/code/extensions/node_modules/typescript/lib/tsserver.js:153522:37)
    at IOSession.Session.getSignatureHelpItems (/usr/lib/code/extensions/node_modules/typescript/lib/tsserver.js:164646:62)
    at Session.handlers.ts.Map.ts.getEntries._a.<computed> (/usr/lib/code/extensions/node_modules/typescript/lib/tsserver.js:163443:61)
    at /usr/lib/code/extensions/node_modules/typescript/lib/tsserver.js:165210:88
    at IOSession.Session.executeWithRequestId (/usr/lib/code/extensions/node_modules/typescript/lib/tsserver.js:165201:28)
    at IOSession.Session.executeCommand (/usr/lib/code/extensions/node_modules/typescript/lib/tsserver.js:165210:33)
    at IOSession.Session.onMessage (/usr/lib/code/extensions/node_modules/typescript/lib/tsserver.js:165236:35)
    at Interface.<anonymous> (/usr/lib/code/extensions/node_modules/typescript/lib/tsserver.js:167833:31)
    at Interface.emit (events.js:315:20)
    at Interface._onLine (readline.js:337:10)
    at Interface._normalWrite (readline.js:482:12)
    at Socket.ondata (readline.js:194:10)
    at Socket.emit (events.js:315:20)
    at addChunk (internal/streams/readable.js:309:12)
    at readableAddChunk (internal/streams/readable.js:284:9)
    at Socket.Readable.push (internal/streams/readable.js:223:10)
    at Pipe.onStreamRead (internal/stream_base_commons.js:188:23)
	at Function.create (/usr/lib/code/extensions/typescript-language-features/dist/extension.js:1:75833)
	at dispatchResponse (/usr/lib/code/extensions/typescript-language-features/dist/extension.js:1:69697)
	at dispatchMessage (/usr/lib/code/extensions/typescript-language-features/dist/extension.js:1:68556)
	at /usr/lib/code/extensions/typescript-language-features/dist/extension.js:1:68046
	at d.fire (/usr/lib/code/out/vs/workbench/services/extensions/node/extensionHostProcess.js:57:1726)
	at g.onLengthData (/usr/lib/code/extensions/typescript-language-features/dist/extension.js:1:434643)
	at Socket.<anonymous> (/usr/lib/code/extensions/typescript-language-features/dist/extension.js:1:434291)
	at Socket.emit (events.js:315:20)
	at addChunk (internal/streams/readable.js:309:12)
	at readableAddChunk (internal/streams/readable.js:284:9)
	at Socket.Readable.push (internal/streams/readable.js:223:10)
	at Pipe.onStreamRead (internal/stream_base_commons.js:188:23)
