[2020-11-18 11:46:01.053] [exthost] [info] extension host started
[2020-11-18 11:46:01.183] [exthost] [info] ExtensionService#_doActivateExtension vscode.typescript-language-features {"startup":false,"extensionId":{"value":"vscode.typescript-language-features","_lower":"vscode.typescript-language-features"},"activationEvent":"onLanguage:javascript"}
[2020-11-18 11:46:01.185] [exthost] [info] ExtensionService#loadCommonJSModule file:///usr/lib/code/extensions/typescript-language-features/dist/extension
[2020-11-18 11:46:01.272] [exthost] [info] ExtensionService#_doActivateExtension ms-vscode.js-debug {"startup":false,"extensionId":{"value":"ms-vscode.js-debug","_lower":"ms-vscode.js-debug"},"activationEvent":"onDebugDynamicConfigurations"}
[2020-11-18 11:46:01.272] [exthost] [info] ExtensionService#loadCommonJSModule file:///usr/lib/code/extensions/ms-vscode.js-debug/src/extension.js
[2020-11-18 11:46:02.212] [exthost] [info] ExtensionService#_doActivateExtension auchenberg.vscode-browser-preview {"startup":false,"extensionId":{"value":"auchenberg.vscode-browser-preview","_lower":"auchenberg.vscode-browser-preview"},"activationEvent":"onDebug"}
[2020-11-18 11:46:02.213] [exthost] [info] ExtensionService#loadCommonJSModule file:///home/d3sk3r/.vscode-oss/extensions/auchenberg.vscode-browser-preview-0.6.7/build/ext-src/extension.js
[2020-11-18 11:46:03.202] [exthost] [info] ExtensionService#_doActivateExtension vscode.debug-auto-launch {"startup":true,"extensionId":{"value":"vscode.debug-auto-launch","_lower":"vscode.debug-auto-launch"},"activationEvent":"*"}
[2020-11-18 11:46:03.202] [exthost] [info] ExtensionService#loadCommonJSModule file:///usr/lib/code/extensions/debug-auto-launch/dist/extension
[2020-11-18 11:46:03.208] [exthost] [info] ExtensionService#_doActivateExtension vscode.emmet {"startup":true,"extensionId":{"value":"vscode.emmet","_lower":"vscode.emmet"},"activationEvent":"*"}
[2020-11-18 11:46:03.208] [exthost] [info] ExtensionService#loadCommonJSModule file:///usr/lib/code/extensions/emmet/dist/node/emmetNodeMain
[2020-11-18 11:46:03.267] [exthost] [info] ExtensionService#_doActivateExtension vscode.git {"startup":true,"extensionId":{"value":"vscode.github","_lower":"vscode.github"},"activationEvent":"*"}
[2020-11-18 11:46:03.267] [exthost] [info] ExtensionService#loadCommonJSModule file:///usr/lib/code/extensions/git/dist/main
[2020-11-18 11:46:03.415] [exthost] [info] ExtensionService#_doActivateExtension vscode.merge-conflict {"startup":true,"extensionId":{"value":"vscode.merge-conflict","_lower":"vscode.merge-conflict"},"activationEvent":"*"}
[2020-11-18 11:46:03.415] [exthost] [info] ExtensionService#loadCommonJSModule file:///usr/lib/code/extensions/merge-conflict/dist/mergeConflictMain
[2020-11-18 11:46:03.430] [exthost] [info] ExtensionService#_doActivateExtension vscode.search-result {"startup":true,"extensionId":{"value":"vscode.search-result","_lower":"vscode.search-result"},"activationEvent":"*"}
[2020-11-18 11:46:03.430] [exthost] [info] ExtensionService#loadCommonJSModule file:///usr/lib/code/extensions/search-result/dist/extension.js
[2020-11-18 11:46:03.434] [exthost] [info] ExtensionService#_doActivateExtension JackVandergriff.xresources-theme {"startup":true,"extensionId":{"value":"JackVandergriff.xresources-theme","_lower":"jackvandergriff.xresources-theme"},"activationEvent":"*"}
[2020-11-18 11:46:03.434] [exthost] [info] ExtensionService#loadCommonJSModule file:///home/d3sk3r/.vscode-oss/extensions/jackvandergriff.xresources-theme-1.0.1/out/extension.js
[2020-11-18 11:46:03.468] [exthost] [info] ExtensionService#_doActivateExtension ritwickdey.LiveServer {"startup":true,"extensionId":{"value":"ritwickdey.LiveServer","_lower":"ritwickdey.liveserver"},"activationEvent":"*"}
[2020-11-18 11:46:03.468] [exthost] [info] ExtensionService#loadCommonJSModule file:///home/d3sk3r/.vscode-oss/extensions/ritwickdey.liveserver-5.6.1/out/src/extension
[2020-11-18 11:46:12.277] [exthost] [info] ExtensionService#_doActivateExtension vscode.github {"startup":true,"extensionId":{"value":"vscode.github","_lower":"vscode.github"},"activationEvent":"*"}
[2020-11-18 11:46:12.277] [exthost] [info] ExtensionService#loadCommonJSModule file:///usr/lib/code/extensions/github/dist/extension.js
[2020-11-18 11:46:13.890] [exthost] [info] eager extensions activated
