[2022-06-20T02:10:11.363Z] Validating found git in: git
[2022-06-20T02:10:11.413Z] Using git 2.36.1 from git
[2022-06-20T02:10:11.462Z] > git rev-parse --show-toplevel [10ms]
[2022-06-20T02:10:11.510Z] > git rev-parse --git-dir --git-common-dir [4ms]
[2022-06-20T02:10:11.529Z] Open repository: /home/d3sk3r/newtab
[2022-06-20T02:10:11.599Z] > git status -z -uall [38ms]
[2022-06-20T02:10:11.624Z] > git symbolic-ref --short HEAD [13ms]
[2022-06-20T02:10:11.656Z] > git for-each-ref --format=%(refname)%00%(upstream:short)%00%(objectname)%00%(upstream:track)%00%(upstream:remotename)%00%(upstream:remoteref) refs/heads/master refs/remotes/master [4ms]
[2022-06-20T02:10:11.708Z] > git for-each-ref --sort -committerdate --format %(refname) %(objectname) %(*objectname) [24ms]
[2022-06-20T02:10:11.709Z] > git remote --verbose [4ms]
[2022-06-20T02:10:11.753Z] > git config --get commit.template [11ms]
[2022-06-20T02:10:14.751Z] > git check-ignore -v -z --stdin [8ms]
[2022-06-20T02:10:22.937Z] > git status -z -uall [41ms]
[2022-06-20T02:10:22.964Z] > git symbolic-ref --short HEAD [7ms]
[2022-06-20T02:10:22.997Z] > git for-each-ref --format=%(refname)%00%(upstream:short)%00%(objectname)%00%(upstream:track)%00%(upstream:remotename)%00%(upstream:remoteref) refs/heads/master refs/remotes/master [7ms]
[2022-06-20T02:10:23.038Z] > git for-each-ref --sort -committerdate --format %(refname) %(objectname) %(*objectname) [28ms]
[2022-06-20T02:10:23.040Z] > git remote --verbose [6ms]
[2022-06-20T02:10:23.103Z] > git config --get commit.template [13ms]
[2022-06-20T02:10:26.120Z] > git show --textconv :test.js [15ms]
[2022-06-20T02:10:26.126Z] > git ls-files --stage -- /home/d3sk3r/newtab/test.js [8ms]
[2022-06-20T02:10:36.815Z] > git show --textconv :test.js [22ms]
[2022-06-20T02:10:36.816Z] > git ls-files --stage -- /home/d3sk3r/newtab/test.js [6ms]
[2022-06-20T02:13:21.836Z] > git show --textconv :test.js [20ms]
[2022-06-20T02:13:21.837Z] > git ls-files --stage -- /home/d3sk3r/newtab/test.js [2ms]
[2022-06-20T02:14:08.102Z] > git show --textconv :test.js [8ms]
[2022-06-20T02:14:08.105Z] > git ls-files --stage -- /home/d3sk3r/newtab/test.js [5ms]
[2022-06-20T02:14:26.700Z] > git show --textconv :test.js [21ms]
[2022-06-20T02:14:26.714Z] > git ls-files --stage -- /home/d3sk3r/newtab/test.js [17ms]
